<?xml version="1.0" encoding="UTF-8"?>
<!-- Generated by org.testng.reporters.JUnitReportReporter -->
<testsuite skipped="35" hostname="gustavo-184" name="br.com.projedata.arcturus.teste.testes.TesteParc115" tests="44" failures="0" timestamp="21 nov 2018 16:26:07 GMT" time="21.695" errors="1">
  <testcase name="editarIncidente" time="0.000" classname="br.com.projedata.arcturus.teste.testes.TesteParc115">
    <skipped/>
  </testcase> <!-- editarIncidente -->
  <testcase name="adicionarRepasseParaOutroUsuario" time="0.000" classname="br.com.projedata.arcturus.teste.testes.TesteParc115">
    <skipped/>
  </testcase> <!-- adicionarRepasseParaOutroUsuario -->
  <testcase name="abrirParc115" time="6.548" classname="br.com.projedata.arcturus.teste.testes.TesteParc115"/>
  <testcase name="testarNaoPermitirRepassarAtualizacaoFinalizada" time="0.000" classname="br.com.projedata.arcturus.teste.testes.TesteParc115">
    <skipped/>
  </testcase> <!-- testarNaoPermitirRepassarAtualizacaoFinalizada -->
  <testcase name="resgatarAtualizacao" time="0.000" classname="br.com.projedata.arcturus.teste.testes.TesteParc115">
    <skipped/>
  </testcase> <!-- resgatarAtualizacao -->
  <testcase name="inserirModificacaoPorRotina" time="0.000" classname="br.com.projedata.arcturus.teste.testes.TesteParc115">
    <skipped/>
  </testcase> <!-- inserirModificacaoPorRotina -->
  <testcase name="alterarStatusCasoTeste" time="0.000" classname="br.com.projedata.arcturus.teste.testes.TesteParc115">
    <skipped/>
  </testcase> <!-- alterarStatusCasoTeste -->
  <testcase name="adicionarObjetoNegocioNaAtualizacaoQueJaEstejaEmOutraAtualizacao" time="0.000" classname="br.com.projedata.arcturus.teste.testes.TesteParc115">
    <skipped/>
  </testcase> <!-- adicionarObjetoNegocioNaAtualizacaoQueJaEstejaEmOutraAtualizacao -->
  <testcase name="excluirTarefa" time="0.995" classname="br.com.projedata.arcturus.teste.testes.TesteParc115"/>
  <testcase name="carregarCenariosDeTeste" time="0.000" classname="br.com.projedata.arcturus.teste.testes.TesteParc115">
    <skipped/>
  </testcase> <!-- carregarCenariosDeTeste -->
  <testcase name="inserirDescricaoParaUsuarios" time="2.569" classname="br.com.projedata.arcturus.teste.testes.TesteParc115"/>
  <testcase name="gerarBinarioAtualizacao" time="0.000" classname="br.com.projedata.arcturus.teste.testes.TesteParc115">
    <skipped/>
  </testcase> <!-- gerarBinarioAtualizacao -->
  <testcase name="testarRepassarAtualizacaoSemPermissao" time="0.000" classname="br.com.projedata.arcturus.teste.testes.TesteParc115">
    <skipped/>
  </testcase> <!-- testarRepassarAtualizacaoSemPermissao -->
  <testcase name="EditarObjetoDeBancoDeDadosNaAtualizacao" time="0.000" classname="br.com.projedata.arcturus.teste.testes.TesteParc115">
    <skipped/>
  </testcase> <!-- EditarObjetoDeBancoDeDadosNaAtualizacao -->
  <testcase name="cadastrarSuiteTeste" time="0.000" classname="br.com.projedata.arcturus.teste.testes.TesteParc115">
    <skipped/>
  </testcase> <!-- cadastrarSuiteTeste -->
  <testcase name="verificarSeNaoPermiteAlterarCamposDaAtualizacao" time="1.385" classname="br.com.projedata.arcturus.teste.testes.TesteParc115"/>
  <testcase name="inserirModificacaoCadastroFilha" time="0.000" classname="br.com.projedata.arcturus.teste.testes.TesteParc115">
    <skipped/>
  </testcase> <!-- inserirModificacaoCadastroFilha -->
  <testcase name="inserirTarefa" time="3.405" classname="br.com.projedata.arcturus.teste.testes.TesteParc115"/>
  <testcase name="testarAlterarAtualizacaoSemPermissao" time="0.000" classname="br.com.projedata.arcturus.teste.testes.TesteParc115">
    <skipped/>
  </testcase> <!-- testarAlterarAtualizacaoSemPermissao -->
  <testcase name="adicionarAnexoNoRepasse" time="0.000" classname="br.com.projedata.arcturus.teste.testes.TesteParc115">
    <skipped/>
  </testcase> <!-- adicionarAnexoNoRepasse -->
  <testcase name="inserirRepasseInicial" time="0.514" classname="br.com.projedata.arcturus.teste.testes.TesteParc115"/>
  <testcase name="adicionarObjetoNegocioNaAtualizacao" time="0.000" classname="br.com.projedata.arcturus.teste.testes.TesteParc115">
    <skipped/>
  </testcase> <!-- adicionarObjetoNegocioNaAtualizacao -->
  <testcase name="ordenarModificacoesAbaTodos" time="0.000" classname="br.com.projedata.arcturus.teste.testes.TesteParc115">
    <skipped/>
  </testcase> <!-- ordenarModificacoesAbaTodos -->
  <testcase name="excluirModificaoesDaAtualizacao" time="0.000" classname="br.com.projedata.arcturus.teste.testes.TesteParc115">
    <skipped/>
  </testcase> <!-- excluirModificaoesDaAtualizacao -->
  <testcase name="inserirDependencia" time="2.326" classname="br.com.projedata.arcturus.teste.testes.TesteParc115"/>
  <testcase name="cadastrarCasosTestes" time="0.000" classname="br.com.projedata.arcturus.teste.testes.TesteParc115">
    <skipped/>
  </testcase> <!-- cadastrarCasosTestes -->
  <testcase name="desvincularCorrecaoNaAtualizacao" time="0.000" classname="br.com.projedata.arcturus.teste.testes.TesteParc115">
    <skipped/>
  </testcase> <!-- desvincularCorrecaoNaAtualizacao -->
  <testcase name="vincularClientesNaAtualizacao" time="0.000" classname="br.com.projedata.arcturus.teste.testes.TesteParc115">
    <skipped/>
  </testcase> <!-- vincularClientesNaAtualizacao -->
  <testcase name="vincularCorrecaoNaAtualizacao" time="0.000" classname="br.com.projedata.arcturus.teste.testes.TesteParc115">
    <skipped/>
  </testcase> <!-- vincularCorrecaoNaAtualizacao -->
  <testcase name="selecionarMotivoNegadoIncidente" time="0.000" classname="br.com.projedata.arcturus.teste.testes.TesteParc115">
    <skipped/>
  </testcase> <!-- selecionarMotivoNegadoIncidente -->
  <testcase name="testarInformarNovaOS" time="0.000" classname="br.com.projedata.arcturus.teste.testes.TesteParc115">
    <skipped/>
  </testcase> <!-- testarInformarNovaOS -->
  <testcase name="cadastrarCenariosTestes" time="0.000" classname="br.com.projedata.arcturus.teste.testes.TesteParc115">
    <skipped/>
  </testcase> <!-- cadastrarCenariosTestes -->
  <testcase name="adicionarObjetoDeBancoDeDadosNaAtualizacao" time="0.000" classname="br.com.projedata.arcturus.teste.testes.TesteParc115">
    <skipped/>
  </testcase> <!-- adicionarObjetoDeBancoDeDadosNaAtualizacao -->
  <testcase name="excluirCasoTeste" time="0.000" classname="br.com.projedata.arcturus.teste.testes.TesteParc115">
    <skipped/>
  </testcase> <!-- excluirCasoTeste -->
  <testcase name="alterarTipoTesteParaAutomatizado" time="0.000" classname="br.com.projedata.arcturus.teste.testes.TesteParc115">
    <skipped/>
  </testcase> <!-- alterarTipoTesteParaAutomatizado -->
  <testcase name="inserirAtualizacao" time="3.169" classname="br.com.projedata.arcturus.teste.testes.TesteParc115"/>
  <testcase name="listarTestesAutomatizados" time="0.000" classname="br.com.projedata.arcturus.teste.testes.TesteParc115">
    <skipped/>
  </testcase> <!-- listarTestesAutomatizados -->
  <testcase name="inserirComandoDeBanco" time="0.000" classname="br.com.projedata.arcturus.teste.testes.TesteParc115">
    <skipped/>
  </testcase> <!-- inserirComandoDeBanco -->
  <testcase name="inserirIncidente" time="0.784" classname="br.com.projedata.arcturus.teste.testes.TesteParc115">
    <error type="org.openqa.selenium.UnhandledAlertException" message="unexpected alert open: {Alert text : }
  (Session info: chrome=66.0.3359.139)
  (Driver info: chromedriver=2.38.552522 (437e6fbedfa8762dec75e2c5b3ddb86763dc9dcb),platform=Linux 4.15.0-39-generic x86_64) (WARNING: The server did not provide any stacktrace information)
Command duration or timeout: 0 milliseconds: null
Build info: version: &#039;3.14.0&#039;, revision: &#039;aacccce0&#039;, time: &#039;2018-08-02T20:19:58.91Z&#039;
System info: host: &#039;gustavo-184&#039;, ip: &#039;127.0.1.1&#039;, os.name: &#039;Linux&#039;, os.arch: &#039;amd64&#039;, os.version: &#039;4.15.0-39-generic&#039;, java.version: &#039;1.8.0_172&#039;
Driver info: org.openqa.selenium.chrome.ChromeDriver
Capabilities {acceptInsecureCerts: false, acceptSslCerts: false, applicationCacheEnabled: false, browserConnectionEnabled: false, browserName: chrome, chrome: {chromedriverVersion: 2.38.552522 (437e6fbedfa876..., userDataDir: /tmp/.org.chromium.Chromium...}, cssSelectorsEnabled: true, databaseEnabled: false, handlesAlerts: true, hasTouchScreen: false, javascriptEnabled: true, locationContextEnabled: true, mobileEmulationEnabled: false, nativeEvents: true, networkConnectionEnabled: false, pageLoadStrategy: normal, platform: LINUX, platformName: LINUX, rotatable: false, setWindowRect: true, takesHeapSnapshot: true, takesScreenshot: true, unexpectedAlertBehaviour: , unhandledPromptBehavior: , version: 66.0.3359.139, webStorageEnabled: true}
Session ID: 056fe8f2f7b0df605acd505f1c7d4f49
*** Element info: {Using=xpath, value=//div[@class=&#039;janela-modal-componente&#039;]}">
      <![CDATA[org.openqa.selenium.UnhandledAlertException: unexpected alert open: {Alert text : }
  (Session info: chrome=66.0.3359.139)
  (Driver info: chromedriver=2.38.552522 (437e6fbedfa8762dec75e2c5b3ddb86763dc9dcb),platform=Linux 4.15.0-39-generic x86_64) (WARNING: The server did not provide any stacktrace information)
Command duration or timeout: 0 milliseconds: null
Build info: version: '3.14.0', revision: 'aacccce0', time: '2018-08-02T20:19:58.91Z'
System info: host: 'gustavo-184', ip: '127.0.1.1', os.name: 'Linux', os.arch: 'amd64', os.version: '4.15.0-39-generic', java.version: '1.8.0_172'
Driver info: org.openqa.selenium.chrome.ChromeDriver
Capabilities {acceptInsecureCerts: false, acceptSslCerts: false, applicationCacheEnabled: false, browserConnectionEnabled: false, browserName: chrome, chrome: {chromedriverVersion: 2.38.552522 (437e6fbedfa876..., userDataDir: /tmp/.org.chromium.Chromium...}, cssSelectorsEnabled: true, databaseEnabled: false, handlesAlerts: true, hasTouchScreen: false, javascriptEnabled: true, locationContextEnabled: true, mobileEmulationEnabled: false, nativeEvents: true, networkConnectionEnabled: false, pageLoadStrategy: normal, platform: LINUX, platformName: LINUX, rotatable: false, setWindowRect: true, takesHeapSnapshot: true, takesScreenshot: true, unexpectedAlertBehaviour: , unhandledPromptBehavior: , version: 66.0.3359.139, webStorageEnabled: true}
Session ID: 056fe8f2f7b0df605acd505f1c7d4f49
*** Element info: {Using=xpath, value=//div[@class='janela-modal-componente']}
at sun.reflect.NativeConstructorAccessorImpl.newInstance0(Native Method)
at sun.reflect.NativeConstructorAccessorImpl.newInstance(NativeConstructorAccessorImpl.java:62)
at sun.reflect.DelegatingConstructorAccessorImpl.newInstance(DelegatingConstructorAccessorImpl.java:45)
at java.lang.reflect.Constructor.newInstance(Constructor.java:423)
at org.openqa.selenium.remote.ErrorHandler.createThrowable(ErrorHandler.java:214)
at org.openqa.selenium.remote.ErrorHandler.throwIfResponseFailed(ErrorHandler.java:172)
at org.openqa.selenium.remote.http.JsonHttpResponseCodec.reconstructValue(JsonHttpResponseCodec.java:40)
at org.openqa.selenium.remote.http.AbstractHttpResponseCodec.decode(AbstractHttpResponseCodec.java:80)
at org.openqa.selenium.remote.http.AbstractHttpResponseCodec.decode(AbstractHttpResponseCodec.java:44)
at org.openqa.selenium.remote.HttpCommandExecutor.execute(HttpCommandExecutor.java:158)
at org.openqa.selenium.remote.service.DriverCommandExecutor.execute(DriverCommandExecutor.java:83)
at org.openqa.selenium.remote.RemoteWebDriver.execute(RemoteWebDriver.java:548)
at org.openqa.selenium.remote.RemoteWebDriver.findElement(RemoteWebDriver.java:322)
at org.openqa.selenium.remote.RemoteWebDriver.findElementByXPath(RemoteWebDriver.java:424)
at org.openqa.selenium.By$ByXPath.findElement(By.java:353)
at org.openqa.selenium.remote.RemoteWebDriver.findElement(RemoteWebDriver.java:314)
at br.com.projedata.teste.util.recursos.Acao.janelaAtualFocada(Acao.java:459)
at br.com.projedata.teste.util.recursos.Acao.localizarComponente(Acao.java:437)
at br.com.projedata.teste.util.recursos.Acao.escreverNoElemento(Acao.java:55)
at br.com.projedata.arcturus.teste.testes.TesteParc115.inserirIncidente(TesteParc115.java:130)
at sun.reflect.NativeMethodAccessorImpl.invoke0(Native Method)
at sun.reflect.NativeMethodAccessorImpl.invoke(NativeMethodAccessorImpl.java:62)
at sun.reflect.DelegatingMethodAccessorImpl.invoke(DelegatingMethodAccessorImpl.java:43)
at java.lang.reflect.Method.invoke(Method.java:498)
at org.testng.internal.MethodInvocationHelper.invokeMethod(MethodInvocationHelper.java:124)
at org.testng.internal.Invoker.invokeMethod(Invoker.java:583)
at org.testng.internal.Invoker.invokeTestMethod(Invoker.java:719)
at org.testng.internal.Invoker.invokeTestMethods(Invoker.java:989)
at org.testng.internal.TestMethodWorker.invokeTestMethods(TestMethodWorker.java:125)
at org.testng.internal.TestMethodWorker.run(TestMethodWorker.java:109)
at org.testng.TestRunner.privateRun(TestRunner.java:648)
at org.testng.TestRunner.run(TestRunner.java:505)
at org.testng.SuiteRunner.runTest(SuiteRunner.java:455)
at org.testng.SuiteRunner.access$000(SuiteRunner.java:40)
at org.testng.SuiteRunner$SuiteWorker.run(SuiteRunner.java:489)
at org.testng.internal.thread.ThreadUtil$1.call(ThreadUtil.java:52)
at java.util.concurrent.FutureTask.run(FutureTask.java:266)
at java.util.concurrent.ThreadPoolExecutor.runWorker(ThreadPoolExecutor.java:1149)
at java.util.concurrent.ThreadPoolExecutor$Worker.run(ThreadPoolExecutor.java:624)
at java.lang.Thread.run(Thread.java:748)
]]>
    </error>
  </testcase> <!-- inserirIncidente -->
  <testcase name="adicionarRepasseFilaUnicaAtualizacao" time="0.000" classname="br.com.projedata.arcturus.teste.testes.TesteParc115">
    <skipped/>
  </testcase> <!-- adicionarRepasseFilaUnicaAtualizacao -->
  <testcase name="adicionarRotinaNaAtualizacao" time="0.000" classname="br.com.projedata.arcturus.teste.testes.TesteParc115">
    <skipped/>
  </testcase> <!-- adicionarRotinaNaAtualizacao -->
  <testcase name="adicionarRotinaNaAtualizacaoQueJaEstejaEmOutraAtualizacao" time="0.000" classname="br.com.projedata.arcturus.teste.testes.TesteParc115">
    <skipped/>
  </testcase> <!-- adicionarRotinaNaAtualizacaoQueJaEstejaEmOutraAtualizacao -->
  <testcase name="inserirModificacaoCadastroPai" time="0.000" classname="br.com.projedata.arcturus.teste.testes.TesteParc115">
    <skipped/>
  </testcase> <!-- inserirModificacaoCadastroPai -->
  <testcase name="cancelarAtualizacao" time="0.000" classname="br.com.projedata.arcturus.teste.testes.TesteParc115">
    <skipped/>
  </testcase> <!-- cancelarAtualizacao -->
</testsuite> <!-- br.com.projedata.arcturus.teste.testes.TesteParc115 -->
