<?xml version="1.0" encoding="UTF-8"?>
<!-- Generated by org.testng.reporters.JUnitReportReporter -->
<testsuite skipped="3" hostname="gustavo-184" name="br.com.projedata.arcturus.teste.testes.TesteParc002" tests="5" failures="0" timestamp="21 nov 2018 16:26:07 GMT" time="17.956" errors="1">
  <testcase name="abrirParc002" time="6.358" classname="br.com.projedata.arcturus.teste.testes.TesteParc002"/>
  <testcase name="inserirRotina" time="0.000" classname="br.com.projedata.arcturus.teste.testes.TesteParc002">
    <skipped/>
  </testcase> <!-- inserirRotina -->
  <testcase name="vincularMenu" time="0.000" classname="br.com.projedata.arcturus.teste.testes.TesteParc002">
    <skipped/>
  </testcase> <!-- vincularMenu -->
  <testcase name="inserirMenu" time="11.598" classname="br.com.projedata.arcturus.teste.testes.TesteParc002">
    <error type="org.openqa.selenium.TimeoutException" message="Expected condition failed: waiting for br.com.projedata.teste.util.recursos.Espera$8@4d9fdd0e (tried for 10 second(s) with 100 milliseconds interval)
Build info: version: &#039;3.14.0&#039;, revision: &#039;aacccce0&#039;, time: &#039;2018-08-02T20:19:58.91Z&#039;
System info: host: &#039;gustavo-184&#039;, ip: &#039;127.0.1.1&#039;, os.name: &#039;Linux&#039;, os.arch: &#039;amd64&#039;, os.version: &#039;4.15.0-39-generic&#039;, java.version: &#039;1.8.0_172&#039;
Driver info: driver.version: unknown">
      <![CDATA[org.openqa.selenium.TimeoutException: Expected condition failed: waiting for br.com.projedata.teste.util.recursos.Espera$8@4d9fdd0e (tried for 10 second(s) with 100 milliseconds interval)
Build info: version: '3.14.0', revision: 'aacccce0', time: '2018-08-02T20:19:58.91Z'
System info: host: 'gustavo-184', ip: '127.0.1.1', os.name: 'Linux', os.arch: 'amd64', os.version: '4.15.0-39-generic', java.version: '1.8.0_172'
Driver info: driver.version: unknown
at org.openqa.selenium.support.ui.FluentWait.timeoutException(FluentWait.java:315)
at org.openqa.selenium.support.ui.FluentWait.until(FluentWait.java:283)
at br.com.projedata.teste.util.recursos.Espera.aguardarElementoEstarVisivel(Espera.java:229)
at br.com.projedata.teste.util.recursos.Espera.aguardarElementoEstarVisivel(Espera.java:218)
at br.com.projedata.teste.util.recursos.Rotina.salvarEAguardarMensagemRegistrosAlterados(Rotina.java:501)
at br.com.projedata.arcturus.teste.testes.TesteParc002.inserirMenu(TesteParc002.java:44)
at sun.reflect.NativeMethodAccessorImpl.invoke0(Native Method)
at sun.reflect.NativeMethodAccessorImpl.invoke(NativeMethodAccessorImpl.java:62)
at sun.reflect.DelegatingMethodAccessorImpl.invoke(DelegatingMethodAccessorImpl.java:43)
at java.lang.reflect.Method.invoke(Method.java:498)
at org.testng.internal.MethodInvocationHelper.invokeMethod(MethodInvocationHelper.java:124)
at org.testng.internal.Invoker.invokeMethod(Invoker.java:583)
at org.testng.internal.Invoker.invokeTestMethod(Invoker.java:719)
at org.testng.internal.Invoker.invokeTestMethods(Invoker.java:989)
at org.testng.internal.TestMethodWorker.invokeTestMethods(TestMethodWorker.java:125)
at org.testng.internal.TestMethodWorker.run(TestMethodWorker.java:109)
at org.testng.TestRunner.privateRun(TestRunner.java:648)
at org.testng.TestRunner.run(TestRunner.java:505)
at org.testng.SuiteRunner.runTest(SuiteRunner.java:455)
at org.testng.SuiteRunner.access$000(SuiteRunner.java:40)
at org.testng.SuiteRunner$SuiteWorker.run(SuiteRunner.java:489)
at org.testng.internal.thread.ThreadUtil$1.call(ThreadUtil.java:52)
at java.util.concurrent.FutureTask.run(FutureTask.java:266)
at java.util.concurrent.ThreadPoolExecutor.runWorker(ThreadPoolExecutor.java:1149)
at java.util.concurrent.ThreadPoolExecutor$Worker.run(ThreadPoolExecutor.java:624)
at java.lang.Thread.run(Thread.java:748)
]]>
    </error>
  </testcase> <!-- inserirMenu -->
  <testcase name="excluirRotina" time="0.000" classname="br.com.projedata.arcturus.teste.testes.TesteParc002">
    <skipped/>
  </testcase> <!-- excluirRotina -->
</testsuite> <!-- br.com.projedata.arcturus.teste.testes.TesteParc002 -->
