<?xml version="1.0" encoding="UTF-8"?>
<!-- Generated by org.testng.reporters.JUnitReportReporter -->
<testsuite name="br.com.projedata.arcturus.teste.testes.TesteConstrutorTelas" tests="62" time="191.370" ignored="0" failures="0" timestamp="28 nov 2018 16:01:24 GMT" skipped="37" hostname="gustavo-184" errors="1">
  <testcase name="naoExibirBotaoDaLov" time="4.064" classname="br.com.projedata.arcturus.teste.testes.TesteConstrutorTelas"/>
  <testcase name="testarCampoInvalido" time="0.000" classname="br.com.projedata.arcturus.teste.testes.TesteConstrutorTelas">
    <skipped/>
  </testcase> <!-- testarCampoInvalido -->
  <testcase name="excluirEvento" time="0.000" classname="br.com.projedata.arcturus.teste.testes.TesteConstrutorTelas">
    <skipped/>
  </testcase> <!-- excluirEvento -->
  <testcase name="testarExcecaoGatilhoAposAlterarRegistro" time="15.006" classname="br.com.projedata.arcturus.teste.testes.TesteConstrutorTelas"/>
  <testcase name="testarEventoProcessarListaAbrirRotina" time="0.000" classname="br.com.projedata.arcturus.teste.testes.TesteConstrutorTelas">
    <skipped/>
  </testcase> <!-- testarEventoProcessarListaAbrirRotina -->
  <testcase name="verificarCaixaDaFonte" time="0.000" classname="br.com.projedata.arcturus.teste.testes.TesteConstrutorTelas">
    <skipped/>
  </testcase> <!-- verificarCaixaDaFonte -->
  <testcase name="testarFuncionamentoDaPropriedadeVisivel" time="0.000" classname="br.com.projedata.arcturus.teste.testes.TesteConstrutorTelas">
    <skipped/>
  </testcase> <!-- testarFuncionamentoDaPropriedadeVisivel -->
  <testcase name="verificarSeEtiquetaDoBotaoEstaDesabilitada" time="0.090" classname="br.com.projedata.arcturus.teste.testes.TesteConstrutorTelas"/>
  <testcase name="alterarLabelDaAbaParaNegrito" time="0.000" classname="br.com.projedata.arcturus.teste.testes.TesteConstrutorTelas">
    <skipped/>
  </testcase> <!-- alterarLabelDaAbaParaNegrito -->
  <testcase name="metodoAlterarBlocoNaoPermiteCrud" time="0.000" classname="br.com.projedata.arcturus.teste.testes.TesteConstrutorTelas">
    <skipped/>
  </testcase> <!-- metodoAlterarBlocoNaoPermiteCrud -->
  <testcase name="alterarComponenteEmTempoDeExecucaoOpcaoSimNavegavel" time="0.000" classname="br.com.projedata.arcturus.teste.testes.TesteConstrutorTelas">
    <skipped/>
  </testcase> <!-- alterarComponenteEmTempoDeExecucaoOpcaoSimNavegavel -->
  <testcase name="fecharCalendarioPeloBotaoAposSelecionarData" time="0.000" classname="br.com.projedata.arcturus.teste.testes.TesteConstrutorTelas">
    <skipped/>
  </testcase> <!-- fecharCalendarioPeloBotaoAposSelecionarData -->
  <testcase name="excluirBlocoIsolado" time="24.867" classname="br.com.projedata.arcturus.teste.testes.TesteConstrutorTelas"/>
  <testcase name="testarMetodoSalvarSemMensagem" time="5.354" classname="br.com.projedata.arcturus.teste.testes.TesteConstrutorTelas"/>
  <testcase name="checkBoxNaoPermiteMarcar" time="0.128" classname="br.com.projedata.arcturus.teste.testes.TesteConstrutorTelas"/>
  <testcase name="alterarMascaraDoCampoViaComando" time="6.614" classname="br.com.projedata.arcturus.teste.testes.TesteConstrutorTelas"/>
  <testcase name="teclarCtrlR" time="1.187" classname="br.com.projedata.arcturus.teste.testes.TesteConstrutorTelas"/>
  <testcase name="excluirItemQuePossuaImagemRelacionada" time="0.000" classname="br.com.projedata.arcturus.teste.testes.TesteConstrutorTelas">
    <skipped/>
  </testcase> <!-- excluirItemQuePossuaImagemRelacionada -->
  <testcase name="verificarPresencaScrollBar" time="0.183" classname="br.com.projedata.arcturus.teste.testes.TesteConstrutorTelas"/>
  <testcase name="checkBoxPermiteAlterarEmModoConsulta" time="6.289" classname="br.com.projedata.arcturus.teste.testes.TesteConstrutorTelas"/>
  <testcase name="testarFocoAposReordenarBloco" time="0.000" classname="br.com.projedata.arcturus.teste.testes.TesteConstrutorTelas">
    <skipped/>
  </testcase> <!-- testarFocoAposReordenarBloco -->
  <testcase name="testarEventoNohSegundoNivel" time="0.000" classname="br.com.projedata.arcturus.teste.testes.TesteConstrutorTelas">
    <skipped/>
  </testcase> <!-- testarEventoNohSegundoNivel -->
  <testcase name="verificarComponenteCalendarioEmAba" time="0.000" classname="br.com.projedata.arcturus.teste.testes.TesteConstrutorTelas">
    <skipped/>
  </testcase> <!-- verificarComponenteCalendarioEmAba -->
  <testcase name="testarMetodoSalvarComMensagem" time="20.578" classname="br.com.projedata.arcturus.teste.testes.TesteConstrutorTelas">
    <error type="org.openqa.selenium.TimeoutException" message="Expected condition failed: waiting for element to no longer be visible: By.xpath: //div[@class=&#039;processando-rotina&#039;] (tried for 15 second(s) with 500 milliseconds interval)
Build info: version: &#039;3.14.0&#039;, revision: &#039;aacccce0&#039;, time: &#039;2018-08-02T20:19:58.91Z&#039;
System info: host: &#039;gustavo-184&#039;, ip: &#039;127.0.1.1&#039;, os.name: &#039;Linux&#039;, os.arch: &#039;amd64&#039;, os.version: &#039;4.15.0-39-generic&#039;, java.version: &#039;1.8.0_172&#039;
Driver info: org.openqa.selenium.chrome.ChromeDriver
Capabilities {acceptInsecureCerts: false, acceptSslCerts: false, applicationCacheEnabled: false, browserConnectionEnabled: false, browserName: chrome, chrome: {chromedriverVersion: 2.38.552522 (437e6fbedfa876..., userDataDir: /tmp/.org.chromium.Chromium...}, cssSelectorsEnabled: true, databaseEnabled: false, handlesAlerts: true, hasTouchScreen: false, javascriptEnabled: true, locationContextEnabled: true, mobileEmulationEnabled: false, nativeEvents: true, networkConnectionEnabled: false, pageLoadStrategy: normal, platform: LINUX, platformName: LINUX, rotatable: false, setWindowRect: true, takesHeapSnapshot: true, takesScreenshot: true, unexpectedAlertBehaviour: , unhandledPromptBehavior: , version: 66.0.3359.139, webStorageEnabled: true}
Session ID: b3908d46774789b3bcea376683648088">
      <![CDATA[org.openqa.selenium.TimeoutException: Expected condition failed: waiting for element to no longer be visible: By.xpath: //div[@class='processando-rotina'] (tried for 15 second(s) with 500 milliseconds interval)
Build info: version: '3.14.0', revision: 'aacccce0', time: '2018-08-02T20:19:58.91Z'
System info: host: 'gustavo-184', ip: '127.0.1.1', os.name: 'Linux', os.arch: 'amd64', os.version: '4.15.0-39-generic', java.version: '1.8.0_172'
Driver info: org.openqa.selenium.chrome.ChromeDriver
Capabilities {acceptInsecureCerts: false, acceptSslCerts: false, applicationCacheEnabled: false, browserConnectionEnabled: false, browserName: chrome, chrome: {chromedriverVersion: 2.38.552522 (437e6fbedfa876..., userDataDir: /tmp/.org.chromium.Chromium...}, cssSelectorsEnabled: true, databaseEnabled: false, handlesAlerts: true, hasTouchScreen: false, javascriptEnabled: true, locationContextEnabled: true, mobileEmulationEnabled: false, nativeEvents: true, networkConnectionEnabled: false, pageLoadStrategy: normal, platform: LINUX, platformName: LINUX, rotatable: false, setWindowRect: true, takesHeapSnapshot: true, takesScreenshot: true, unexpectedAlertBehaviour: , unhandledPromptBehavior: , version: 66.0.3359.139, webStorageEnabled: true}
Session ID: b3908d46774789b3bcea376683648088
	at org.openqa.selenium.support.ui.WebDriverWait.timeoutException(WebDriverWait.java:113)
	at org.openqa.selenium.support.ui.FluentWait.until(FluentWait.java:283)
	at br.com.projedata.teste.util.recursos.Espera.aguardarElementoDesaparecer(Espera.java:161)
	at br.com.projedata.teste.util.recursos.Rotina.aguardarProcessarRotina(Rotina.java:142)
	at br.com.projedata.arcturus.teste.testes.TesteConstrutorTelas.testarMetodoSalvarComMensagem(TesteConstrutorTelas.java:511)
	at sun.reflect.NativeMethodAccessorImpl.invoke0(Native Method)
	at sun.reflect.NativeMethodAccessorImpl.invoke(NativeMethodAccessorImpl.java:62)
	at sun.reflect.DelegatingMethodAccessorImpl.invoke(DelegatingMethodAccessorImpl.java:43)
	at java.lang.reflect.Method.invoke(Method.java:498)
	at org.testng.internal.MethodInvocationHelper.invokeMethod(MethodInvocationHelper.java:104)
	at org.testng.internal.Invoker.invokeMethod(Invoker.java:645)
	at org.testng.internal.Invoker.invokeTestMethod(Invoker.java:851)
	at org.testng.internal.Invoker.invokeTestMethods(Invoker.java:1177)
	at org.testng.internal.TestMethodWorker.invokeTestMethods(TestMethodWorker.java:129)
	at org.testng.internal.TestMethodWorker.run(TestMethodWorker.java:112)
	at org.testng.TestRunner.privateRun(TestRunner.java:756)
	at org.testng.TestRunner.run(TestRunner.java:610)
	at org.testng.SuiteRunner.runTest(SuiteRunner.java:387)
	at org.testng.SuiteRunner.access$000(SuiteRunner.java:39)
	at org.testng.SuiteRunner$SuiteWorker.run(SuiteRunner.java:421)
	at org.testng.internal.thread.ThreadUtil$2.call(ThreadUtil.java:64)
	at java.util.concurrent.FutureTask.run(FutureTask.java:266)
	at java.util.concurrent.ThreadPoolExecutor.runWorker(ThreadPoolExecutor.java:1149)
	at java.util.concurrent.ThreadPoolExecutor$Worker.run(ThreadPoolExecutor.java:624)
	at java.lang.Thread.run(Thread.java:748)
]]>
    </error>
  </testcase> <!-- testarMetodoSalvarComMensagem -->
  <testcase name="excluirBlocoCascata" time="26.256" classname="br.com.projedata.arcturus.teste.testes.TesteConstrutorTelas"/>
  <testcase name="testarEventoProcessarListaAbrirLista" time="0.000" classname="br.com.projedata.arcturus.teste.testes.TesteConstrutorTelas">
    <skipped/>
  </testcase> <!-- testarEventoProcessarListaAbrirLista -->
  <testcase name="alterarCssBotaoEmTempoDeExecucao" time="0.000" classname="br.com.projedata.arcturus.teste.testes.TesteConstrutorTelas">
    <skipped/>
  </testcase> <!-- alterarCssBotaoEmTempoDeExecucao -->
  <testcase name="mudancaDePosicaoERedimensionamentoBarraRolagem" time="0.000" classname="br.com.projedata.arcturus.teste.testes.TesteConstrutorTelas">
    <skipped/>
  </testcase> <!-- mudancaDePosicaoERedimensionamentoBarraRolagem -->
  <testcase name="calendarioMascaraHorario" time="0.000" classname="br.com.projedata.arcturus.teste.testes.TesteConstrutorTelas">
    <skipped/>
  </testcase> <!-- calendarioMascaraHorario -->
  <testcase name="verificarCorNoQuadro" time="0.000" classname="br.com.projedata.arcturus.teste.testes.TesteConstrutorTelas">
    <skipped/>
  </testcase> <!-- verificarCorNoQuadro -->
  <testcase name="verificarCheckboxDesabilitadoNaoPermiteSelecionar" time="0.000" classname="br.com.projedata.arcturus.teste.testes.TesteConstrutorTelas">
    <skipped/>
  </testcase> <!-- verificarCheckboxDesabilitadoNaoPermiteSelecionar -->
  <testcase name="abrirRotinaAoClicarNoSubNoh" time="0.000" classname="br.com.projedata.arcturus.teste.testes.TesteConstrutorTelas">
    <skipped/>
  </testcase> <!-- abrirRotinaAoClicarNoSubNoh -->
  <testcase name="naoFuncionarArvoreComRegistroInvalido" time="0.000" classname="br.com.projedata.arcturus.teste.testes.TesteConstrutorTelas">
    <skipped/>
  </testcase> <!-- naoFuncionarArvoreComRegistroInvalido -->
  <testcase name="testarAlterarListaDinamicamente" time="0.000" classname="br.com.projedata.arcturus.teste.testes.TesteConstrutorTelas">
    <skipped/>
  </testcase> <!-- testarAlterarListaDinamicamente -->
  <testcase name="exibirBotaoDaLov" time="1.738" classname="br.com.projedata.arcturus.teste.testes.TesteConstrutorTelas"/>
  <testcase name="abrirRascunhoNoConstrutor" time="14.936" classname="br.com.projedata.arcturus.teste.testes.TesteConstrutorTelas"/>
  <testcase name="testarAberturaDaLovAposInformarUmValorInvalido" time="7.894" classname="br.com.projedata.arcturus.teste.testes.TesteConstrutorTelas"/>
  <testcase name="testarPaginacaoFiltroLov" time="0.000" classname="br.com.projedata.arcturus.teste.testes.TesteConstrutorTelas">
    <skipped/>
  </testcase> <!-- testarPaginacaoFiltroLov -->
  <testcase name="trocarDeAbas" time="0.000" classname="br.com.projedata.arcturus.teste.testes.TesteConstrutorTelas">
    <skipped/>
  </testcase> <!-- trocarDeAbas -->
  <testcase name="verificarSeBackDropContinuaAtivo" time="0.000" classname="br.com.projedata.arcturus.teste.testes.TesteConstrutorTelas">
    <skipped/>
  </testcase> <!-- verificarSeBackDropContinuaAtivo -->
  <testcase name="testarAlinhamentoDaLov" time="6.939" classname="br.com.projedata.arcturus.teste.testes.TesteConstrutorTelas"/>
  <testcase name="metodoAlterarComponenteAtual" time="0.000" classname="br.com.projedata.arcturus.teste.testes.TesteConstrutorTelas">
    <skipped/>
  </testcase> <!-- metodoAlterarComponenteAtual -->
  <testcase name="alterarComponenteEmTempoDeExecucaoOpcaoNaoNavegavel" time="0.000" classname="br.com.projedata.arcturus.teste.testes.TesteConstrutorTelas">
    <skipped/>
  </testcase> <!-- alterarComponenteEmTempoDeExecucaoOpcaoNaoNavegavel -->
  <testcase name="abaMarcadaComoSelecionadaPorPadrao" time="0.000" classname="br.com.projedata.arcturus.teste.testes.TesteConstrutorTelas">
    <skipped/>
  </testcase> <!-- abaMarcadaComoSelecionadaPorPadrao -->
  <testcase name="verificarFuncionamentoEventoAposFecharJanela" time="0.000" classname="br.com.projedata.arcturus.teste.testes.TesteConstrutorTelas">
    <skipped/>
  </testcase> <!-- verificarFuncionamentoEventoAposFecharJanela -->
  <testcase name="verificaSeComponenteAbasEstaExibindo" time="0.000" classname="br.com.projedata.arcturus.teste.testes.TesteConstrutorTelas">
    <skipped/>
  </testcase> <!-- verificaSeComponenteAbasEstaExibindo -->
  <testcase name="checkBoxPermiteMarcar" time="0.096" classname="br.com.projedata.arcturus.teste.testes.TesteConstrutorTelas"/>
  <testcase name="testarEventoAbrirLovComParametro" time="0.000" classname="br.com.projedata.arcturus.teste.testes.TesteConstrutorTelas">
    <skipped/>
  </testcase> <!-- testarEventoAbrirLovComParametro -->
  <testcase name="metodoConsultaBloco" time="6.088" classname="br.com.projedata.arcturus.teste.testes.TesteConstrutorTelas"/>
  <testcase name="desmarcarCheckBox" time="13.298" classname="br.com.projedata.arcturus.teste.testes.TesteConstrutorTelas"/>
  <testcase name="testarEventoAbrirLovSemParametro" time="0.000" classname="br.com.projedata.arcturus.teste.testes.TesteConstrutorTelas">
    <skipped/>
  </testcase> <!-- testarEventoAbrirLovSemParametro -->
  <testcase name="testarNaoPermitirFecharJanelaComRegistroInvalido" time="3.706" classname="br.com.projedata.arcturus.teste.testes.TesteConstrutorTelas"/>
  <testcase name="abrirRotinaPteste015NoConstrutor" time="0.000" classname="br.com.projedata.arcturus.teste.testes.TesteConstrutorTelas">
    <skipped/>
  </testcase> <!-- abrirRotinaPteste015NoConstrutor -->
  <testcase name="testarMetodoIsItemValido" time="0.000" classname="br.com.projedata.arcturus.teste.testes.TesteConstrutorTelas">
    <skipped/>
  </testcase> <!-- testarMetodoIsItemValido -->
  <testcase name="testarFocoNoBlocoConformeOrdemNoConstrutor" time="0.109" classname="br.com.projedata.arcturus.teste.testes.TesteConstrutorTelas"/>
  <testcase name="checkBoxNaoPermiteAlterarEmModoInsercao" time="0.072" classname="br.com.projedata.arcturus.teste.testes.TesteConstrutorTelas"/>
  <testcase name="testarEventoNohPrimeiroNivel" time="0.000" classname="br.com.projedata.arcturus.teste.testes.TesteConstrutorTelas">
    <skipped/>
  </testcase> <!-- testarEventoNohPrimeiroNivel -->
  <testcase name="verificarMensagemDoBackEManterFocoNoRegistroAtual" time="1.353" classname="br.com.projedata.arcturus.teste.testes.TesteConstrutorTelas"/>
  <testcase name="abrirRotinaTeste" time="4.154" classname="br.com.projedata.arcturus.teste.testes.TesteConstrutorTelas"/>
  <testcase name="eventoQuandoSelecionarAba" time="0.000" classname="br.com.projedata.arcturus.teste.testes.TesteConstrutorTelas">
    <skipped/>
  </testcase> <!-- eventoQuandoSelecionarAba -->
  <testcase name="excluirBlocoNaoIsolado" time="20.371" classname="br.com.projedata.arcturus.teste.testes.TesteConstrutorTelas"/>
  <testcase name="mudancaDePosicaoDoComponenteDaTelaBotaoELabelJuntos" time="0.000" classname="br.com.projedata.arcturus.teste.testes.TesteConstrutorTelas">
    <skipped/>
  </testcase> <!-- mudancaDePosicaoDoComponenteDaTelaBotaoELabelJuntos -->
</testsuite> <!-- br.com.projedata.arcturus.teste.testes.TesteConstrutorTelas -->
