<?xml version="1.0" encoding="UTF-8"?>
<!-- Generated by org.testng.reporters.JUnitXMLReporter -->
<testsuite hostname="gustavo-184" ignored="2" name="ChromeTest2" tests="50" failures="3" timestamp="21 nov 2018 12:03:52 GMT" time="83.158" errors="0">
  <testcase name="abrirRotinaAoAcessarPortal" time="8.325" classname="br.com.projedata.arcturus.teste.testes.TestePortal"/>
  <testcase name="acessarSistema" time="4.6" classname="br.com.projedata.arcturus.teste.testes.TesteInternacionalizacao"/>
  <testcase name="enviarEmailRecuperarLogin" time="54.054" classname="br.com.projedata.arcturus.teste.testes.TesteSenhaDeAcesso">
    <failure type="org.openqa.selenium.WebDriverException" message="chrome not reachable
  (Session info: chrome=66.0.3359.139)
  (Driver info: chromedriver=2.38.552522 (437e6fbedfa8762dec75e2c5b3ddb86763dc9dcb),platform=Linux 4.15.0-39-generic x86_64) (WARNING: The server did not provide any stacktrace information)
Command duration or timeout: 0 milliseconds
Build info: version: &amp;apos;3.14.0&amp;apos;, revision: &amp;apos;aacccce0&amp;apos;, time: &amp;apos;2018-08-02T20:19:58.91Z&amp;apos;
System info: host: &amp;apos;gustavo-184&amp;apos;, ip: &amp;apos;127.0.1.1&amp;apos;, os.name: &amp;apos;Linux&amp;apos;, os.arch: &amp;apos;amd64&amp;apos;, os.version: &amp;apos;4.15.0-39-generic&amp;apos;, java.version: &amp;apos;1.8.0_172&amp;apos;
Driver info: org.openqa.selenium.chrome.ChromeDriver
Capabilities {acceptInsecureCerts: false, acceptSslCerts: false, applicationCacheEnabled: false, browserConnectionEnabled: false, browserName: chrome, chrome: {chromedriverVersion: 2.38.552522 (437e6fbedfa876..., userDataDir: /tmp/.org.chromium.Chromium...}, cssSelectorsEnabled: true, databaseEnabled: false, handlesAlerts: true, hasTouchScreen: false, javascriptEnabled: true, locationContextEnabled: true, mobileEmulationEnabled: false, nativeEvents: true, networkConnectionEnabled: false, pageLoadStrategy: normal, platform: LINUX, platformName: LINUX, rotatable: false, setWindowRect: true, takesHeapSnapshot: true, takesScreenshot: true, unexpectedAlertBehaviour: , unhandledPromptBehavior: , version: 66.0.3359.139, webStorageEnabled: true}
Session ID: 92726981205c256f61db639f9f62df00
*** Element info: {Using=id, value=inputLogin}">
      <![CDATA[org.openqa.selenium.WebDriverException: chrome not reachable
  (Session info: chrome=66.0.3359.139)
  (Driver info: chromedriver=2.38.552522 (437e6fbedfa8762dec75e2c5b3ddb86763dc9dcb),platform=Linux 4.15.0-39-generic x86_64) (WARNING: The server did not provide any stacktrace information)
Command duration or timeout: 0 milliseconds
Build info: version: '3.14.0', revision: 'aacccce0', time: '2018-08-02T20:19:58.91Z'
System info: host: 'gustavo-184', ip: '127.0.1.1', os.name: 'Linux', os.arch: 'amd64', os.version: '4.15.0-39-generic', java.version: '1.8.0_172'
Driver info: org.openqa.selenium.chrome.ChromeDriver
Capabilities {acceptInsecureCerts: false, acceptSslCerts: false, applicationCacheEnabled: false, browserConnectionEnabled: false, browserName: chrome, chrome: {chromedriverVersion: 2.38.552522 (437e6fbedfa876..., userDataDir: /tmp/.org.chromium.Chromium...}, cssSelectorsEnabled: true, databaseEnabled: false, handlesAlerts: true, hasTouchScreen: false, javascriptEnabled: true, locationContextEnabled: true, mobileEmulationEnabled: false, nativeEvents: true, networkConnectionEnabled: false, pageLoadStrategy: normal, platform: LINUX, platformName: LINUX, rotatable: false, setWindowRect: true, takesHeapSnapshot: true, takesScreenshot: true, unexpectedAlertBehaviour: , unhandledPromptBehavior: , version: 66.0.3359.139, webStorageEnabled: true}
Session ID: 92726981205c256f61db639f9f62df00
*** Element info: {Using=id, value=inputLogin}
	at org.openqa.selenium.remote.ErrorHandler.createThrowable(ErrorHandler.java:214)
	at org.openqa.selenium.remote.ErrorHandler.throwIfResponseFailed(ErrorHandler.java:166)
	at org.openqa.selenium.remote.http.JsonHttpResponseCodec.reconstructValue(JsonHttpResponseCodec.java:40)
	at org.openqa.selenium.remote.http.AbstractHttpResponseCodec.decode(AbstractHttpResponseCodec.java:80)
	at org.openqa.selenium.remote.http.AbstractHttpResponseCodec.decode(AbstractHttpResponseCodec.java:44)
	at org.openqa.selenium.remote.HttpCommandExecutor.execute(HttpCommandExecutor.java:158)
	at org.openqa.selenium.remote.service.DriverCommandExecutor.execute(DriverCommandExecutor.java:83)
	at org.openqa.selenium.remote.RemoteWebDriver.execute(RemoteWebDriver.java:548)
	at org.openqa.selenium.remote.RemoteWebDriver.findElements(RemoteWebDriver.java:349)
	at org.openqa.selenium.remote.RemoteWebDriver.findElementsById(RemoteWebDriver.java:372)
	at org.openqa.selenium.By$ById.findElements(By.java:180)
	at org.openqa.selenium.remote.RemoteWebDriver.findElements(RemoteWebDriver.java:310)
	at org.openqa.selenium.support.ui.ExpectedConditions.findElement(ExpectedConditions.java:895)
	at org.openqa.selenium.support.ui.ExpectedConditions.access$000(ExpectedConditions.java:44)
	at org.openqa.selenium.support.ui.ExpectedConditions$7.apply(ExpectedConditions.java:206)
	at org.openqa.selenium.support.ui.ExpectedConditions$7.apply(ExpectedConditions.java:202)
	at org.openqa.selenium.support.ui.FluentWait.until(FluentWait.java:260)
	at br.com.projedata.arcturus.teste.metodosgenericos.LoginMetodos.aguardarTelaLogin(LoginMetodos.java:121)
	at br.com.projedata.arcturus.teste.metodosgenericos.LoginMetodos.preencherCamposLogin(LoginMetodos.java:96)
	at br.com.projedata.arcturus.teste.metodosgenericos.LoginMetodos.logar(LoginMetodos.java:53)
	at br.com.projedata.arcturus.teste.metodosgenericos.LoginMetodos.logar(LoginMetodos.java:67)
	at br.com.projedata.arcturus.teste.metodosgenericos.LoginMetodos.logar(LoginMetodos.java:67)
	at br.com.projedata.arcturus.teste.testes.TesteSenhaDeAcesso.enviarEmailRecuperarLogin(TesteSenhaDeAcesso.java:45)
	at java.util.concurrent.ThreadPoolExecutor.runWorker(ThreadPoolExecutor.java:1149)
	at java.util.concurrent.ThreadPoolExecutor$Worker.run(ThreadPoolExecutor.java:624)
	at java.lang.Thread.run(Thread.java:748)
... Removed 14 stack frames]]>
    </failure>
  </testcase> <!-- enviarEmailRecuperarLogin -->
  <testcase name="excluirEventoAbrirRotina" time="2.934" classname="br.com.projedata.arcturus.teste.testes.TestePortal">
    <failure type="org.openqa.selenium.WebDriverException" message="chrome not reachable
  (Session info: chrome=66.0.3359.139)
  (Driver info: chromedriver=2.38.552522 (437e6fbedfa8762dec75e2c5b3ddb86763dc9dcb),platform=Linux 4.15.0-39-generic x86_64) (WARNING: The server did not provide any stacktrace information)
Command duration or timeout: 0 milliseconds
Build info: version: &amp;apos;3.14.0&amp;apos;, revision: &amp;apos;aacccce0&amp;apos;, time: &amp;apos;2018-08-02T20:19:58.91Z&amp;apos;
System info: host: &amp;apos;gustavo-184&amp;apos;, ip: &amp;apos;127.0.1.1&amp;apos;, os.name: &amp;apos;Linux&amp;apos;, os.arch: &amp;apos;amd64&amp;apos;, os.version: &amp;apos;4.15.0-39-generic&amp;apos;, java.version: &amp;apos;1.8.0_172&amp;apos;
Driver info: org.openqa.selenium.chrome.ChromeDriver
Capabilities {acceptInsecureCerts: false, acceptSslCerts: false, applicationCacheEnabled: false, browserConnectionEnabled: false, browserName: chrome, chrome: {chromedriverVersion: 2.38.552522 (437e6fbedfa876..., userDataDir: /tmp/.org.chromium.Chromium...}, cssSelectorsEnabled: true, databaseEnabled: false, handlesAlerts: true, hasTouchScreen: false, javascriptEnabled: true, locationContextEnabled: true, mobileEmulationEnabled: false, nativeEvents: true, networkConnectionEnabled: false, pageLoadStrategy: normal, platform: LINUX, platformName: LINUX, rotatable: false, setWindowRect: true, takesHeapSnapshot: true, takesScreenshot: true, unexpectedAlertBehaviour: , unhandledPromptBehavior: , version: 66.0.3359.139, webStorageEnabled: true}
Session ID: d7303ace5b96e47d0457a69e829b3899
*** Element info: {Using=xpath, value=//*[contains(text(),&amp;apos;registros alterados&amp;apos;)]}">
      <![CDATA[org.openqa.selenium.WebDriverException: chrome not reachable
  (Session info: chrome=66.0.3359.139)
  (Driver info: chromedriver=2.38.552522 (437e6fbedfa8762dec75e2c5b3ddb86763dc9dcb),platform=Linux 4.15.0-39-generic x86_64) (WARNING: The server did not provide any stacktrace information)
Command duration or timeout: 0 milliseconds
Build info: version: '3.14.0', revision: 'aacccce0', time: '2018-08-02T20:19:58.91Z'
System info: host: 'gustavo-184', ip: '127.0.1.1', os.name: 'Linux', os.arch: 'amd64', os.version: '4.15.0-39-generic', java.version: '1.8.0_172'
Driver info: org.openqa.selenium.chrome.ChromeDriver
Capabilities {acceptInsecureCerts: false, acceptSslCerts: false, applicationCacheEnabled: false, browserConnectionEnabled: false, browserName: chrome, chrome: {chromedriverVersion: 2.38.552522 (437e6fbedfa876..., userDataDir: /tmp/.org.chromium.Chromium...}, cssSelectorsEnabled: true, databaseEnabled: false, handlesAlerts: true, hasTouchScreen: false, javascriptEnabled: true, locationContextEnabled: true, mobileEmulationEnabled: false, nativeEvents: true, networkConnectionEnabled: false, pageLoadStrategy: normal, platform: LINUX, platformName: LINUX, rotatable: false, setWindowRect: true, takesHeapSnapshot: true, takesScreenshot: true, unexpectedAlertBehaviour: , unhandledPromptBehavior: , version: 66.0.3359.139, webStorageEnabled: true}
Session ID: d7303ace5b96e47d0457a69e829b3899
*** Element info: {Using=xpath, value=//*[contains(text(),'registros alterados')]}
	at org.openqa.selenium.remote.ErrorHandler.createThrowable(ErrorHandler.java:214)
	at org.openqa.selenium.remote.ErrorHandler.throwIfResponseFailed(ErrorHandler.java:166)
	at org.openqa.selenium.remote.http.JsonHttpResponseCodec.reconstructValue(JsonHttpResponseCodec.java:40)
	at org.openqa.selenium.remote.http.AbstractHttpResponseCodec.decode(AbstractHttpResponseCodec.java:80)
	at org.openqa.selenium.remote.http.AbstractHttpResponseCodec.decode(AbstractHttpResponseCodec.java:44)
	at org.openqa.selenium.remote.HttpCommandExecutor.execute(HttpCommandExecutor.java:158)
	at org.openqa.selenium.remote.service.DriverCommandExecutor.execute(DriverCommandExecutor.java:83)
	at org.openqa.selenium.remote.RemoteWebDriver.execute(RemoteWebDriver.java:548)
	at org.openqa.selenium.remote.RemoteWebDriver.findElements(RemoteWebDriver.java:349)
	at org.openqa.selenium.remote.RemoteWebDriver.findElementsByXPath(RemoteWebDriver.java:428)
	at org.openqa.selenium.By$ByXPath.findElements(By.java:348)
	at org.openqa.selenium.remote.RemoteWebDriver.findElements(RemoteWebDriver.java:310)
	at org.openqa.selenium.support.ui.ExpectedConditions.findElement(ExpectedConditions.java:895)
	at org.openqa.selenium.support.ui.ExpectedConditions.access$000(ExpectedConditions.java:44)
	at org.openqa.selenium.support.ui.ExpectedConditions$20.apply(ExpectedConditions.java:593)
	at org.openqa.selenium.support.ui.ExpectedConditions$20.apply(ExpectedConditions.java:589)
	at org.openqa.selenium.support.ui.FluentWait.until(FluentWait.java:260)
	at br.com.projedata.teste.util.recursos.Espera.aguardarElementoDesaparecer(Espera.java:161)
	at br.com.projedata.teste.util.recursos.Rotina.salvarEAguardarMensagemRegistrosAlterados(Rotina.java:503)
	at br.com.projedata.arcturus.teste.testes.TestePortal.excluirEventoAbrirRotina(TestePortal.java:135)
	at java.util.concurrent.ThreadPoolExecutor.runWorker(ThreadPoolExecutor.java:1149)
	at java.util.concurrent.ThreadPoolExecutor$Worker.run(ThreadPoolExecutor.java:624)
	at java.lang.Thread.run(Thread.java:748)
... Removed 14 stack frames]]>
    </failure>
  </testcase> <!-- excluirEventoAbrirRotina -->
  <testcase name="alterarIdiomaParaEspanhol" time="0.019" classname="br.com.projedata.arcturus.teste.testes.TesteInternacionalizacao">
    <failure type="org.openqa.selenium.WebDriverException" message="chrome not reachable
  (Session info: chrome=66.0.3359.139)
  (Driver info: chromedriver=2.38.552522 (437e6fbedfa8762dec75e2c5b3ddb86763dc9dcb),platform=Linux 4.15.0-39-generic x86_64) (WARNING: The server did not provide any stacktrace information)
Command duration or timeout: 0 milliseconds
Build info: version: &amp;apos;3.14.0&amp;apos;, revision: &amp;apos;aacccce0&amp;apos;, time: &amp;apos;2018-08-02T20:19:58.91Z&amp;apos;
System info: host: &amp;apos;gustavo-184&amp;apos;, ip: &amp;apos;127.0.1.1&amp;apos;, os.name: &amp;apos;Linux&amp;apos;, os.arch: &amp;apos;amd64&amp;apos;, os.version: &amp;apos;4.15.0-39-generic&amp;apos;, java.version: &amp;apos;1.8.0_172&amp;apos;
Driver info: org.openqa.selenium.chrome.ChromeDriver
Capabilities {acceptInsecureCerts: false, acceptSslCerts: false, applicationCacheEnabled: false, browserConnectionEnabled: false, browserName: chrome, chrome: {chromedriverVersion: 2.38.552522 (437e6fbedfa876..., userDataDir: /tmp/.org.chromium.Chromium...}, cssSelectorsEnabled: true, databaseEnabled: false, handlesAlerts: true, hasTouchScreen: false, javascriptEnabled: true, locationContextEnabled: true, mobileEmulationEnabled: false, nativeEvents: true, networkConnectionEnabled: false, pageLoadStrategy: normal, platform: LINUX, platformName: LINUX, rotatable: false, setWindowRect: true, takesHeapSnapshot: true, takesScreenshot: true, unexpectedAlertBehaviour: , unhandledPromptBehavior: , version: 66.0.3359.139, webStorageEnabled: true}
Session ID: cedef8a1e8f9b4e6ff03e88717e21d58
*** Element info: {Using=xpath, value=//div[@class=&amp;apos;loader&amp;apos;]}">
      <![CDATA[org.openqa.selenium.WebDriverException: chrome not reachable
  (Session info: chrome=66.0.3359.139)
  (Driver info: chromedriver=2.38.552522 (437e6fbedfa8762dec75e2c5b3ddb86763dc9dcb),platform=Linux 4.15.0-39-generic x86_64) (WARNING: The server did not provide any stacktrace information)
Command duration or timeout: 0 milliseconds
Build info: version: '3.14.0', revision: 'aacccce0', time: '2018-08-02T20:19:58.91Z'
System info: host: 'gustavo-184', ip: '127.0.1.1', os.name: 'Linux', os.arch: 'amd64', os.version: '4.15.0-39-generic', java.version: '1.8.0_172'
Driver info: org.openqa.selenium.chrome.ChromeDriver
Capabilities {acceptInsecureCerts: false, acceptSslCerts: false, applicationCacheEnabled: false, browserConnectionEnabled: false, browserName: chrome, chrome: {chromedriverVersion: 2.38.552522 (437e6fbedfa876..., userDataDir: /tmp/.org.chromium.Chromium...}, cssSelectorsEnabled: true, databaseEnabled: false, handlesAlerts: true, hasTouchScreen: false, javascriptEnabled: true, locationContextEnabled: true, mobileEmulationEnabled: false, nativeEvents: true, networkConnectionEnabled: false, pageLoadStrategy: normal, platform: LINUX, platformName: LINUX, rotatable: false, setWindowRect: true, takesHeapSnapshot: true, takesScreenshot: true, unexpectedAlertBehaviour: , unhandledPromptBehavior: , version: 66.0.3359.139, webStorageEnabled: true}
Session ID: cedef8a1e8f9b4e6ff03e88717e21d58
*** Element info: {Using=xpath, value=//div[@class='loader']}
	at org.openqa.selenium.remote.ErrorHandler.createThrowable(ErrorHandler.java:214)
	at org.openqa.selenium.remote.ErrorHandler.throwIfResponseFailed(ErrorHandler.java:166)
	at org.openqa.selenium.remote.http.JsonHttpResponseCodec.reconstructValue(JsonHttpResponseCodec.java:40)
	at org.openqa.selenium.remote.http.AbstractHttpResponseCodec.decode(AbstractHttpResponseCodec.java:80)
	at org.openqa.selenium.remote.http.AbstractHttpResponseCodec.decode(AbstractHttpResponseCodec.java:44)
	at org.openqa.selenium.remote.HttpCommandExecutor.execute(HttpCommandExecutor.java:158)
	at org.openqa.selenium.remote.service.DriverCommandExecutor.execute(DriverCommandExecutor.java:83)
	at org.openqa.selenium.remote.RemoteWebDriver.execute(RemoteWebDriver.java:548)
	at org.openqa.selenium.remote.RemoteWebDriver.findElements(RemoteWebDriver.java:349)
	at org.openqa.selenium.remote.RemoteWebDriver.findElementsByXPath(RemoteWebDriver.java:428)
	at org.openqa.selenium.By$ByXPath.findElements(By.java:348)
	at org.openqa.selenium.remote.RemoteWebDriver.findElements(RemoteWebDriver.java:310)
	at org.openqa.selenium.support.ui.ExpectedConditions.findElement(ExpectedConditions.java:895)
	at org.openqa.selenium.support.ui.ExpectedConditions.access$000(ExpectedConditions.java:44)
	at org.openqa.selenium.support.ui.ExpectedConditions$20.apply(ExpectedConditions.java:593)
	at org.openqa.selenium.support.ui.ExpectedConditions$20.apply(ExpectedConditions.java:589)
	at org.openqa.selenium.support.ui.FluentWait.until(FluentWait.java:260)
	at br.com.projedata.teste.util.recursos.Espera.aguardarElementoDesaparecer(Espera.java:161)
	at br.com.projedata.teste.util.recursos.Espera.aguardarSistemaCarregar(Espera.java:331)
	at br.com.projedata.arcturus.teste.recursos.TesteGenerico.abrirMenuConfiguracoes(TesteGenerico.java:86)
	at br.com.projedata.arcturus.teste.testes.TesteInternacionalizacao.alterarIdiomaParaEspanhol(TesteInternacionalizacao.java:82)
	at java.util.concurrent.ThreadPoolExecutor.runWorker(ThreadPoolExecutor.java:1149)
	at java.util.concurrent.ThreadPoolExecutor$Worker.run(ThreadPoolExecutor.java:624)
	at java.lang.Thread.run(Thread.java:748)
... Removed 14 stack frames]]>
    </failure>
  </testcase> <!-- alterarIdiomaParaEspanhol -->
  <testcase name="recuperarLoginEnviadoPorEmail" time="0.0" classname="br.com.projedata.arcturus.teste.testes.TesteSenhaDeAcesso">
    <skipped/>
  </testcase> <!-- recuperarLoginEnviadoPorEmail -->
  <testcase name="ativarDesativarPaineis" time="0.0" classname="br.com.projedata.arcturus.teste.testes.TestePortal">
    <skipped/>
  </testcase> <!-- ativarDesativarPaineis -->
  <testcase name="alterarIdiomaParaIngles" time="0.0" classname="br.com.projedata.arcturus.teste.testes.TesteInternacionalizacao">
    <skipped/>
  </testcase> <!-- alterarIdiomaParaIngles -->
  <testcase name="enviarEmailRecuperarSenha" time="0.0" classname="br.com.projedata.arcturus.teste.testes.TesteSenhaDeAcesso">
    <skipped/>
  </testcase> <!-- enviarEmailRecuperarSenha -->
  <testcase name="atualizarPainelViaComando" time="0.0" classname="br.com.projedata.arcturus.teste.testes.TestePortal">
    <skipped/>
  </testcase> <!-- atualizarPainelViaComando -->
  <testcase name="alterarIdiomaParaPortugues" time="0.0" classname="br.com.projedata.arcturus.teste.testes.TesteInternacionalizacao">
    <skipped/>
  </testcase> <!-- alterarIdiomaParaPortugues -->
  <testcase name="acessarUrlrecuperarSenhaEnviadoPorEmail" time="0.0" classname="br.com.projedata.arcturus.teste.testes.TesteSenhaDeAcesso">
    <skipped/>
  </testcase> <!-- acessarUrlrecuperarSenhaEnviadoPorEmail -->
  <testcase name="alterarEstiloDoPortal" time="0.0" classname="br.com.projedata.arcturus.teste.testes.TestePortal">
    <skipped/>
  </testcase> <!-- alterarEstiloDoPortal -->
  <testcase name="verificarRotinaTraduzidaParaIngles" time="0.0" classname="br.com.projedata.arcturus.teste.testes.TesteInternacionalizacao">
    <skipped/>
  </testcase> <!-- verificarRotinaTraduzidaParaIngles -->
  <testcase name="alterarSenhaUsuarioIncorreto" time="0.0" classname="br.com.projedata.arcturus.teste.testes.TesteSenhaDeAcesso">
    <skipped/>
  </testcase> <!-- alterarSenhaUsuarioIncorreto -->
  <testcase name="retornarAoEstiloOriginal" time="0.0" classname="br.com.projedata.arcturus.teste.testes.TestePortal">
    <skipped/>
  </testcase> <!-- retornarAoEstiloOriginal -->
  <testcase name="verificarRotinaTraduzidaParaEspanhol" time="0.0" classname="br.com.projedata.arcturus.teste.testes.TesteInternacionalizacao">
    <skipped/>
  </testcase> <!-- verificarRotinaTraduzidaParaEspanhol -->
  <testcase name="senhaConfirmarSenhaDiferentes" time="0.0" classname="br.com.projedata.arcturus.teste.testes.TesteSenhaDeAcesso">
    <skipped/>
  </testcase> <!-- senhaConfirmarSenhaDiferentes -->
  <testcase name="alterarSenhaSenhaAtualInvalida" time="0.0" classname="br.com.projedata.arcturus.teste.testes.TestePortal">
    <skipped/>
  </testcase> <!-- alterarSenhaSenhaAtualInvalida -->
  <testcase name="verificarRotinaTraduzidaParaPortugues" time="0.0" classname="br.com.projedata.arcturus.teste.testes.TesteInternacionalizacao">
    <skipped/>
  </testcase> <!-- verificarRotinaTraduzidaParaPortugues -->
  <testcase name="informarSenhaAtual" time="0.0" classname="br.com.projedata.arcturus.teste.testes.TesteSenhaDeAcesso">
    <skipped/>
  </testcase> <!-- informarSenhaAtual -->
  <testcase name="alterarSenha" time="0.0" classname="br.com.projedata.arcturus.teste.testes.TestePortal">
    <skipped/>
  </testcase> <!-- alterarSenha -->
  <testcase name="verificarTelaDeLoginIngles" time="0.0" classname="br.com.projedata.arcturus.teste.testes.TesteInternacionalizacao">
    <skipped/>
  </testcase> <!-- verificarTelaDeLoginIngles -->
  <testcase name="alterarSenhaParaUmaNova" time="0.0" classname="br.com.projedata.arcturus.teste.testes.TesteSenhaDeAcesso">
    <skipped/>
  </testcase> <!-- alterarSenhaParaUmaNova -->
  <testcase name="senhaEconfirmarSenhaDiferentes" time="0.0" classname="br.com.projedata.arcturus.teste.testes.TestePortal">
    <skipped/>
  </testcase> <!-- senhaEconfirmarSenhaDiferentes -->
  <testcase name="verificarMensagemErroTraduzidaIngles" time="0.0" classname="br.com.projedata.arcturus.teste.testes.TesteInternacionalizacao">
    <skipped/>
  </testcase> <!-- verificarMensagemErroTraduzidaIngles -->
  <testcase name="acessarPortalComNovaSenha" time="0.0" classname="br.com.projedata.arcturus.teste.testes.TesteSenhaDeAcesso">
    <skipped/>
  </testcase> <!-- acessarPortalComNovaSenha -->
  <testcase name="acessarPortalComSenhaAntiga" time="0.0" classname="br.com.projedata.arcturus.teste.testes.TestePortal">
    <skipped/>
  </testcase> <!-- acessarPortalComSenhaAntiga -->
  <testcase name="verificarMensagemConfirmacaoTraduzidaIngles" time="0.0" classname="br.com.projedata.arcturus.teste.testes.TesteInternacionalizacao">
    <skipped/>
  </testcase> <!-- verificarMensagemConfirmacaoTraduzidaIngles -->
  <testcase name="acessarPortalComNovaSenha" time="0.0" classname="br.com.projedata.arcturus.teste.testes.TestePortal">
    <skipped/>
  </testcase> <!-- acessarPortalComNovaSenha -->
  <testcase name="retornarSenhaAntiga" time="0.0" classname="br.com.projedata.arcturus.teste.testes.TestePortal">
    <skipped/>
  </testcase> <!-- retornarSenhaAntiga -->
  <testcase name="acessarRotinaPeloMenu" time="0.0" classname="br.com.projedata.arcturus.teste.testes.TestePortal">
    <skipped/>
  </testcase> <!-- acessarRotinaPeloMenu -->
  <testcase name="trocarDeEmpresa" time="0.0" classname="br.com.projedata.arcturus.teste.testes.TestePortal">
    <skipped/>
  </testcase> <!-- trocarDeEmpresa -->
  <testcase name="testarEventoAlterarEmpresa" time="0.0" classname="br.com.projedata.arcturus.teste.testes.TestePortal">
    <skipped/>
  </testcase> <!-- testarEventoAlterarEmpresa -->
  <testcase name="usuarioSemEmpresaPadraoInformada" time="0.0" classname="br.com.projedata.arcturus.teste.testes.TestePortal">
    <skipped/>
  </testcase> <!-- usuarioSemEmpresaPadraoInformada -->
  <testcase name="abrirListaDeRotinasPeloShiftF3" time="0.0" classname="br.com.projedata.arcturus.teste.testes.TestePortal">
    <skipped/>
  </testcase> <!-- abrirListaDeRotinasPeloShiftF3 -->
  <testcase name="selecionarRotinaComASetaDoTeclado" time="0.0" classname="br.com.projedata.arcturus.teste.testes.TestePortal">
    <skipped/>
  </testcase> <!-- selecionarRotinaComASetaDoTeclado -->
  <testcase name="fecharMenuAoClicarFora" time="0.0" classname="br.com.projedata.arcturus.teste.testes.TestePortal">
    <skipped/>
  </testcase> <!-- fecharMenuAoClicarFora -->
  <testcase name="verificarWidGetsAoTrocarDeEmpresa" time="0.0" classname="br.com.projedata.arcturus.teste.testes.TestePortal">
    <skipped/>
  </testcase> <!-- verificarWidGetsAoTrocarDeEmpresa -->
  <testcase name="alterarCorPainelPortal" time="0.0" classname="br.com.projedata.arcturus.teste.testes.TestePortal">
    <skipped/>
  </testcase> <!-- alterarCorPainelPortal -->
  <testcase name="testeNotificacao" time="0.0" classname="br.com.projedata.arcturus.teste.testes.TestePortal">
    <skipped/>
  </testcase> <!-- testeNotificacao -->
  <testcase name="abrirRotinaAoAbrirPortalParametrizadoPelaUrl" time="0.0" classname="br.com.projedata.arcturus.teste.testes.TestePortal">
    <skipped/>
  </testcase> <!-- abrirRotinaAoAbrirPortalParametrizadoPelaUrl -->
  <testcase name="abrirRotinaParametrizadoPelaUrlComUsuarioLogado" time="0.0" classname="br.com.projedata.arcturus.teste.testes.TestePortal">
    <skipped/>
  </testcase> <!-- abrirRotinaParametrizadoPelaUrlComUsuarioLogado -->
  <testcase name="abrirRotinaPelaUrlSemParametro" time="0.0" classname="br.com.projedata.arcturus.teste.testes.TestePortal">
    <skipped/>
  </testcase> <!-- abrirRotinaPelaUrlSemParametro -->
  <testcase name="abrirRotinaPelaUrlSemParametroComUsuarioLogado" time="0.0" classname="br.com.projedata.arcturus.teste.testes.TestePortal">
    <skipped/>
  </testcase> <!-- abrirRotinaPelaUrlSemParametroComUsuarioLogado -->
  <testcase name="verificarRelatorioTraduzidoIngles" time="0.0" classname="br.com.projedata.arcturus.teste.testes.TesteInternacionalizacao">
    <skipped/>
  </testcase> <!-- verificarRelatorioTraduzidoIngles -->
  <testcase name="verificarTelaDeLoginEspanhol" time="0.0" classname="br.com.projedata.arcturus.teste.testes.TesteInternacionalizacao">
    <skipped/>
  </testcase> <!-- verificarTelaDeLoginEspanhol -->
  <testcase name="verificarMensagemErroTraduzidaEspanhol" time="0.0" classname="br.com.projedata.arcturus.teste.testes.TesteInternacionalizacao">
    <skipped/>
  </testcase> <!-- verificarMensagemErroTraduzidaEspanhol -->
  <testcase name="verificarMensagemConfirmacaoTraduzidaEspanhol" time="0.0" classname="br.com.projedata.arcturus.teste.testes.TesteInternacionalizacao">
    <skipped/>
  </testcase> <!-- verificarMensagemConfirmacaoTraduzidaEspanhol -->
  <testcase name="verificarRelatorioTraduzidoEspanhol" time="0.0" classname="br.com.projedata.arcturus.teste.testes.TesteInternacionalizacao">
    <skipped/>
  </testcase> <!-- verificarRelatorioTraduzidoEspanhol -->
  <testcase name="verificaQuantidadeDeLicencas" time="0.0" classname="br.com.projedata.arcturus.teste.testes.TestePortal">
    <ignored/>
  </testcase> <!-- verificaQuantidadeDeLicencas -->
  <testcase name="acessarSistemaComSenhaDiaria" time="0.0" classname="br.com.projedata.arcturus.teste.testes.TesteSenhaDeAcesso">
    <ignored/>
  </testcase> <!-- acessarSistemaComSenhaDiaria -->
</testsuite> <!-- ChromeTest2 -->
