<html>
<head>
<title>TestNG:  ChromeTest2</title>
<link href="../testng.css" rel="stylesheet" type="text/css" />
<link href="../my-testng.css" rel="stylesheet" type="text/css" />

<style type="text/css">
.log { display: none;} 
.stack-trace { display: none;} 
</style>
<script type="text/javascript">
<!--
function flip(e) {
  current = e.style.display;
  if (current == 'block') {
    e.style.display = 'none';
    return 0;
  }
  else {
    e.style.display = 'block';
    return 1;
  }
}

function toggleBox(szDivId, elem, msg1, msg2)
{
  var res = -1;  if (document.getElementById) {
    res = flip(document.getElementById(szDivId));
  }
  else if (document.all) {
    // this is the way old msie versions work
    res = flip(document.all[szDivId]);
  }
  if(elem) {
    if(res == 0) elem.innerHTML = msg1; else elem.innerHTML = msg2;
  }

}

function toggleAllBoxes() {
  if (document.getElementsByTagName) {
    d = document.getElementsByTagName('div');
    for (i = 0; i < d.length; i++) {
      if (d[i].className == 'log') {
        flip(d[i]);
      }
    }
  }
}

// -->
</script>

</head>
<body>
<h2 align='center'>ChromeTest2</h2><table border='1' align="center">
<tr>
<td>Tests passed/Failed/Skipped:</td><td>2/3/45</td>
</tr><tr>
<td>Started on:</td><td>Wed Nov 21 10:02:29 BRST 2018</td>
</tr>
<tr><td>Total time:</td><td>83 seconds (83158 ms)</td>
</tr><tr>
<td>Included groups:</td><td></td>
</tr><tr>
<td>Excluded groups:</td><td></td>
</tr>
</table><p/>
<small><i>(Hover the method name to see the test class name)</i></small><p/>
<table width='100%' border='1' class='invocation-failed'>
<tr><td colspan='4' align='center'><b>FAILED TESTS</b></td></tr>
<tr><td><b>Test method</b></td>
<td width="30%"><b>Exception</b></td>
<td width="10%"><b>Time (seconds)</b></td>
<td><b>Instance</b></td>
</tr>
<tr>
<td title='br.com.projedata.arcturus.teste.testes.TesteInternacionalizacao.alterarIdiomaParaEspanhol()'><b>alterarIdiomaParaEspanhol</b><br>Test class: br.com.projedata.arcturus.teste.testes.TesteInternacionalizacao</td>
<td><div><pre>org.openqa.selenium.WebDriverException: chrome not reachable
  (Session info: chrome=66.0.3359.139)
  (Driver info: chromedriver=2.38.552522 (437e6fbedfa8762dec75e2c5b3ddb86763dc9dcb),platform=Linux 4.15.0-39-generic x86_64) (WARNING: The server did not provide any stacktrace information)
Command duration or timeout: 0 milliseconds
Build info: version: &apos;3.14.0&apos;, revision: &apos;aacccce0&apos;, time: &apos;2018-08-02T20:19:58.91Z&apos;
System info: host: &apos;gustavo-184&apos;, ip: &apos;127.0.1.1&apos;, os.name: &apos;Linux&apos;, os.arch: &apos;amd64&apos;, os.version: &apos;4.15.0-39-generic&apos;, java.version: &apos;1.8.0_172&apos;
Driver info: org.openqa.selenium.chrome.ChromeDriver
Capabilities {acceptInsecureCerts: false, acceptSslCerts: false, applicationCacheEnabled: false, browserConnectionEnabled: false, browserName: chrome, chrome: {chromedriverVersion: 2.38.552522 (437e6fbedfa876..., userDataDir: /tmp/.org.chromium.Chromium...}, cssSelectorsEnabled: true, databaseEnabled: false, handlesAlerts: true, hasTouchScreen: false, javascriptEnabled: true, locationContextEnabled: true, mobileEmulationEnabled: false, nativeEvents: true, networkConnectionEnabled: false, pageLoadStrategy: normal, platform: LINUX, platformName: LINUX, rotatable: false, setWindowRect: true, takesHeapSnapshot: true, takesScreenshot: true, unexpectedAlertBehaviour: , unhandledPromptBehavior: , version: 66.0.3359.139, webStorageEnabled: true}
Session ID: cedef8a1e8f9b4e6ff03e88717e21d58
*** Element info: {Using=xpath, value=//div[@class=&apos;loader&apos;]}
	at org.openqa.selenium.remote.ErrorHandler.createThrowable(ErrorHandler.java:214)
	at org.openqa.selenium.remote.ErrorHandler.throwIfResponseFailed(ErrorHandler.java:166)
	at org.openqa.selenium.remote.http.JsonHttpResponseCodec.reconstructValue(JsonHttpResponseCodec.java:40)
	at org.openqa.selenium.remote.http.AbstractHttpResponseCodec.decode(AbstractHttpResponseCodec.java:80)
	at org.openqa.selenium.remote.http.AbstractHttpResponseCodec.decode(AbstractHttpResponseCodec.java:44)
	at org.openqa.selenium.remote.HttpCommandExecutor.execute(HttpCommandExecutor.java:158)
	at org.openqa.selenium.remote.service.DriverCommandExecutor.execute(DriverCommandExecutor.java:83)
	at org.openqa.selenium.remote.RemoteWebDriver.execute(RemoteWebDriver.java:548)
	at org.openqa.selenium.remote.RemoteWebDriver.findElements(RemoteWebDriver.java:349)
	at org.openqa.selenium.remote.RemoteWebDriver.findElementsByXPath(RemoteWebDriver.java:428)
	at org.openqa.selenium.By$ByXPath.findElements(By.java:348)
	at org.openqa.selenium.remote.RemoteWebDriver.findElements(RemoteWebDriver.java:310)
	at org.openqa.selenium.support.ui.ExpectedConditions.findElement(ExpectedConditions.java:895)
	at org.openqa.selenium.support.ui.ExpectedConditions.access$000(ExpectedConditions.java:44)
	at org.openqa.selenium.support.ui.ExpectedConditions$20.apply(ExpectedConditions.java:593)
	at org.openqa.selenium.support.ui.ExpectedConditions$20.apply(ExpectedConditions.java:589)
	at org.openqa.selenium.support.ui.FluentWait.until(FluentWait.java:260)
	at br.com.projedata.teste.util.recursos.Espera.aguardarElementoDesaparecer(Espera.java:161)
	at br.com.projedata.teste.util.recursos.Espera.aguardarSistemaCarregar(Espera.java:331)
	at br.com.projedata.arcturus.teste.recursos.TesteGenerico.abrirMenuConfiguracoes(TesteGenerico.java:86)
	at br.com.projedata.arcturus.teste.testes.TesteInternacionalizacao.alterarIdiomaParaEspanhol(TesteInternacionalizacao.java:82)
	at java.util.concurrent.ThreadPoolExecutor.runWorker(ThreadPoolExecutor.java:1149)
	at java.util.concurrent.ThreadPoolExecutor$Worker.run(ThreadPoolExecutor.java:624)
	at java.lang.Thread.run(Thread.java:748)
... Removed 14 stack frames</pre></div><a href='#' onClick='toggleBox("stack-trace254378960", this, "Click to show all stack frames", "Click to hide stack frames")'>Click to show all stack frames</a>
<div class='stack-trace' id='stack-trace254378960'><pre>org.openqa.selenium.WebDriverException: chrome not reachable
  (Session info: chrome=66.0.3359.139)
  (Driver info: chromedriver=2.38.552522 (437e6fbedfa8762dec75e2c5b3ddb86763dc9dcb),platform=Linux 4.15.0-39-generic x86_64) (WARNING: The server did not provide any stacktrace information)
Command duration or timeout: 0 milliseconds
Build info: version: &apos;3.14.0&apos;, revision: &apos;aacccce0&apos;, time: &apos;2018-08-02T20:19:58.91Z&apos;
System info: host: &apos;gustavo-184&apos;, ip: &apos;127.0.1.1&apos;, os.name: &apos;Linux&apos;, os.arch: &apos;amd64&apos;, os.version: &apos;4.15.0-39-generic&apos;, java.version: &apos;1.8.0_172&apos;
Driver info: org.openqa.selenium.chrome.ChromeDriver
Capabilities {acceptInsecureCerts: false, acceptSslCerts: false, applicationCacheEnabled: false, browserConnectionEnabled: false, browserName: chrome, chrome: {chromedriverVersion: 2.38.552522 (437e6fbedfa876..., userDataDir: /tmp/.org.chromium.Chromium...}, cssSelectorsEnabled: true, databaseEnabled: false, handlesAlerts: true, hasTouchScreen: false, javascriptEnabled: true, locationContextEnabled: true, mobileEmulationEnabled: false, nativeEvents: true, networkConnectionEnabled: false, pageLoadStrategy: normal, platform: LINUX, platformName: LINUX, rotatable: false, setWindowRect: true, takesHeapSnapshot: true, takesScreenshot: true, unexpectedAlertBehaviour: , unhandledPromptBehavior: , version: 66.0.3359.139, webStorageEnabled: true}
Session ID: cedef8a1e8f9b4e6ff03e88717e21d58
*** Element info: {Using=xpath, value=//div[@class=&apos;loader&apos;]}
	at sun.reflect.NativeConstructorAccessorImpl.newInstance0(Native Method)
	at sun.reflect.NativeConstructorAccessorImpl.newInstance(NativeConstructorAccessorImpl.java:62)
	at sun.reflect.DelegatingConstructorAccessorImpl.newInstance(DelegatingConstructorAccessorImpl.java:45)
	at java.lang.reflect.Constructor.newInstance(Constructor.java:423)
	at org.openqa.selenium.remote.ErrorHandler.createThrowable(ErrorHandler.java:214)
	at org.openqa.selenium.remote.ErrorHandler.throwIfResponseFailed(ErrorHandler.java:166)
	at org.openqa.selenium.remote.http.JsonHttpResponseCodec.reconstructValue(JsonHttpResponseCodec.java:40)
	at org.openqa.selenium.remote.http.AbstractHttpResponseCodec.decode(AbstractHttpResponseCodec.java:80)
	at org.openqa.selenium.remote.http.AbstractHttpResponseCodec.decode(AbstractHttpResponseCodec.java:44)
	at org.openqa.selenium.remote.HttpCommandExecutor.execute(HttpCommandExecutor.java:158)
	at org.openqa.selenium.remote.service.DriverCommandExecutor.execute(DriverCommandExecutor.java:83)
	at org.openqa.selenium.remote.RemoteWebDriver.execute(RemoteWebDriver.java:548)
	at org.openqa.selenium.remote.RemoteWebDriver.findElements(RemoteWebDriver.java:349)
	at org.openqa.selenium.remote.RemoteWebDriver.findElementsByXPath(RemoteWebDriver.java:428)
	at org.openqa.selenium.By$ByXPath.findElements(By.java:348)
	at org.openqa.selenium.remote.RemoteWebDriver.findElements(RemoteWebDriver.java:310)
	at org.openqa.selenium.support.ui.ExpectedConditions.findElement(ExpectedConditions.java:895)
	at org.openqa.selenium.support.ui.ExpectedConditions.access$000(ExpectedConditions.java:44)
	at org.openqa.selenium.support.ui.ExpectedConditions$20.apply(ExpectedConditions.java:593)
	at org.openqa.selenium.support.ui.ExpectedConditions$20.apply(ExpectedConditions.java:589)
	at org.openqa.selenium.support.ui.FluentWait.until(FluentWait.java:260)
	at br.com.projedata.teste.util.recursos.Espera.aguardarElementoDesaparecer(Espera.java:161)
	at br.com.projedata.teste.util.recursos.Espera.aguardarSistemaCarregar(Espera.java:331)
	at br.com.projedata.arcturus.teste.recursos.TesteGenerico.abrirMenuConfiguracoes(TesteGenerico.java:86)
	at br.com.projedata.arcturus.teste.testes.TesteInternacionalizacao.alterarIdiomaParaEspanhol(TesteInternacionalizacao.java:82)
	at sun.reflect.NativeMethodAccessorImpl.invoke0(Native Method)
	at sun.reflect.NativeMethodAccessorImpl.invoke(NativeMethodAccessorImpl.java:62)
	at sun.reflect.DelegatingMethodAccessorImpl.invoke(DelegatingMethodAccessorImpl.java:43)
	at java.lang.reflect.Method.invoke(Method.java:498)
	at org.testng.internal.MethodInvocationHelper.invokeMethod(MethodInvocationHelper.java:104)
	at org.testng.internal.Invoker.invokeMethod(Invoker.java:645)
	at org.testng.internal.Invoker.invokeTestMethod(Invoker.java:851)
	at org.testng.internal.Invoker.invokeTestMethods(Invoker.java:1177)
	at org.testng.internal.TestMethodWorker.invokeTestMethods(TestMethodWorker.java:129)
	at org.testng.internal.TestMethodWorker.run(TestMethodWorker.java:112)
	at java.util.concurrent.ThreadPoolExecutor.runWorker(ThreadPoolExecutor.java:1149)
	at java.util.concurrent.ThreadPoolExecutor$Worker.run(ThreadPoolExecutor.java:624)
	at java.lang.Thread.run(Thread.java:748)
</pre></div></td>
<td>0</td>
<td>br.com.projedata.arcturus.teste.testes.TesteInternacionalizacao@4439f31e</td></tr>
<tr>
<td title='br.com.projedata.arcturus.teste.testes.TesteSenhaDeAcesso.enviarEmailRecuperarLogin()'><b>enviarEmailRecuperarLogin</b><br>Test class: br.com.projedata.arcturus.teste.testes.TesteSenhaDeAcesso<br>Parameters: usuario2, usuario, desenvolvimento</td>
<td><div><pre>org.openqa.selenium.WebDriverException: chrome not reachable
  (Session info: chrome=66.0.3359.139)
  (Driver info: chromedriver=2.38.552522 (437e6fbedfa8762dec75e2c5b3ddb86763dc9dcb),platform=Linux 4.15.0-39-generic x86_64) (WARNING: The server did not provide any stacktrace information)
Command duration or timeout: 0 milliseconds
Build info: version: &apos;3.14.0&apos;, revision: &apos;aacccce0&apos;, time: &apos;2018-08-02T20:19:58.91Z&apos;
System info: host: &apos;gustavo-184&apos;, ip: &apos;127.0.1.1&apos;, os.name: &apos;Linux&apos;, os.arch: &apos;amd64&apos;, os.version: &apos;4.15.0-39-generic&apos;, java.version: &apos;1.8.0_172&apos;
Driver info: org.openqa.selenium.chrome.ChromeDriver
Capabilities {acceptInsecureCerts: false, acceptSslCerts: false, applicationCacheEnabled: false, browserConnectionEnabled: false, browserName: chrome, chrome: {chromedriverVersion: 2.38.552522 (437e6fbedfa876..., userDataDir: /tmp/.org.chromium.Chromium...}, cssSelectorsEnabled: true, databaseEnabled: false, handlesAlerts: true, hasTouchScreen: false, javascriptEnabled: true, locationContextEnabled: true, mobileEmulationEnabled: false, nativeEvents: true, networkConnectionEnabled: false, pageLoadStrategy: normal, platform: LINUX, platformName: LINUX, rotatable: false, setWindowRect: true, takesHeapSnapshot: true, takesScreenshot: true, unexpectedAlertBehaviour: , unhandledPromptBehavior: , version: 66.0.3359.139, webStorageEnabled: true}
Session ID: 92726981205c256f61db639f9f62df00
*** Element info: {Using=id, value=inputLogin}
	at org.openqa.selenium.remote.ErrorHandler.createThrowable(ErrorHandler.java:214)
	at org.openqa.selenium.remote.ErrorHandler.throwIfResponseFailed(ErrorHandler.java:166)
	at org.openqa.selenium.remote.http.JsonHttpResponseCodec.reconstructValue(JsonHttpResponseCodec.java:40)
	at org.openqa.selenium.remote.http.AbstractHttpResponseCodec.decode(AbstractHttpResponseCodec.java:80)
	at org.openqa.selenium.remote.http.AbstractHttpResponseCodec.decode(AbstractHttpResponseCodec.java:44)
	at org.openqa.selenium.remote.HttpCommandExecutor.execute(HttpCommandExecutor.java:158)
	at org.openqa.selenium.remote.service.DriverCommandExecutor.execute(DriverCommandExecutor.java:83)
	at org.openqa.selenium.remote.RemoteWebDriver.execute(RemoteWebDriver.java:548)
	at org.openqa.selenium.remote.RemoteWebDriver.findElements(RemoteWebDriver.java:349)
	at org.openqa.selenium.remote.RemoteWebDriver.findElementsById(RemoteWebDriver.java:372)
	at org.openqa.selenium.By$ById.findElements(By.java:180)
	at org.openqa.selenium.remote.RemoteWebDriver.findElements(RemoteWebDriver.java:310)
	at org.openqa.selenium.support.ui.ExpectedConditions.findElement(ExpectedConditions.java:895)
	at org.openqa.selenium.support.ui.ExpectedConditions.access$000(ExpectedConditions.java:44)
	at org.openqa.selenium.support.ui.ExpectedConditions$7.apply(ExpectedConditions.java:206)
	at org.openqa.selenium.support.ui.ExpectedConditions$7.apply(ExpectedConditions.java:202)
	at org.openqa.selenium.support.ui.FluentWait.until(FluentWait.java:260)
	at br.com.projedata.arcturus.teste.metodosgenericos.LoginMetodos.aguardarTelaLogin(LoginMetodos.java:121)
	at br.com.projedata.arcturus.teste.metodosgenericos.LoginMetodos.preencherCamposLogin(LoginMetodos.java:96)
	at br.com.projedata.arcturus.teste.metodosgenericos.LoginMetodos.logar(LoginMetodos.java:53)
	at br.com.projedata.arcturus.teste.metodosgenericos.LoginMetodos.logar(LoginMetodos.java:67)
	at br.com.projedata.arcturus.teste.metodosgenericos.LoginMetodos.logar(LoginMetodos.java:67)
	at br.com.projedata.arcturus.teste.testes.TesteSenhaDeAcesso.enviarEmailRecuperarLogin(TesteSenhaDeAcesso.java:45)
	at java.util.concurrent.ThreadPoolExecutor.runWorker(ThreadPoolExecutor.java:1149)
	at java.util.concurrent.ThreadPoolExecutor$Worker.run(ThreadPoolExecutor.java:624)
	at java.lang.Thread.run(Thread.java:748)
... Removed 14 stack frames</pre></div><a href='#' onClick='toggleBox("stack-trace1589352294", this, "Click to show all stack frames", "Click to hide stack frames")'>Click to show all stack frames</a>
<div class='stack-trace' id='stack-trace1589352294'><pre>org.openqa.selenium.WebDriverException: chrome not reachable
  (Session info: chrome=66.0.3359.139)
  (Driver info: chromedriver=2.38.552522 (437e6fbedfa8762dec75e2c5b3ddb86763dc9dcb),platform=Linux 4.15.0-39-generic x86_64) (WARNING: The server did not provide any stacktrace information)
Command duration or timeout: 0 milliseconds
Build info: version: &apos;3.14.0&apos;, revision: &apos;aacccce0&apos;, time: &apos;2018-08-02T20:19:58.91Z&apos;
System info: host: &apos;gustavo-184&apos;, ip: &apos;127.0.1.1&apos;, os.name: &apos;Linux&apos;, os.arch: &apos;amd64&apos;, os.version: &apos;4.15.0-39-generic&apos;, java.version: &apos;1.8.0_172&apos;
Driver info: org.openqa.selenium.chrome.ChromeDriver
Capabilities {acceptInsecureCerts: false, acceptSslCerts: false, applicationCacheEnabled: false, browserConnectionEnabled: false, browserName: chrome, chrome: {chromedriverVersion: 2.38.552522 (437e6fbedfa876..., userDataDir: /tmp/.org.chromium.Chromium...}, cssSelectorsEnabled: true, databaseEnabled: false, handlesAlerts: true, hasTouchScreen: false, javascriptEnabled: true, locationContextEnabled: true, mobileEmulationEnabled: false, nativeEvents: true, networkConnectionEnabled: false, pageLoadStrategy: normal, platform: LINUX, platformName: LINUX, rotatable: false, setWindowRect: true, takesHeapSnapshot: true, takesScreenshot: true, unexpectedAlertBehaviour: , unhandledPromptBehavior: , version: 66.0.3359.139, webStorageEnabled: true}
Session ID: 92726981205c256f61db639f9f62df00
*** Element info: {Using=id, value=inputLogin}
	at sun.reflect.NativeConstructorAccessorImpl.newInstance0(Native Method)
	at sun.reflect.NativeConstructorAccessorImpl.newInstance(NativeConstructorAccessorImpl.java:62)
	at sun.reflect.DelegatingConstructorAccessorImpl.newInstance(DelegatingConstructorAccessorImpl.java:45)
	at java.lang.reflect.Constructor.newInstance(Constructor.java:423)
	at org.openqa.selenium.remote.ErrorHandler.createThrowable(ErrorHandler.java:214)
	at org.openqa.selenium.remote.ErrorHandler.throwIfResponseFailed(ErrorHandler.java:166)
	at org.openqa.selenium.remote.http.JsonHttpResponseCodec.reconstructValue(JsonHttpResponseCodec.java:40)
	at org.openqa.selenium.remote.http.AbstractHttpResponseCodec.decode(AbstractHttpResponseCodec.java:80)
	at org.openqa.selenium.remote.http.AbstractHttpResponseCodec.decode(AbstractHttpResponseCodec.java:44)
	at org.openqa.selenium.remote.HttpCommandExecutor.execute(HttpCommandExecutor.java:158)
	at org.openqa.selenium.remote.service.DriverCommandExecutor.execute(DriverCommandExecutor.java:83)
	at org.openqa.selenium.remote.RemoteWebDriver.execute(RemoteWebDriver.java:548)
	at org.openqa.selenium.remote.RemoteWebDriver.findElements(RemoteWebDriver.java:349)
	at org.openqa.selenium.remote.RemoteWebDriver.findElementsById(RemoteWebDriver.java:372)
	at org.openqa.selenium.By$ById.findElements(By.java:180)
	at org.openqa.selenium.remote.RemoteWebDriver.findElements(RemoteWebDriver.java:310)
	at org.openqa.selenium.support.ui.ExpectedConditions.findElement(ExpectedConditions.java:895)
	at org.openqa.selenium.support.ui.ExpectedConditions.access$000(ExpectedConditions.java:44)
	at org.openqa.selenium.support.ui.ExpectedConditions$7.apply(ExpectedConditions.java:206)
	at org.openqa.selenium.support.ui.ExpectedConditions$7.apply(ExpectedConditions.java:202)
	at org.openqa.selenium.support.ui.FluentWait.until(FluentWait.java:260)
	at br.com.projedata.arcturus.teste.metodosgenericos.LoginMetodos.aguardarTelaLogin(LoginMetodos.java:121)
	at br.com.projedata.arcturus.teste.metodosgenericos.LoginMetodos.preencherCamposLogin(LoginMetodos.java:96)
	at br.com.projedata.arcturus.teste.metodosgenericos.LoginMetodos.logar(LoginMetodos.java:53)
	at br.com.projedata.arcturus.teste.metodosgenericos.LoginMetodos.logar(LoginMetodos.java:67)
	at br.com.projedata.arcturus.teste.metodosgenericos.LoginMetodos.logar(LoginMetodos.java:67)
	at br.com.projedata.arcturus.teste.testes.TesteSenhaDeAcesso.enviarEmailRecuperarLogin(TesteSenhaDeAcesso.java:45)
	at sun.reflect.NativeMethodAccessorImpl.invoke0(Native Method)
	at sun.reflect.NativeMethodAccessorImpl.invoke(NativeMethodAccessorImpl.java:62)
	at sun.reflect.DelegatingMethodAccessorImpl.invoke(DelegatingMethodAccessorImpl.java:43)
	at java.lang.reflect.Method.invoke(Method.java:498)
	at org.testng.internal.MethodInvocationHelper.invokeMethod(MethodInvocationHelper.java:104)
	at org.testng.internal.Invoker.invokeMethod(Invoker.java:645)
	at org.testng.internal.Invoker.invokeTestMethod(Invoker.java:851)
	at org.testng.internal.Invoker.invokeTestMethods(Invoker.java:1177)
	at org.testng.internal.TestMethodWorker.invokeTestMethods(TestMethodWorker.java:129)
	at org.testng.internal.TestMethodWorker.run(TestMethodWorker.java:112)
	at java.util.concurrent.ThreadPoolExecutor.runWorker(ThreadPoolExecutor.java:1149)
	at java.util.concurrent.ThreadPoolExecutor$Worker.run(ThreadPoolExecutor.java:624)
	at java.lang.Thread.run(Thread.java:748)
</pre></div></td>
<td>54</td>
<td>br.com.projedata.arcturus.teste.testes.TesteSenhaDeAcesso@2ef5e5e3</td></tr>
<tr>
<td title='br.com.projedata.arcturus.teste.testes.TestePortal.excluirEventoAbrirRotina()'><b>excluirEventoAbrirRotina</b><br>Test class: br.com.projedata.arcturus.teste.testes.TestePortal<br>Parameters: usuario2, usuario, desenvolvimento</td>
<td><div><pre>org.openqa.selenium.WebDriverException: chrome not reachable
  (Session info: chrome=66.0.3359.139)
  (Driver info: chromedriver=2.38.552522 (437e6fbedfa8762dec75e2c5b3ddb86763dc9dcb),platform=Linux 4.15.0-39-generic x86_64) (WARNING: The server did not provide any stacktrace information)
Command duration or timeout: 0 milliseconds
Build info: version: &apos;3.14.0&apos;, revision: &apos;aacccce0&apos;, time: &apos;2018-08-02T20:19:58.91Z&apos;
System info: host: &apos;gustavo-184&apos;, ip: &apos;127.0.1.1&apos;, os.name: &apos;Linux&apos;, os.arch: &apos;amd64&apos;, os.version: &apos;4.15.0-39-generic&apos;, java.version: &apos;1.8.0_172&apos;
Driver info: org.openqa.selenium.chrome.ChromeDriver
Capabilities {acceptInsecureCerts: false, acceptSslCerts: false, applicationCacheEnabled: false, browserConnectionEnabled: false, browserName: chrome, chrome: {chromedriverVersion: 2.38.552522 (437e6fbedfa876..., userDataDir: /tmp/.org.chromium.Chromium...}, cssSelectorsEnabled: true, databaseEnabled: false, handlesAlerts: true, hasTouchScreen: false, javascriptEnabled: true, locationContextEnabled: true, mobileEmulationEnabled: false, nativeEvents: true, networkConnectionEnabled: false, pageLoadStrategy: normal, platform: LINUX, platformName: LINUX, rotatable: false, setWindowRect: true, takesHeapSnapshot: true, takesScreenshot: true, unexpectedAlertBehaviour: , unhandledPromptBehavior: , version: 66.0.3359.139, webStorageEnabled: true}
Session ID: d7303ace5b96e47d0457a69e829b3899
*** Element info: {Using=xpath, value=//*[contains(text(),&apos;registros alterados&apos;)]}
	at org.openqa.selenium.remote.ErrorHandler.createThrowable(ErrorHandler.java:214)
	at org.openqa.selenium.remote.ErrorHandler.throwIfResponseFailed(ErrorHandler.java:166)
	at org.openqa.selenium.remote.http.JsonHttpResponseCodec.reconstructValue(JsonHttpResponseCodec.java:40)
	at org.openqa.selenium.remote.http.AbstractHttpResponseCodec.decode(AbstractHttpResponseCodec.java:80)
	at org.openqa.selenium.remote.http.AbstractHttpResponseCodec.decode(AbstractHttpResponseCodec.java:44)
	at org.openqa.selenium.remote.HttpCommandExecutor.execute(HttpCommandExecutor.java:158)
	at org.openqa.selenium.remote.service.DriverCommandExecutor.execute(DriverCommandExecutor.java:83)
	at org.openqa.selenium.remote.RemoteWebDriver.execute(RemoteWebDriver.java:548)
	at org.openqa.selenium.remote.RemoteWebDriver.findElements(RemoteWebDriver.java:349)
	at org.openqa.selenium.remote.RemoteWebDriver.findElementsByXPath(RemoteWebDriver.java:428)
	at org.openqa.selenium.By$ByXPath.findElements(By.java:348)
	at org.openqa.selenium.remote.RemoteWebDriver.findElements(RemoteWebDriver.java:310)
	at org.openqa.selenium.support.ui.ExpectedConditions.findElement(ExpectedConditions.java:895)
	at org.openqa.selenium.support.ui.ExpectedConditions.access$000(ExpectedConditions.java:44)
	at org.openqa.selenium.support.ui.ExpectedConditions$20.apply(ExpectedConditions.java:593)
	at org.openqa.selenium.support.ui.ExpectedConditions$20.apply(ExpectedConditions.java:589)
	at org.openqa.selenium.support.ui.FluentWait.until(FluentWait.java:260)
	at br.com.projedata.teste.util.recursos.Espera.aguardarElementoDesaparecer(Espera.java:161)
	at br.com.projedata.teste.util.recursos.Rotina.salvarEAguardarMensagemRegistrosAlterados(Rotina.java:503)
	at br.com.projedata.arcturus.teste.testes.TestePortal.excluirEventoAbrirRotina(TestePortal.java:135)
	at java.util.concurrent.ThreadPoolExecutor.runWorker(ThreadPoolExecutor.java:1149)
	at java.util.concurrent.ThreadPoolExecutor$Worker.run(ThreadPoolExecutor.java:624)
	at java.lang.Thread.run(Thread.java:748)
... Removed 14 stack frames</pre></div><a href='#' onClick='toggleBox("stack-trace109900074", this, "Click to show all stack frames", "Click to hide stack frames")'>Click to show all stack frames</a>
<div class='stack-trace' id='stack-trace109900074'><pre>org.openqa.selenium.WebDriverException: chrome not reachable
  (Session info: chrome=66.0.3359.139)
  (Driver info: chromedriver=2.38.552522 (437e6fbedfa8762dec75e2c5b3ddb86763dc9dcb),platform=Linux 4.15.0-39-generic x86_64) (WARNING: The server did not provide any stacktrace information)
Command duration or timeout: 0 milliseconds
Build info: version: &apos;3.14.0&apos;, revision: &apos;aacccce0&apos;, time: &apos;2018-08-02T20:19:58.91Z&apos;
System info: host: &apos;gustavo-184&apos;, ip: &apos;127.0.1.1&apos;, os.name: &apos;Linux&apos;, os.arch: &apos;amd64&apos;, os.version: &apos;4.15.0-39-generic&apos;, java.version: &apos;1.8.0_172&apos;
Driver info: org.openqa.selenium.chrome.ChromeDriver
Capabilities {acceptInsecureCerts: false, acceptSslCerts: false, applicationCacheEnabled: false, browserConnectionEnabled: false, browserName: chrome, chrome: {chromedriverVersion: 2.38.552522 (437e6fbedfa876..., userDataDir: /tmp/.org.chromium.Chromium...}, cssSelectorsEnabled: true, databaseEnabled: false, handlesAlerts: true, hasTouchScreen: false, javascriptEnabled: true, locationContextEnabled: true, mobileEmulationEnabled: false, nativeEvents: true, networkConnectionEnabled: false, pageLoadStrategy: normal, platform: LINUX, platformName: LINUX, rotatable: false, setWindowRect: true, takesHeapSnapshot: true, takesScreenshot: true, unexpectedAlertBehaviour: , unhandledPromptBehavior: , version: 66.0.3359.139, webStorageEnabled: true}
Session ID: d7303ace5b96e47d0457a69e829b3899
*** Element info: {Using=xpath, value=//*[contains(text(),&apos;registros alterados&apos;)]}
	at sun.reflect.NativeConstructorAccessorImpl.newInstance0(Native Method)
	at sun.reflect.NativeConstructorAccessorImpl.newInstance(NativeConstructorAccessorImpl.java:62)
	at sun.reflect.DelegatingConstructorAccessorImpl.newInstance(DelegatingConstructorAccessorImpl.java:45)
	at java.lang.reflect.Constructor.newInstance(Constructor.java:423)
	at org.openqa.selenium.remote.ErrorHandler.createThrowable(ErrorHandler.java:214)
	at org.openqa.selenium.remote.ErrorHandler.throwIfResponseFailed(ErrorHandler.java:166)
	at org.openqa.selenium.remote.http.JsonHttpResponseCodec.reconstructValue(JsonHttpResponseCodec.java:40)
	at org.openqa.selenium.remote.http.AbstractHttpResponseCodec.decode(AbstractHttpResponseCodec.java:80)
	at org.openqa.selenium.remote.http.AbstractHttpResponseCodec.decode(AbstractHttpResponseCodec.java:44)
	at org.openqa.selenium.remote.HttpCommandExecutor.execute(HttpCommandExecutor.java:158)
	at org.openqa.selenium.remote.service.DriverCommandExecutor.execute(DriverCommandExecutor.java:83)
	at org.openqa.selenium.remote.RemoteWebDriver.execute(RemoteWebDriver.java:548)
	at org.openqa.selenium.remote.RemoteWebDriver.findElements(RemoteWebDriver.java:349)
	at org.openqa.selenium.remote.RemoteWebDriver.findElementsByXPath(RemoteWebDriver.java:428)
	at org.openqa.selenium.By$ByXPath.findElements(By.java:348)
	at org.openqa.selenium.remote.RemoteWebDriver.findElements(RemoteWebDriver.java:310)
	at org.openqa.selenium.support.ui.ExpectedConditions.findElement(ExpectedConditions.java:895)
	at org.openqa.selenium.support.ui.ExpectedConditions.access$000(ExpectedConditions.java:44)
	at org.openqa.selenium.support.ui.ExpectedConditions$20.apply(ExpectedConditions.java:593)
	at org.openqa.selenium.support.ui.ExpectedConditions$20.apply(ExpectedConditions.java:589)
	at org.openqa.selenium.support.ui.FluentWait.until(FluentWait.java:260)
	at br.com.projedata.teste.util.recursos.Espera.aguardarElementoDesaparecer(Espera.java:161)
	at br.com.projedata.teste.util.recursos.Rotina.salvarEAguardarMensagemRegistrosAlterados(Rotina.java:503)
	at br.com.projedata.arcturus.teste.testes.TestePortal.excluirEventoAbrirRotina(TestePortal.java:135)
	at sun.reflect.NativeMethodAccessorImpl.invoke0(Native Method)
	at sun.reflect.NativeMethodAccessorImpl.invoke(NativeMethodAccessorImpl.java:62)
	at sun.reflect.DelegatingMethodAccessorImpl.invoke(DelegatingMethodAccessorImpl.java:43)
	at java.lang.reflect.Method.invoke(Method.java:498)
	at org.testng.internal.MethodInvocationHelper.invokeMethod(MethodInvocationHelper.java:104)
	at org.testng.internal.Invoker.invokeMethod(Invoker.java:645)
	at org.testng.internal.Invoker.invokeTestMethod(Invoker.java:851)
	at org.testng.internal.Invoker.invokeTestMethods(Invoker.java:1177)
	at org.testng.internal.TestMethodWorker.invokeTestMethods(TestMethodWorker.java:129)
	at org.testng.internal.TestMethodWorker.run(TestMethodWorker.java:112)
	at java.util.concurrent.ThreadPoolExecutor.runWorker(ThreadPoolExecutor.java:1149)
	at java.util.concurrent.ThreadPoolExecutor$Worker.run(ThreadPoolExecutor.java:624)
	at java.lang.Thread.run(Thread.java:748)
</pre></div></td>
<td>2</td>
<td>br.com.projedata.arcturus.teste.testes.TestePortal@48eff760</td></tr>
</table><p>
<table width='100%' border='1' class='invocation-passed'>
<tr><td colspan='4' align='center'><b>PASSED TESTS</b></td></tr>
<tr><td><b>Test method</b></td>
<td width="30%"><b>Exception</b></td>
<td width="10%"><b>Time (seconds)</b></td>
<td><b>Instance</b></td>
</tr>
<tr>
<td title='br.com.projedata.arcturus.teste.testes.TestePortal.abrirRotinaAoAcessarPortal()'><b>abrirRotinaAoAcessarPortal</b><br>Test class: br.com.projedata.arcturus.teste.testes.TestePortal<br>Parameters: usuario2, usuario, desenvolvimento</td>
<td></td>
<td>8</td>
<td>br.com.projedata.arcturus.teste.testes.TestePortal@48eff760</td></tr>
<tr>
<td title='br.com.projedata.arcturus.teste.testes.TesteInternacionalizacao.acessarSistema()'><b>acessarSistema</b><br>Test class: br.com.projedata.arcturus.teste.testes.TesteInternacionalizacao<br>Parameters: usuario2, usuario, desenvolvimento</td>
<td></td>
<td>4</td>
<td>br.com.projedata.arcturus.teste.testes.TesteInternacionalizacao@4439f31e</td></tr>
</table><p>
<table width='100%' border='1' class='invocation-skipped'>
<tr><td colspan='4' align='center'><b>SKIPPED TESTS</b></td></tr>
<tr><td><b>Test method</b></td>
<td width="30%"><b>Exception</b></td>
<td width="10%"><b>Time (seconds)</b></td>
<td><b>Instance</b></td>
</tr>
<tr>
<td title='br.com.projedata.arcturus.teste.testes.TestePortal.abrirListaDeRotinasPeloShiftF3()'><b>abrirListaDeRotinasPeloShiftF3</b><br>Test class: br.com.projedata.arcturus.teste.testes.TestePortal</td>
<td><div><pre>java.lang.Throwable: Method TestePortal.abrirListaDeRotinasPeloShiftF3(java.lang.String)[pri:0, instance:br.com.projedata.arcturus.teste.testes.TestePortal@48eff760] depends on not successfully finished methods
	at java.util.concurrent.ThreadPoolExecutor.runWorker(ThreadPoolExecutor.java:1149)
	at java.util.concurrent.ThreadPoolExecutor$Worker.run(ThreadPoolExecutor.java:624)
	at java.lang.Thread.run(Thread.java:748)
... Removed 3 stack frames</pre></div><a href='#' onClick='toggleBox("stack-trace1221036415", this, "Click to show all stack frames", "Click to hide stack frames")'>Click to show all stack frames</a>
<div class='stack-trace' id='stack-trace1221036415'><pre>java.lang.Throwable: Method TestePortal.abrirListaDeRotinasPeloShiftF3(java.lang.String)[pri:0, instance:br.com.projedata.arcturus.teste.testes.TestePortal@48eff760] depends on not successfully finished methods
	at org.testng.internal.Invoker.invokeTestMethods(Invoker.java:1068)
	at org.testng.internal.TestMethodWorker.invokeTestMethods(TestMethodWorker.java:129)
	at org.testng.internal.TestMethodWorker.run(TestMethodWorker.java:112)
	at java.util.concurrent.ThreadPoolExecutor.runWorker(ThreadPoolExecutor.java:1149)
	at java.util.concurrent.ThreadPoolExecutor$Worker.run(ThreadPoolExecutor.java:624)
	at java.lang.Thread.run(Thread.java:748)
</pre></div></td>
<td>0</td>
<td>null</td></tr>
<tr>
<td title='br.com.projedata.arcturus.teste.testes.TestePortal.abrirRotinaAoAbrirPortalParametrizadoPelaUrl()'><b>abrirRotinaAoAbrirPortalParametrizadoPelaUrl</b><br>Test class: br.com.projedata.arcturus.teste.testes.TestePortal</td>
<td><div><pre>java.lang.Throwable: Method TestePortal.abrirRotinaAoAbrirPortalParametrizadoPelaUrl(java.lang.String)[pri:0, instance:br.com.projedata.arcturus.teste.testes.TestePortal@48eff760] depends on not successfully finished methods
	at java.util.concurrent.ThreadPoolExecutor.runWorker(ThreadPoolExecutor.java:1149)
	at java.util.concurrent.ThreadPoolExecutor$Worker.run(ThreadPoolExecutor.java:624)
	at java.lang.Thread.run(Thread.java:748)
... Removed 3 stack frames</pre></div><a href='#' onClick='toggleBox("stack-trace909799618", this, "Click to show all stack frames", "Click to hide stack frames")'>Click to show all stack frames</a>
<div class='stack-trace' id='stack-trace909799618'><pre>java.lang.Throwable: Method TestePortal.abrirRotinaAoAbrirPortalParametrizadoPelaUrl(java.lang.String)[pri:0, instance:br.com.projedata.arcturus.teste.testes.TestePortal@48eff760] depends on not successfully finished methods
	at org.testng.internal.Invoker.invokeTestMethods(Invoker.java:1068)
	at org.testng.internal.TestMethodWorker.invokeTestMethods(TestMethodWorker.java:129)
	at org.testng.internal.TestMethodWorker.run(TestMethodWorker.java:112)
	at java.util.concurrent.ThreadPoolExecutor.runWorker(ThreadPoolExecutor.java:1149)
	at java.util.concurrent.ThreadPoolExecutor$Worker.run(ThreadPoolExecutor.java:624)
	at java.lang.Thread.run(Thread.java:748)
</pre></div></td>
<td>0</td>
<td>null</td></tr>
<tr>
<td title='br.com.projedata.arcturus.teste.testes.TestePortal.abrirRotinaParametrizadoPelaUrlComUsuarioLogado()'><b>abrirRotinaParametrizadoPelaUrlComUsuarioLogado</b><br>Test class: br.com.projedata.arcturus.teste.testes.TestePortal</td>
<td><div><pre>java.lang.Throwable: Method TestePortal.abrirRotinaParametrizadoPelaUrlComUsuarioLogado(java.lang.String)[pri:0, instance:br.com.projedata.arcturus.teste.testes.TestePortal@48eff760] depends on not successfully finished methods
	at java.util.concurrent.ThreadPoolExecutor.runWorker(ThreadPoolExecutor.java:1149)
	at java.util.concurrent.ThreadPoolExecutor$Worker.run(ThreadPoolExecutor.java:624)
	at java.lang.Thread.run(Thread.java:748)
... Removed 3 stack frames</pre></div><a href='#' onClick='toggleBox("stack-trace1586110203", this, "Click to show all stack frames", "Click to hide stack frames")'>Click to show all stack frames</a>
<div class='stack-trace' id='stack-trace1586110203'><pre>java.lang.Throwable: Method TestePortal.abrirRotinaParametrizadoPelaUrlComUsuarioLogado(java.lang.String)[pri:0, instance:br.com.projedata.arcturus.teste.testes.TestePortal@48eff760] depends on not successfully finished methods
	at org.testng.internal.Invoker.invokeTestMethods(Invoker.java:1068)
	at org.testng.internal.TestMethodWorker.invokeTestMethods(TestMethodWorker.java:129)
	at org.testng.internal.TestMethodWorker.run(TestMethodWorker.java:112)
	at java.util.concurrent.ThreadPoolExecutor.runWorker(ThreadPoolExecutor.java:1149)
	at java.util.concurrent.ThreadPoolExecutor$Worker.run(ThreadPoolExecutor.java:624)
	at java.lang.Thread.run(Thread.java:748)
</pre></div></td>
<td>0</td>
<td>null</td></tr>
<tr>
<td title='br.com.projedata.arcturus.teste.testes.TestePortal.abrirRotinaPelaUrlSemParametro()'><b>abrirRotinaPelaUrlSemParametro</b><br>Test class: br.com.projedata.arcturus.teste.testes.TestePortal</td>
<td><div><pre>java.lang.Throwable: Method TestePortal.abrirRotinaPelaUrlSemParametro(java.lang.String)[pri:0, instance:br.com.projedata.arcturus.teste.testes.TestePortal@48eff760] depends on not successfully finished methods
	at java.util.concurrent.ThreadPoolExecutor.runWorker(ThreadPoolExecutor.java:1149)
	at java.util.concurrent.ThreadPoolExecutor$Worker.run(ThreadPoolExecutor.java:624)
	at java.lang.Thread.run(Thread.java:748)
... Removed 3 stack frames</pre></div><a href='#' onClick='toggleBox("stack-trace1888184648", this, "Click to show all stack frames", "Click to hide stack frames")'>Click to show all stack frames</a>
<div class='stack-trace' id='stack-trace1888184648'><pre>java.lang.Throwable: Method TestePortal.abrirRotinaPelaUrlSemParametro(java.lang.String)[pri:0, instance:br.com.projedata.arcturus.teste.testes.TestePortal@48eff760] depends on not successfully finished methods
	at org.testng.internal.Invoker.invokeTestMethods(Invoker.java:1068)
	at org.testng.internal.TestMethodWorker.invokeTestMethods(TestMethodWorker.java:129)
	at org.testng.internal.TestMethodWorker.run(TestMethodWorker.java:112)
	at java.util.concurrent.ThreadPoolExecutor.runWorker(ThreadPoolExecutor.java:1149)
	at java.util.concurrent.ThreadPoolExecutor$Worker.run(ThreadPoolExecutor.java:624)
	at java.lang.Thread.run(Thread.java:748)
</pre></div></td>
<td>0</td>
<td>null</td></tr>
<tr>
<td title='br.com.projedata.arcturus.teste.testes.TestePortal.abrirRotinaPelaUrlSemParametroComUsuarioLogado()'><b>abrirRotinaPelaUrlSemParametroComUsuarioLogado</b><br>Test class: br.com.projedata.arcturus.teste.testes.TestePortal</td>
<td><div><pre>java.lang.Throwable: Method TestePortal.abrirRotinaPelaUrlSemParametroComUsuarioLogado(java.lang.String)[pri:0, instance:br.com.projedata.arcturus.teste.testes.TestePortal@48eff760] depends on not successfully finished methods
	at java.util.concurrent.ThreadPoolExecutor.runWorker(ThreadPoolExecutor.java:1149)
	at java.util.concurrent.ThreadPoolExecutor$Worker.run(ThreadPoolExecutor.java:624)
	at java.lang.Thread.run(Thread.java:748)
... Removed 3 stack frames</pre></div><a href='#' onClick='toggleBox("stack-trace354339194", this, "Click to show all stack frames", "Click to hide stack frames")'>Click to show all stack frames</a>
<div class='stack-trace' id='stack-trace354339194'><pre>java.lang.Throwable: Method TestePortal.abrirRotinaPelaUrlSemParametroComUsuarioLogado(java.lang.String)[pri:0, instance:br.com.projedata.arcturus.teste.testes.TestePortal@48eff760] depends on not successfully finished methods
	at org.testng.internal.Invoker.invokeTestMethods(Invoker.java:1068)
	at org.testng.internal.TestMethodWorker.invokeTestMethods(TestMethodWorker.java:129)
	at org.testng.internal.TestMethodWorker.run(TestMethodWorker.java:112)
	at java.util.concurrent.ThreadPoolExecutor.runWorker(ThreadPoolExecutor.java:1149)
	at java.util.concurrent.ThreadPoolExecutor$Worker.run(ThreadPoolExecutor.java:624)
	at java.lang.Thread.run(Thread.java:748)
</pre></div></td>
<td>0</td>
<td>null</td></tr>
<tr>
<td title='br.com.projedata.arcturus.teste.testes.TesteSenhaDeAcesso.acessarPortalComNovaSenha()'><b>acessarPortalComNovaSenha</b><br>Test class: br.com.projedata.arcturus.teste.testes.TesteSenhaDeAcesso</td>
<td><div><pre>java.lang.Throwable: Method TesteSenhaDeAcesso.acessarPortalComNovaSenha()[pri:0, instance:br.com.projedata.arcturus.teste.testes.TesteSenhaDeAcesso@2ef5e5e3] depends on not successfully finished methods
	at java.util.concurrent.ThreadPoolExecutor.runWorker(ThreadPoolExecutor.java:1149)
	at java.util.concurrent.ThreadPoolExecutor$Worker.run(ThreadPoolExecutor.java:624)
	at java.lang.Thread.run(Thread.java:748)
... Removed 3 stack frames</pre></div><a href='#' onClick='toggleBox("stack-trace935267902", this, "Click to show all stack frames", "Click to hide stack frames")'>Click to show all stack frames</a>
<div class='stack-trace' id='stack-trace935267902'><pre>java.lang.Throwable: Method TesteSenhaDeAcesso.acessarPortalComNovaSenha()[pri:0, instance:br.com.projedata.arcturus.teste.testes.TesteSenhaDeAcesso@2ef5e5e3] depends on not successfully finished methods
	at org.testng.internal.Invoker.invokeTestMethods(Invoker.java:1068)
	at org.testng.internal.TestMethodWorker.invokeTestMethods(TestMethodWorker.java:129)
	at org.testng.internal.TestMethodWorker.run(TestMethodWorker.java:112)
	at java.util.concurrent.ThreadPoolExecutor.runWorker(ThreadPoolExecutor.java:1149)
	at java.util.concurrent.ThreadPoolExecutor$Worker.run(ThreadPoolExecutor.java:624)
	at java.lang.Thread.run(Thread.java:748)
</pre></div></td>
<td>0</td>
<td>null</td></tr>
<tr>
<td title='br.com.projedata.arcturus.teste.testes.TestePortal.acessarPortalComNovaSenha()'><b>acessarPortalComNovaSenha</b><br>Test class: br.com.projedata.arcturus.teste.testes.TestePortal</td>
<td><div><pre>java.lang.Throwable: Method TestePortal.acessarPortalComNovaSenha()[pri:0, instance:br.com.projedata.arcturus.teste.testes.TestePortal@48eff760] depends on not successfully finished methods
	at java.util.concurrent.ThreadPoolExecutor.runWorker(ThreadPoolExecutor.java:1149)
	at java.util.concurrent.ThreadPoolExecutor$Worker.run(ThreadPoolExecutor.java:624)
	at java.lang.Thread.run(Thread.java:748)
... Removed 3 stack frames</pre></div><a href='#' onClick='toggleBox("stack-trace1131059580", this, "Click to show all stack frames", "Click to hide stack frames")'>Click to show all stack frames</a>
<div class='stack-trace' id='stack-trace1131059580'><pre>java.lang.Throwable: Method TestePortal.acessarPortalComNovaSenha()[pri:0, instance:br.com.projedata.arcturus.teste.testes.TestePortal@48eff760] depends on not successfully finished methods
	at org.testng.internal.Invoker.invokeTestMethods(Invoker.java:1068)
	at org.testng.internal.TestMethodWorker.invokeTestMethods(TestMethodWorker.java:129)
	at org.testng.internal.TestMethodWorker.run(TestMethodWorker.java:112)
	at java.util.concurrent.ThreadPoolExecutor.runWorker(ThreadPoolExecutor.java:1149)
	at java.util.concurrent.ThreadPoolExecutor$Worker.run(ThreadPoolExecutor.java:624)
	at java.lang.Thread.run(Thread.java:748)
</pre></div></td>
<td>0</td>
<td>null</td></tr>
<tr>
<td title='br.com.projedata.arcturus.teste.testes.TestePortal.acessarPortalComSenhaAntiga()'><b>acessarPortalComSenhaAntiga</b><br>Test class: br.com.projedata.arcturus.teste.testes.TestePortal</td>
<td><div><pre>java.lang.Throwable: Method TestePortal.acessarPortalComSenhaAntiga()[pri:0, instance:br.com.projedata.arcturus.teste.testes.TestePortal@48eff760] depends on not successfully finished methods
	at java.util.concurrent.ThreadPoolExecutor.runWorker(ThreadPoolExecutor.java:1149)
	at java.util.concurrent.ThreadPoolExecutor$Worker.run(ThreadPoolExecutor.java:624)
	at java.lang.Thread.run(Thread.java:748)
... Removed 3 stack frames</pre></div><a href='#' onClick='toggleBox("stack-trace442707528", this, "Click to show all stack frames", "Click to hide stack frames")'>Click to show all stack frames</a>
<div class='stack-trace' id='stack-trace442707528'><pre>java.lang.Throwable: Method TestePortal.acessarPortalComSenhaAntiga()[pri:0, instance:br.com.projedata.arcturus.teste.testes.TestePortal@48eff760] depends on not successfully finished methods
	at org.testng.internal.Invoker.invokeTestMethods(Invoker.java:1068)
	at org.testng.internal.TestMethodWorker.invokeTestMethods(TestMethodWorker.java:129)
	at org.testng.internal.TestMethodWorker.run(TestMethodWorker.java:112)
	at java.util.concurrent.ThreadPoolExecutor.runWorker(ThreadPoolExecutor.java:1149)
	at java.util.concurrent.ThreadPoolExecutor$Worker.run(ThreadPoolExecutor.java:624)
	at java.lang.Thread.run(Thread.java:748)
</pre></div></td>
<td>0</td>
<td>null</td></tr>
<tr>
<td title='br.com.projedata.arcturus.teste.testes.TestePortal.acessarRotinaPeloMenu()'><b>acessarRotinaPeloMenu</b><br>Test class: br.com.projedata.arcturus.teste.testes.TestePortal</td>
<td><div><pre>java.lang.Throwable: Method TestePortal.acessarRotinaPeloMenu()[pri:0, instance:br.com.projedata.arcturus.teste.testes.TestePortal@48eff760] depends on not successfully finished methods
	at java.util.concurrent.ThreadPoolExecutor.runWorker(ThreadPoolExecutor.java:1149)
	at java.util.concurrent.ThreadPoolExecutor$Worker.run(ThreadPoolExecutor.java:624)
	at java.lang.Thread.run(Thread.java:748)
... Removed 3 stack frames</pre></div><a href='#' onClick='toggleBox("stack-trace521327052", this, "Click to show all stack frames", "Click to hide stack frames")'>Click to show all stack frames</a>
<div class='stack-trace' id='stack-trace521327052'><pre>java.lang.Throwable: Method TestePortal.acessarRotinaPeloMenu()[pri:0, instance:br.com.projedata.arcturus.teste.testes.TestePortal@48eff760] depends on not successfully finished methods
	at org.testng.internal.Invoker.invokeTestMethods(Invoker.java:1068)
	at org.testng.internal.TestMethodWorker.invokeTestMethods(TestMethodWorker.java:129)
	at org.testng.internal.TestMethodWorker.run(TestMethodWorker.java:112)
	at java.util.concurrent.ThreadPoolExecutor.runWorker(ThreadPoolExecutor.java:1149)
	at java.util.concurrent.ThreadPoolExecutor$Worker.run(ThreadPoolExecutor.java:624)
	at java.lang.Thread.run(Thread.java:748)
</pre></div></td>
<td>0</td>
<td>null</td></tr>
<tr>
<td title='br.com.projedata.arcturus.teste.testes.TesteSenhaDeAcesso.acessarUrlrecuperarSenhaEnviadoPorEmail()'><b>acessarUrlrecuperarSenhaEnviadoPorEmail</b><br>Test class: br.com.projedata.arcturus.teste.testes.TesteSenhaDeAcesso</td>
<td><div><pre>java.lang.Throwable: Method TesteSenhaDeAcesso.acessarUrlrecuperarSenhaEnviadoPorEmail()[pri:0, instance:br.com.projedata.arcturus.teste.testes.TesteSenhaDeAcesso@2ef5e5e3] depends on not successfully finished methods
	at java.util.concurrent.ThreadPoolExecutor.runWorker(ThreadPoolExecutor.java:1149)
	at java.util.concurrent.ThreadPoolExecutor$Worker.run(ThreadPoolExecutor.java:624)
	at java.lang.Thread.run(Thread.java:748)
... Removed 3 stack frames</pre></div><a href='#' onClick='toggleBox("stack-trace320268727", this, "Click to show all stack frames", "Click to hide stack frames")'>Click to show all stack frames</a>
<div class='stack-trace' id='stack-trace320268727'><pre>java.lang.Throwable: Method TesteSenhaDeAcesso.acessarUrlrecuperarSenhaEnviadoPorEmail()[pri:0, instance:br.com.projedata.arcturus.teste.testes.TesteSenhaDeAcesso@2ef5e5e3] depends on not successfully finished methods
	at org.testng.internal.Invoker.invokeTestMethods(Invoker.java:1068)
	at org.testng.internal.TestMethodWorker.invokeTestMethods(TestMethodWorker.java:129)
	at org.testng.internal.TestMethodWorker.run(TestMethodWorker.java:112)
	at java.util.concurrent.ThreadPoolExecutor.runWorker(ThreadPoolExecutor.java:1149)
	at java.util.concurrent.ThreadPoolExecutor$Worker.run(ThreadPoolExecutor.java:624)
	at java.lang.Thread.run(Thread.java:748)
</pre></div></td>
<td>0</td>
<td>null</td></tr>
<tr>
<td title='br.com.projedata.arcturus.teste.testes.TestePortal.alterarCorPainelPortal()'><b>alterarCorPainelPortal</b><br>Test class: br.com.projedata.arcturus.teste.testes.TestePortal</td>
<td><div><pre>java.lang.Throwable: Method TestePortal.alterarCorPainelPortal()[pri:0, instance:br.com.projedata.arcturus.teste.testes.TestePortal@48eff760] depends on not successfully finished methods
	at java.util.concurrent.ThreadPoolExecutor.runWorker(ThreadPoolExecutor.java:1149)
	at java.util.concurrent.ThreadPoolExecutor$Worker.run(ThreadPoolExecutor.java:624)
	at java.lang.Thread.run(Thread.java:748)
... Removed 3 stack frames</pre></div><a href='#' onClick='toggleBox("stack-trace2127396113", this, "Click to show all stack frames", "Click to hide stack frames")'>Click to show all stack frames</a>
<div class='stack-trace' id='stack-trace2127396113'><pre>java.lang.Throwable: Method TestePortal.alterarCorPainelPortal()[pri:0, instance:br.com.projedata.arcturus.teste.testes.TestePortal@48eff760] depends on not successfully finished methods
	at org.testng.internal.Invoker.invokeTestMethods(Invoker.java:1068)
	at org.testng.internal.TestMethodWorker.invokeTestMethods(TestMethodWorker.java:129)
	at org.testng.internal.TestMethodWorker.run(TestMethodWorker.java:112)
	at java.util.concurrent.ThreadPoolExecutor.runWorker(ThreadPoolExecutor.java:1149)
	at java.util.concurrent.ThreadPoolExecutor$Worker.run(ThreadPoolExecutor.java:624)
	at java.lang.Thread.run(Thread.java:748)
</pre></div></td>
<td>0</td>
<td>null</td></tr>
<tr>
<td title='br.com.projedata.arcturus.teste.testes.TestePortal.alterarEstiloDoPortal()'><b>alterarEstiloDoPortal</b><br>Test class: br.com.projedata.arcturus.teste.testes.TestePortal</td>
<td><div><pre>java.lang.Throwable: Method TestePortal.alterarEstiloDoPortal()[pri:0, instance:br.com.projedata.arcturus.teste.testes.TestePortal@48eff760] depends on not successfully finished methods
	at java.util.concurrent.ThreadPoolExecutor.runWorker(ThreadPoolExecutor.java:1149)
	at java.util.concurrent.ThreadPoolExecutor$Worker.run(ThreadPoolExecutor.java:624)
	at java.lang.Thread.run(Thread.java:748)
... Removed 3 stack frames</pre></div><a href='#' onClick='toggleBox("stack-trace1229371323", this, "Click to show all stack frames", "Click to hide stack frames")'>Click to show all stack frames</a>
<div class='stack-trace' id='stack-trace1229371323'><pre>java.lang.Throwable: Method TestePortal.alterarEstiloDoPortal()[pri:0, instance:br.com.projedata.arcturus.teste.testes.TestePortal@48eff760] depends on not successfully finished methods
	at org.testng.internal.Invoker.invokeTestMethods(Invoker.java:1068)
	at org.testng.internal.TestMethodWorker.invokeTestMethods(TestMethodWorker.java:129)
	at org.testng.internal.TestMethodWorker.run(TestMethodWorker.java:112)
	at java.util.concurrent.ThreadPoolExecutor.runWorker(ThreadPoolExecutor.java:1149)
	at java.util.concurrent.ThreadPoolExecutor$Worker.run(ThreadPoolExecutor.java:624)
	at java.lang.Thread.run(Thread.java:748)
</pre></div></td>
<td>0</td>
<td>null</td></tr>
<tr>
<td title='br.com.projedata.arcturus.teste.testes.TesteInternacionalizacao.alterarIdiomaParaIngles()'><b>alterarIdiomaParaIngles</b><br>Test class: br.com.projedata.arcturus.teste.testes.TesteInternacionalizacao</td>
<td><div><pre>java.lang.Throwable: Method TesteInternacionalizacao.alterarIdiomaParaIngles()[pri:0, instance:br.com.projedata.arcturus.teste.testes.TesteInternacionalizacao@4439f31e] depends on not successfully finished methods
	at java.util.concurrent.ThreadPoolExecutor.runWorker(ThreadPoolExecutor.java:1149)
	at java.util.concurrent.ThreadPoolExecutor$Worker.run(ThreadPoolExecutor.java:624)
	at java.lang.Thread.run(Thread.java:748)
... Removed 3 stack frames</pre></div><a href='#' onClick='toggleBox("stack-trace671710286", this, "Click to show all stack frames", "Click to hide stack frames")'>Click to show all stack frames</a>
<div class='stack-trace' id='stack-trace671710286'><pre>java.lang.Throwable: Method TesteInternacionalizacao.alterarIdiomaParaIngles()[pri:0, instance:br.com.projedata.arcturus.teste.testes.TesteInternacionalizacao@4439f31e] depends on not successfully finished methods
	at org.testng.internal.Invoker.invokeTestMethods(Invoker.java:1068)
	at org.testng.internal.TestMethodWorker.invokeTestMethods(TestMethodWorker.java:129)
	at org.testng.internal.TestMethodWorker.run(TestMethodWorker.java:112)
	at java.util.concurrent.ThreadPoolExecutor.runWorker(ThreadPoolExecutor.java:1149)
	at java.util.concurrent.ThreadPoolExecutor$Worker.run(ThreadPoolExecutor.java:624)
	at java.lang.Thread.run(Thread.java:748)
</pre></div></td>
<td>0</td>
<td>null</td></tr>
<tr>
<td title='br.com.projedata.arcturus.teste.testes.TesteInternacionalizacao.alterarIdiomaParaPortugues()'><b>alterarIdiomaParaPortugues</b><br>Test class: br.com.projedata.arcturus.teste.testes.TesteInternacionalizacao</td>
<td><div><pre>java.lang.Throwable: Method TesteInternacionalizacao.alterarIdiomaParaPortugues()[pri:0, instance:br.com.projedata.arcturus.teste.testes.TesteInternacionalizacao@4439f31e] depends on not successfully finished methods
	at java.util.concurrent.ThreadPoolExecutor.runWorker(ThreadPoolExecutor.java:1149)
	at java.util.concurrent.ThreadPoolExecutor$Worker.run(ThreadPoolExecutor.java:624)
	at java.lang.Thread.run(Thread.java:748)
... Removed 3 stack frames</pre></div><a href='#' onClick='toggleBox("stack-trace87255803", this, "Click to show all stack frames", "Click to hide stack frames")'>Click to show all stack frames</a>
<div class='stack-trace' id='stack-trace87255803'><pre>java.lang.Throwable: Method TesteInternacionalizacao.alterarIdiomaParaPortugues()[pri:0, instance:br.com.projedata.arcturus.teste.testes.TesteInternacionalizacao@4439f31e] depends on not successfully finished methods
	at org.testng.internal.Invoker.invokeTestMethods(Invoker.java:1068)
	at org.testng.internal.TestMethodWorker.invokeTestMethods(TestMethodWorker.java:129)
	at org.testng.internal.TestMethodWorker.run(TestMethodWorker.java:112)
	at java.util.concurrent.ThreadPoolExecutor.runWorker(ThreadPoolExecutor.java:1149)
	at java.util.concurrent.ThreadPoolExecutor$Worker.run(ThreadPoolExecutor.java:624)
	at java.lang.Thread.run(Thread.java:748)
</pre></div></td>
<td>0</td>
<td>null</td></tr>
<tr>
<td title='br.com.projedata.arcturus.teste.testes.TestePortal.alterarSenha()'><b>alterarSenha</b><br>Test class: br.com.projedata.arcturus.teste.testes.TestePortal</td>
<td><div><pre>java.lang.Throwable: Method TestePortal.alterarSenha()[pri:0, instance:br.com.projedata.arcturus.teste.testes.TestePortal@48eff760] depends on not successfully finished methods
	at java.util.concurrent.ThreadPoolExecutor.runWorker(ThreadPoolExecutor.java:1149)
	at java.util.concurrent.ThreadPoolExecutor$Worker.run(ThreadPoolExecutor.java:624)
	at java.lang.Thread.run(Thread.java:748)
... Removed 3 stack frames</pre></div><a href='#' onClick='toggleBox("stack-trace1168116931", this, "Click to show all stack frames", "Click to hide stack frames")'>Click to show all stack frames</a>
<div class='stack-trace' id='stack-trace1168116931'><pre>java.lang.Throwable: Method TestePortal.alterarSenha()[pri:0, instance:br.com.projedata.arcturus.teste.testes.TestePortal@48eff760] depends on not successfully finished methods
	at org.testng.internal.Invoker.invokeTestMethods(Invoker.java:1068)
	at org.testng.internal.TestMethodWorker.invokeTestMethods(TestMethodWorker.java:129)
	at org.testng.internal.TestMethodWorker.run(TestMethodWorker.java:112)
	at java.util.concurrent.ThreadPoolExecutor.runWorker(ThreadPoolExecutor.java:1149)
	at java.util.concurrent.ThreadPoolExecutor$Worker.run(ThreadPoolExecutor.java:624)
	at java.lang.Thread.run(Thread.java:748)
</pre></div></td>
<td>0</td>
<td>null</td></tr>
<tr>
<td title='br.com.projedata.arcturus.teste.testes.TesteSenhaDeAcesso.alterarSenhaParaUmaNova()'><b>alterarSenhaParaUmaNova</b><br>Test class: br.com.projedata.arcturus.teste.testes.TesteSenhaDeAcesso</td>
<td><div><pre>java.lang.Throwable: Method TesteSenhaDeAcesso.alterarSenhaParaUmaNova()[pri:0, instance:br.com.projedata.arcturus.teste.testes.TesteSenhaDeAcesso@2ef5e5e3] depends on not successfully finished methods
	at java.util.concurrent.ThreadPoolExecutor.runWorker(ThreadPoolExecutor.java:1149)
	at java.util.concurrent.ThreadPoolExecutor$Worker.run(ThreadPoolExecutor.java:624)
	at java.lang.Thread.run(Thread.java:748)
... Removed 3 stack frames</pre></div><a href='#' onClick='toggleBox("stack-trace1457715674", this, "Click to show all stack frames", "Click to hide stack frames")'>Click to show all stack frames</a>
<div class='stack-trace' id='stack-trace1457715674'><pre>java.lang.Throwable: Method TesteSenhaDeAcesso.alterarSenhaParaUmaNova()[pri:0, instance:br.com.projedata.arcturus.teste.testes.TesteSenhaDeAcesso@2ef5e5e3] depends on not successfully finished methods
	at org.testng.internal.Invoker.invokeTestMethods(Invoker.java:1068)
	at org.testng.internal.TestMethodWorker.invokeTestMethods(TestMethodWorker.java:129)
	at org.testng.internal.TestMethodWorker.run(TestMethodWorker.java:112)
	at java.util.concurrent.ThreadPoolExecutor.runWorker(ThreadPoolExecutor.java:1149)
	at java.util.concurrent.ThreadPoolExecutor$Worker.run(ThreadPoolExecutor.java:624)
	at java.lang.Thread.run(Thread.java:748)
</pre></div></td>
<td>0</td>
<td>null</td></tr>
<tr>
<td title='br.com.projedata.arcturus.teste.testes.TestePortal.alterarSenhaSenhaAtualInvalida()'><b>alterarSenhaSenhaAtualInvalida</b><br>Test class: br.com.projedata.arcturus.teste.testes.TestePortal</td>
<td><div><pre>java.lang.Throwable: Method TestePortal.alterarSenhaSenhaAtualInvalida()[pri:0, instance:br.com.projedata.arcturus.teste.testes.TestePortal@48eff760] depends on not successfully finished methods
	at java.util.concurrent.ThreadPoolExecutor.runWorker(ThreadPoolExecutor.java:1149)
	at java.util.concurrent.ThreadPoolExecutor$Worker.run(ThreadPoolExecutor.java:624)
	at java.lang.Thread.run(Thread.java:748)
... Removed 3 stack frames</pre></div><a href='#' onClick='toggleBox("stack-trace1521549653", this, "Click to show all stack frames", "Click to hide stack frames")'>Click to show all stack frames</a>
<div class='stack-trace' id='stack-trace1521549653'><pre>java.lang.Throwable: Method TestePortal.alterarSenhaSenhaAtualInvalida()[pri:0, instance:br.com.projedata.arcturus.teste.testes.TestePortal@48eff760] depends on not successfully finished methods
	at org.testng.internal.Invoker.invokeTestMethods(Invoker.java:1068)
	at org.testng.internal.TestMethodWorker.invokeTestMethods(TestMethodWorker.java:129)
	at org.testng.internal.TestMethodWorker.run(TestMethodWorker.java:112)
	at java.util.concurrent.ThreadPoolExecutor.runWorker(ThreadPoolExecutor.java:1149)
	at java.util.concurrent.ThreadPoolExecutor$Worker.run(ThreadPoolExecutor.java:624)
	at java.lang.Thread.run(Thread.java:748)
</pre></div></td>
<td>0</td>
<td>null</td></tr>
<tr>
<td title='br.com.projedata.arcturus.teste.testes.TesteSenhaDeAcesso.alterarSenhaUsuarioIncorreto()'><b>alterarSenhaUsuarioIncorreto</b><br>Test class: br.com.projedata.arcturus.teste.testes.TesteSenhaDeAcesso</td>
<td><div><pre>java.lang.Throwable: Method TesteSenhaDeAcesso.alterarSenhaUsuarioIncorreto()[pri:0, instance:br.com.projedata.arcturus.teste.testes.TesteSenhaDeAcesso@2ef5e5e3] depends on not successfully finished methods
	at java.util.concurrent.ThreadPoolExecutor.runWorker(ThreadPoolExecutor.java:1149)
	at java.util.concurrent.ThreadPoolExecutor$Worker.run(ThreadPoolExecutor.java:624)
	at java.lang.Thread.run(Thread.java:748)
... Removed 3 stack frames</pre></div><a href='#' onClick='toggleBox("stack-trace914093500", this, "Click to show all stack frames", "Click to hide stack frames")'>Click to show all stack frames</a>
<div class='stack-trace' id='stack-trace914093500'><pre>java.lang.Throwable: Method TesteSenhaDeAcesso.alterarSenhaUsuarioIncorreto()[pri:0, instance:br.com.projedata.arcturus.teste.testes.TesteSenhaDeAcesso@2ef5e5e3] depends on not successfully finished methods
	at org.testng.internal.Invoker.invokeTestMethods(Invoker.java:1068)
	at org.testng.internal.TestMethodWorker.invokeTestMethods(TestMethodWorker.java:129)
	at org.testng.internal.TestMethodWorker.run(TestMethodWorker.java:112)
	at java.util.concurrent.ThreadPoolExecutor.runWorker(ThreadPoolExecutor.java:1149)
	at java.util.concurrent.ThreadPoolExecutor$Worker.run(ThreadPoolExecutor.java:624)
	at java.lang.Thread.run(Thread.java:748)
</pre></div></td>
<td>0</td>
<td>null</td></tr>
<tr>
<td title='br.com.projedata.arcturus.teste.testes.TestePortal.ativarDesativarPaineis()'><b>ativarDesativarPaineis</b><br>Test class: br.com.projedata.arcturus.teste.testes.TestePortal</td>
<td><div><pre>java.lang.Throwable: Method TestePortal.ativarDesativarPaineis(java.lang.String, java.lang.String, java.lang.String)[pri:0, instance:br.com.projedata.arcturus.teste.testes.TestePortal@48eff760] depends on not successfully finished methods
	at java.util.concurrent.ThreadPoolExecutor.runWorker(ThreadPoolExecutor.java:1149)
	at java.util.concurrent.ThreadPoolExecutor$Worker.run(ThreadPoolExecutor.java:624)
	at java.lang.Thread.run(Thread.java:748)
... Removed 3 stack frames</pre></div><a href='#' onClick='toggleBox("stack-trace280041842", this, "Click to show all stack frames", "Click to hide stack frames")'>Click to show all stack frames</a>
<div class='stack-trace' id='stack-trace280041842'><pre>java.lang.Throwable: Method TestePortal.ativarDesativarPaineis(java.lang.String, java.lang.String, java.lang.String)[pri:0, instance:br.com.projedata.arcturus.teste.testes.TestePortal@48eff760] depends on not successfully finished methods
	at org.testng.internal.Invoker.invokeTestMethods(Invoker.java:1068)
	at org.testng.internal.TestMethodWorker.invokeTestMethods(TestMethodWorker.java:129)
	at org.testng.internal.TestMethodWorker.run(TestMethodWorker.java:112)
	at java.util.concurrent.ThreadPoolExecutor.runWorker(ThreadPoolExecutor.java:1149)
	at java.util.concurrent.ThreadPoolExecutor$Worker.run(ThreadPoolExecutor.java:624)
	at java.lang.Thread.run(Thread.java:748)
</pre></div></td>
<td>0</td>
<td>null</td></tr>
<tr>
<td title='br.com.projedata.arcturus.teste.testes.TestePortal.atualizarPainelViaComando()'><b>atualizarPainelViaComando</b><br>Test class: br.com.projedata.arcturus.teste.testes.TestePortal</td>
<td><div><pre>java.lang.Throwable: Method TestePortal.atualizarPainelViaComando()[pri:0, instance:br.com.projedata.arcturus.teste.testes.TestePortal@48eff760] depends on not successfully finished methods
	at java.util.concurrent.ThreadPoolExecutor.runWorker(ThreadPoolExecutor.java:1149)
	at java.util.concurrent.ThreadPoolExecutor$Worker.run(ThreadPoolExecutor.java:624)
	at java.lang.Thread.run(Thread.java:748)
... Removed 3 stack frames</pre></div><a href='#' onClick='toggleBox("stack-trace133390241", this, "Click to show all stack frames", "Click to hide stack frames")'>Click to show all stack frames</a>
<div class='stack-trace' id='stack-trace133390241'><pre>java.lang.Throwable: Method TestePortal.atualizarPainelViaComando()[pri:0, instance:br.com.projedata.arcturus.teste.testes.TestePortal@48eff760] depends on not successfully finished methods
	at org.testng.internal.Invoker.invokeTestMethods(Invoker.java:1068)
	at org.testng.internal.TestMethodWorker.invokeTestMethods(TestMethodWorker.java:129)
	at org.testng.internal.TestMethodWorker.run(TestMethodWorker.java:112)
	at java.util.concurrent.ThreadPoolExecutor.runWorker(ThreadPoolExecutor.java:1149)
	at java.util.concurrent.ThreadPoolExecutor$Worker.run(ThreadPoolExecutor.java:624)
	at java.lang.Thread.run(Thread.java:748)
</pre></div></td>
<td>0</td>
<td>null</td></tr>
<tr>
<td title='br.com.projedata.arcturus.teste.testes.TesteSenhaDeAcesso.enviarEmailRecuperarSenha()'><b>enviarEmailRecuperarSenha</b><br>Test class: br.com.projedata.arcturus.teste.testes.TesteSenhaDeAcesso</td>
<td><div><pre>java.lang.Throwable: Method TesteSenhaDeAcesso.enviarEmailRecuperarSenha()[pri:0, instance:br.com.projedata.arcturus.teste.testes.TesteSenhaDeAcesso@2ef5e5e3] depends on not successfully finished methods
	at java.util.concurrent.ThreadPoolExecutor.runWorker(ThreadPoolExecutor.java:1149)
	at java.util.concurrent.ThreadPoolExecutor$Worker.run(ThreadPoolExecutor.java:624)
	at java.lang.Thread.run(Thread.java:748)
... Removed 3 stack frames</pre></div><a href='#' onClick='toggleBox("stack-trace939289143", this, "Click to show all stack frames", "Click to hide stack frames")'>Click to show all stack frames</a>
<div class='stack-trace' id='stack-trace939289143'><pre>java.lang.Throwable: Method TesteSenhaDeAcesso.enviarEmailRecuperarSenha()[pri:0, instance:br.com.projedata.arcturus.teste.testes.TesteSenhaDeAcesso@2ef5e5e3] depends on not successfully finished methods
	at org.testng.internal.Invoker.invokeTestMethods(Invoker.java:1068)
	at org.testng.internal.TestMethodWorker.invokeTestMethods(TestMethodWorker.java:129)
	at org.testng.internal.TestMethodWorker.run(TestMethodWorker.java:112)
	at java.util.concurrent.ThreadPoolExecutor.runWorker(ThreadPoolExecutor.java:1149)
	at java.util.concurrent.ThreadPoolExecutor$Worker.run(ThreadPoolExecutor.java:624)
	at java.lang.Thread.run(Thread.java:748)
</pre></div></td>
<td>0</td>
<td>null</td></tr>
<tr>
<td title='br.com.projedata.arcturus.teste.testes.TestePortal.fecharMenuAoClicarFora()'><b>fecharMenuAoClicarFora</b><br>Test class: br.com.projedata.arcturus.teste.testes.TestePortal</td>
<td><div><pre>java.lang.Throwable: Method TestePortal.fecharMenuAoClicarFora()[pri:0, instance:br.com.projedata.arcturus.teste.testes.TestePortal@48eff760] depends on not successfully finished methods
	at java.util.concurrent.ThreadPoolExecutor.runWorker(ThreadPoolExecutor.java:1149)
	at java.util.concurrent.ThreadPoolExecutor$Worker.run(ThreadPoolExecutor.java:624)
	at java.lang.Thread.run(Thread.java:748)
... Removed 3 stack frames</pre></div><a href='#' onClick='toggleBox("stack-trace1587990759", this, "Click to show all stack frames", "Click to hide stack frames")'>Click to show all stack frames</a>
<div class='stack-trace' id='stack-trace1587990759'><pre>java.lang.Throwable: Method TestePortal.fecharMenuAoClicarFora()[pri:0, instance:br.com.projedata.arcturus.teste.testes.TestePortal@48eff760] depends on not successfully finished methods
	at org.testng.internal.Invoker.invokeTestMethods(Invoker.java:1068)
	at org.testng.internal.TestMethodWorker.invokeTestMethods(TestMethodWorker.java:129)
	at org.testng.internal.TestMethodWorker.run(TestMethodWorker.java:112)
	at java.util.concurrent.ThreadPoolExecutor.runWorker(ThreadPoolExecutor.java:1149)
	at java.util.concurrent.ThreadPoolExecutor$Worker.run(ThreadPoolExecutor.java:624)
	at java.lang.Thread.run(Thread.java:748)
</pre></div></td>
<td>0</td>
<td>null</td></tr>
<tr>
<td title='br.com.projedata.arcturus.teste.testes.TesteSenhaDeAcesso.informarSenhaAtual()'><b>informarSenhaAtual</b><br>Test class: br.com.projedata.arcturus.teste.testes.TesteSenhaDeAcesso</td>
<td><div><pre>java.lang.Throwable: Method TesteSenhaDeAcesso.informarSenhaAtual()[pri:0, instance:br.com.projedata.arcturus.teste.testes.TesteSenhaDeAcesso@2ef5e5e3] depends on not successfully finished methods
	at java.util.concurrent.ThreadPoolExecutor.runWorker(ThreadPoolExecutor.java:1149)
	at java.util.concurrent.ThreadPoolExecutor$Worker.run(ThreadPoolExecutor.java:624)
	at java.lang.Thread.run(Thread.java:748)
... Removed 3 stack frames</pre></div><a href='#' onClick='toggleBox("stack-trace1748032392", this, "Click to show all stack frames", "Click to hide stack frames")'>Click to show all stack frames</a>
<div class='stack-trace' id='stack-trace1748032392'><pre>java.lang.Throwable: Method TesteSenhaDeAcesso.informarSenhaAtual()[pri:0, instance:br.com.projedata.arcturus.teste.testes.TesteSenhaDeAcesso@2ef5e5e3] depends on not successfully finished methods
	at org.testng.internal.Invoker.invokeTestMethods(Invoker.java:1068)
	at org.testng.internal.TestMethodWorker.invokeTestMethods(TestMethodWorker.java:129)
	at org.testng.internal.TestMethodWorker.run(TestMethodWorker.java:112)
	at java.util.concurrent.ThreadPoolExecutor.runWorker(ThreadPoolExecutor.java:1149)
	at java.util.concurrent.ThreadPoolExecutor$Worker.run(ThreadPoolExecutor.java:624)
	at java.lang.Thread.run(Thread.java:748)
</pre></div></td>
<td>0</td>
<td>null</td></tr>
<tr>
<td title='br.com.projedata.arcturus.teste.testes.TesteSenhaDeAcesso.recuperarLoginEnviadoPorEmail()'><b>recuperarLoginEnviadoPorEmail</b><br>Test class: br.com.projedata.arcturus.teste.testes.TesteSenhaDeAcesso</td>
<td><div><pre>java.lang.Throwable: Method TesteSenhaDeAcesso.recuperarLoginEnviadoPorEmail()[pri:0, instance:br.com.projedata.arcturus.teste.testes.TesteSenhaDeAcesso@2ef5e5e3] depends on not successfully finished methods
	at java.util.concurrent.ThreadPoolExecutor.runWorker(ThreadPoolExecutor.java:1149)
	at java.util.concurrent.ThreadPoolExecutor$Worker.run(ThreadPoolExecutor.java:624)
	at java.lang.Thread.run(Thread.java:748)
... Removed 3 stack frames</pre></div><a href='#' onClick='toggleBox("stack-trace147282693", this, "Click to show all stack frames", "Click to hide stack frames")'>Click to show all stack frames</a>
<div class='stack-trace' id='stack-trace147282693'><pre>java.lang.Throwable: Method TesteSenhaDeAcesso.recuperarLoginEnviadoPorEmail()[pri:0, instance:br.com.projedata.arcturus.teste.testes.TesteSenhaDeAcesso@2ef5e5e3] depends on not successfully finished methods
	at org.testng.internal.Invoker.invokeTestMethods(Invoker.java:1068)
	at org.testng.internal.TestMethodWorker.invokeTestMethods(TestMethodWorker.java:129)
	at org.testng.internal.TestMethodWorker.run(TestMethodWorker.java:112)
	at java.util.concurrent.ThreadPoolExecutor.runWorker(ThreadPoolExecutor.java:1149)
	at java.util.concurrent.ThreadPoolExecutor$Worker.run(ThreadPoolExecutor.java:624)
	at java.lang.Thread.run(Thread.java:748)
</pre></div></td>
<td>0</td>
<td>null</td></tr>
<tr>
<td title='br.com.projedata.arcturus.teste.testes.TestePortal.retornarAoEstiloOriginal()'><b>retornarAoEstiloOriginal</b><br>Test class: br.com.projedata.arcturus.teste.testes.TestePortal</td>
<td><div><pre>java.lang.Throwable: Method TestePortal.retornarAoEstiloOriginal()[pri:0, instance:br.com.projedata.arcturus.teste.testes.TestePortal@48eff760] depends on not successfully finished methods
	at java.util.concurrent.ThreadPoolExecutor.runWorker(ThreadPoolExecutor.java:1149)
	at java.util.concurrent.ThreadPoolExecutor$Worker.run(ThreadPoolExecutor.java:624)
	at java.lang.Thread.run(Thread.java:748)
... Removed 3 stack frames</pre></div><a href='#' onClick='toggleBox("stack-trace342153755", this, "Click to show all stack frames", "Click to hide stack frames")'>Click to show all stack frames</a>
<div class='stack-trace' id='stack-trace342153755'><pre>java.lang.Throwable: Method TestePortal.retornarAoEstiloOriginal()[pri:0, instance:br.com.projedata.arcturus.teste.testes.TestePortal@48eff760] depends on not successfully finished methods
	at org.testng.internal.Invoker.invokeTestMethods(Invoker.java:1068)
	at org.testng.internal.TestMethodWorker.invokeTestMethods(TestMethodWorker.java:129)
	at org.testng.internal.TestMethodWorker.run(TestMethodWorker.java:112)
	at java.util.concurrent.ThreadPoolExecutor.runWorker(ThreadPoolExecutor.java:1149)
	at java.util.concurrent.ThreadPoolExecutor$Worker.run(ThreadPoolExecutor.java:624)
	at java.lang.Thread.run(Thread.java:748)
</pre></div></td>
<td>0</td>
<td>null</td></tr>
<tr>
<td title='br.com.projedata.arcturus.teste.testes.TestePortal.retornarSenhaAntiga()'><b>retornarSenhaAntiga</b><br>Test class: br.com.projedata.arcturus.teste.testes.TestePortal</td>
<td><div><pre>java.lang.Throwable: Method TestePortal.retornarSenhaAntiga()[pri:0, instance:br.com.projedata.arcturus.teste.testes.TestePortal@48eff760] depends on not successfully finished methods
	at java.util.concurrent.ThreadPoolExecutor.runWorker(ThreadPoolExecutor.java:1149)
	at java.util.concurrent.ThreadPoolExecutor$Worker.run(ThreadPoolExecutor.java:624)
	at java.lang.Thread.run(Thread.java:748)
... Removed 3 stack frames</pre></div><a href='#' onClick='toggleBox("stack-trace40193328", this, "Click to show all stack frames", "Click to hide stack frames")'>Click to show all stack frames</a>
<div class='stack-trace' id='stack-trace40193328'><pre>java.lang.Throwable: Method TestePortal.retornarSenhaAntiga()[pri:0, instance:br.com.projedata.arcturus.teste.testes.TestePortal@48eff760] depends on not successfully finished methods
	at org.testng.internal.Invoker.invokeTestMethods(Invoker.java:1068)
	at org.testng.internal.TestMethodWorker.invokeTestMethods(TestMethodWorker.java:129)
	at org.testng.internal.TestMethodWorker.run(TestMethodWorker.java:112)
	at java.util.concurrent.ThreadPoolExecutor.runWorker(ThreadPoolExecutor.java:1149)
	at java.util.concurrent.ThreadPoolExecutor$Worker.run(ThreadPoolExecutor.java:624)
	at java.lang.Thread.run(Thread.java:748)
</pre></div></td>
<td>0</td>
<td>null</td></tr>
<tr>
<td title='br.com.projedata.arcturus.teste.testes.TestePortal.selecionarRotinaComASetaDoTeclado()'><b>selecionarRotinaComASetaDoTeclado</b><br>Test class: br.com.projedata.arcturus.teste.testes.TestePortal</td>
<td><div><pre>java.lang.Throwable: Method TestePortal.selecionarRotinaComASetaDoTeclado()[pri:0, instance:br.com.projedata.arcturus.teste.testes.TestePortal@48eff760] depends on not successfully finished methods
	at java.util.concurrent.ThreadPoolExecutor.runWorker(ThreadPoolExecutor.java:1149)
	at java.util.concurrent.ThreadPoolExecutor$Worker.run(ThreadPoolExecutor.java:624)
	at java.lang.Thread.run(Thread.java:748)
... Removed 3 stack frames</pre></div><a href='#' onClick='toggleBox("stack-trace1053449694", this, "Click to show all stack frames", "Click to hide stack frames")'>Click to show all stack frames</a>
<div class='stack-trace' id='stack-trace1053449694'><pre>java.lang.Throwable: Method TestePortal.selecionarRotinaComASetaDoTeclado()[pri:0, instance:br.com.projedata.arcturus.teste.testes.TestePortal@48eff760] depends on not successfully finished methods
	at org.testng.internal.Invoker.invokeTestMethods(Invoker.java:1068)
	at org.testng.internal.TestMethodWorker.invokeTestMethods(TestMethodWorker.java:129)
	at org.testng.internal.TestMethodWorker.run(TestMethodWorker.java:112)
	at java.util.concurrent.ThreadPoolExecutor.runWorker(ThreadPoolExecutor.java:1149)
	at java.util.concurrent.ThreadPoolExecutor$Worker.run(ThreadPoolExecutor.java:624)
	at java.lang.Thread.run(Thread.java:748)
</pre></div></td>
<td>0</td>
<td>null</td></tr>
<tr>
<td title='br.com.projedata.arcturus.teste.testes.TesteSenhaDeAcesso.senhaConfirmarSenhaDiferentes()'><b>senhaConfirmarSenhaDiferentes</b><br>Test class: br.com.projedata.arcturus.teste.testes.TesteSenhaDeAcesso</td>
<td><div><pre>java.lang.Throwable: Method TesteSenhaDeAcesso.senhaConfirmarSenhaDiferentes()[pri:0, instance:br.com.projedata.arcturus.teste.testes.TesteSenhaDeAcesso@2ef5e5e3] depends on not successfully finished methods
	at java.util.concurrent.ThreadPoolExecutor.runWorker(ThreadPoolExecutor.java:1149)
	at java.util.concurrent.ThreadPoolExecutor$Worker.run(ThreadPoolExecutor.java:624)
	at java.lang.Thread.run(Thread.java:748)
... Removed 3 stack frames</pre></div><a href='#' onClick='toggleBox("stack-trace933651874", this, "Click to show all stack frames", "Click to hide stack frames")'>Click to show all stack frames</a>
<div class='stack-trace' id='stack-trace933651874'><pre>java.lang.Throwable: Method TesteSenhaDeAcesso.senhaConfirmarSenhaDiferentes()[pri:0, instance:br.com.projedata.arcturus.teste.testes.TesteSenhaDeAcesso@2ef5e5e3] depends on not successfully finished methods
	at org.testng.internal.Invoker.invokeTestMethods(Invoker.java:1068)
	at org.testng.internal.TestMethodWorker.invokeTestMethods(TestMethodWorker.java:129)
	at org.testng.internal.TestMethodWorker.run(TestMethodWorker.java:112)
	at java.util.concurrent.ThreadPoolExecutor.runWorker(ThreadPoolExecutor.java:1149)
	at java.util.concurrent.ThreadPoolExecutor$Worker.run(ThreadPoolExecutor.java:624)
	at java.lang.Thread.run(Thread.java:748)
</pre></div></td>
<td>0</td>
<td>null</td></tr>
<tr>
<td title='br.com.projedata.arcturus.teste.testes.TestePortal.senhaEconfirmarSenhaDiferentes()'><b>senhaEconfirmarSenhaDiferentes</b><br>Test class: br.com.projedata.arcturus.teste.testes.TestePortal</td>
<td><div><pre>java.lang.Throwable: Method TestePortal.senhaEconfirmarSenhaDiferentes()[pri:0, instance:br.com.projedata.arcturus.teste.testes.TestePortal@48eff760] depends on not successfully finished methods
	at java.util.concurrent.ThreadPoolExecutor.runWorker(ThreadPoolExecutor.java:1149)
	at java.util.concurrent.ThreadPoolExecutor$Worker.run(ThreadPoolExecutor.java:624)
	at java.lang.Thread.run(Thread.java:748)
... Removed 3 stack frames</pre></div><a href='#' onClick='toggleBox("stack-trace1551331166", this, "Click to show all stack frames", "Click to hide stack frames")'>Click to show all stack frames</a>
<div class='stack-trace' id='stack-trace1551331166'><pre>java.lang.Throwable: Method TestePortal.senhaEconfirmarSenhaDiferentes()[pri:0, instance:br.com.projedata.arcturus.teste.testes.TestePortal@48eff760] depends on not successfully finished methods
	at org.testng.internal.Invoker.invokeTestMethods(Invoker.java:1068)
	at org.testng.internal.TestMethodWorker.invokeTestMethods(TestMethodWorker.java:129)
	at org.testng.internal.TestMethodWorker.run(TestMethodWorker.java:112)
	at java.util.concurrent.ThreadPoolExecutor.runWorker(ThreadPoolExecutor.java:1149)
	at java.util.concurrent.ThreadPoolExecutor$Worker.run(ThreadPoolExecutor.java:624)
	at java.lang.Thread.run(Thread.java:748)
</pre></div></td>
<td>0</td>
<td>null</td></tr>
<tr>
<td title='br.com.projedata.arcturus.teste.testes.TestePortal.testarEventoAlterarEmpresa()'><b>testarEventoAlterarEmpresa</b><br>Test class: br.com.projedata.arcturus.teste.testes.TestePortal</td>
<td><div><pre>java.lang.Throwable: Method TestePortal.testarEventoAlterarEmpresa()[pri:0, instance:br.com.projedata.arcturus.teste.testes.TestePortal@48eff760] depends on not successfully finished methods
	at java.util.concurrent.ThreadPoolExecutor.runWorker(ThreadPoolExecutor.java:1149)
	at java.util.concurrent.ThreadPoolExecutor$Worker.run(ThreadPoolExecutor.java:624)
	at java.lang.Thread.run(Thread.java:748)
... Removed 3 stack frames</pre></div><a href='#' onClick='toggleBox("stack-trace656549849", this, "Click to show all stack frames", "Click to hide stack frames")'>Click to show all stack frames</a>
<div class='stack-trace' id='stack-trace656549849'><pre>java.lang.Throwable: Method TestePortal.testarEventoAlterarEmpresa()[pri:0, instance:br.com.projedata.arcturus.teste.testes.TestePortal@48eff760] depends on not successfully finished methods
	at org.testng.internal.Invoker.invokeTestMethods(Invoker.java:1068)
	at org.testng.internal.TestMethodWorker.invokeTestMethods(TestMethodWorker.java:129)
	at org.testng.internal.TestMethodWorker.run(TestMethodWorker.java:112)
	at java.util.concurrent.ThreadPoolExecutor.runWorker(ThreadPoolExecutor.java:1149)
	at java.util.concurrent.ThreadPoolExecutor$Worker.run(ThreadPoolExecutor.java:624)
	at java.lang.Thread.run(Thread.java:748)
</pre></div></td>
<td>0</td>
<td>null</td></tr>
<tr>
<td title='br.com.projedata.arcturus.teste.testes.TestePortal.testeNotificacao()'><b>testeNotificacao</b><br>Test class: br.com.projedata.arcturus.teste.testes.TestePortal</td>
<td><div><pre>java.lang.Throwable: Method TestePortal.testeNotificacao()[pri:0, instance:br.com.projedata.arcturus.teste.testes.TestePortal@48eff760] depends on not successfully finished methods
	at java.util.concurrent.ThreadPoolExecutor.runWorker(ThreadPoolExecutor.java:1149)
	at java.util.concurrent.ThreadPoolExecutor$Worker.run(ThreadPoolExecutor.java:624)
	at java.lang.Thread.run(Thread.java:748)
... Removed 3 stack frames</pre></div><a href='#' onClick='toggleBox("stack-trace497147612", this, "Click to show all stack frames", "Click to hide stack frames")'>Click to show all stack frames</a>
<div class='stack-trace' id='stack-trace497147612'><pre>java.lang.Throwable: Method TestePortal.testeNotificacao()[pri:0, instance:br.com.projedata.arcturus.teste.testes.TestePortal@48eff760] depends on not successfully finished methods
	at org.testng.internal.Invoker.invokeTestMethods(Invoker.java:1068)
	at org.testng.internal.TestMethodWorker.invokeTestMethods(TestMethodWorker.java:129)
	at org.testng.internal.TestMethodWorker.run(TestMethodWorker.java:112)
	at java.util.concurrent.ThreadPoolExecutor.runWorker(ThreadPoolExecutor.java:1149)
	at java.util.concurrent.ThreadPoolExecutor$Worker.run(ThreadPoolExecutor.java:624)
	at java.lang.Thread.run(Thread.java:748)
</pre></div></td>
<td>0</td>
<td>null</td></tr>
<tr>
<td title='br.com.projedata.arcturus.teste.testes.TestePortal.trocarDeEmpresa()'><b>trocarDeEmpresa</b><br>Test class: br.com.projedata.arcturus.teste.testes.TestePortal</td>
<td><div><pre>java.lang.Throwable: Method TestePortal.trocarDeEmpresa()[pri:0, instance:br.com.projedata.arcturus.teste.testes.TestePortal@48eff760] depends on not successfully finished methods
	at java.util.concurrent.ThreadPoolExecutor.runWorker(ThreadPoolExecutor.java:1149)
	at java.util.concurrent.ThreadPoolExecutor$Worker.run(ThreadPoolExecutor.java:624)
	at java.lang.Thread.run(Thread.java:748)
... Removed 3 stack frames</pre></div><a href='#' onClick='toggleBox("stack-trace1899518010", this, "Click to show all stack frames", "Click to hide stack frames")'>Click to show all stack frames</a>
<div class='stack-trace' id='stack-trace1899518010'><pre>java.lang.Throwable: Method TestePortal.trocarDeEmpresa()[pri:0, instance:br.com.projedata.arcturus.teste.testes.TestePortal@48eff760] depends on not successfully finished methods
	at org.testng.internal.Invoker.invokeTestMethods(Invoker.java:1068)
	at org.testng.internal.TestMethodWorker.invokeTestMethods(TestMethodWorker.java:129)
	at org.testng.internal.TestMethodWorker.run(TestMethodWorker.java:112)
	at java.util.concurrent.ThreadPoolExecutor.runWorker(ThreadPoolExecutor.java:1149)
	at java.util.concurrent.ThreadPoolExecutor$Worker.run(ThreadPoolExecutor.java:624)
	at java.lang.Thread.run(Thread.java:748)
</pre></div></td>
<td>0</td>
<td>null</td></tr>
<tr>
<td title='br.com.projedata.arcturus.teste.testes.TestePortal.usuarioSemEmpresaPadraoInformada()'><b>usuarioSemEmpresaPadraoInformada</b><br>Test class: br.com.projedata.arcturus.teste.testes.TestePortal</td>
<td><div><pre>java.lang.Throwable: Method TestePortal.usuarioSemEmpresaPadraoInformada()[pri:0, instance:br.com.projedata.arcturus.teste.testes.TestePortal@48eff760] depends on not successfully finished methods
	at java.util.concurrent.ThreadPoolExecutor.runWorker(ThreadPoolExecutor.java:1149)
	at java.util.concurrent.ThreadPoolExecutor$Worker.run(ThreadPoolExecutor.java:624)
	at java.lang.Thread.run(Thread.java:748)
... Removed 3 stack frames</pre></div><a href='#' onClick='toggleBox("stack-trace1137658833", this, "Click to show all stack frames", "Click to hide stack frames")'>Click to show all stack frames</a>
<div class='stack-trace' id='stack-trace1137658833'><pre>java.lang.Throwable: Method TestePortal.usuarioSemEmpresaPadraoInformada()[pri:0, instance:br.com.projedata.arcturus.teste.testes.TestePortal@48eff760] depends on not successfully finished methods
	at org.testng.internal.Invoker.invokeTestMethods(Invoker.java:1068)
	at org.testng.internal.TestMethodWorker.invokeTestMethods(TestMethodWorker.java:129)
	at org.testng.internal.TestMethodWorker.run(TestMethodWorker.java:112)
	at java.util.concurrent.ThreadPoolExecutor.runWorker(ThreadPoolExecutor.java:1149)
	at java.util.concurrent.ThreadPoolExecutor$Worker.run(ThreadPoolExecutor.java:624)
	at java.lang.Thread.run(Thread.java:748)
</pre></div></td>
<td>0</td>
<td>null</td></tr>
<tr>
<td title='br.com.projedata.arcturus.teste.testes.TesteInternacionalizacao.verificarMensagemConfirmacaoTraduzidaEspanhol()'><b>verificarMensagemConfirmacaoTraduzidaEspanhol</b><br>Test class: br.com.projedata.arcturus.teste.testes.TesteInternacionalizacao</td>
<td><div><pre>java.lang.Throwable: Method TesteInternacionalizacao.verificarMensagemConfirmacaoTraduzidaEspanhol()[pri:0, instance:br.com.projedata.arcturus.teste.testes.TesteInternacionalizacao@4439f31e] depends on not successfully finished methods
	at java.util.concurrent.ThreadPoolExecutor.runWorker(ThreadPoolExecutor.java:1149)
	at java.util.concurrent.ThreadPoolExecutor$Worker.run(ThreadPoolExecutor.java:624)
	at java.lang.Thread.run(Thread.java:748)
... Removed 3 stack frames</pre></div><a href='#' onClick='toggleBox("stack-trace805332411", this, "Click to show all stack frames", "Click to hide stack frames")'>Click to show all stack frames</a>
<div class='stack-trace' id='stack-trace805332411'><pre>java.lang.Throwable: Method TesteInternacionalizacao.verificarMensagemConfirmacaoTraduzidaEspanhol()[pri:0, instance:br.com.projedata.arcturus.teste.testes.TesteInternacionalizacao@4439f31e] depends on not successfully finished methods
	at org.testng.internal.Invoker.invokeTestMethods(Invoker.java:1068)
	at org.testng.internal.TestMethodWorker.invokeTestMethods(TestMethodWorker.java:129)
	at org.testng.internal.TestMethodWorker.run(TestMethodWorker.java:112)
	at java.util.concurrent.ThreadPoolExecutor.runWorker(ThreadPoolExecutor.java:1149)
	at java.util.concurrent.ThreadPoolExecutor$Worker.run(ThreadPoolExecutor.java:624)
	at java.lang.Thread.run(Thread.java:748)
</pre></div></td>
<td>0</td>
<td>null</td></tr>
<tr>
<td title='br.com.projedata.arcturus.teste.testes.TesteInternacionalizacao.verificarMensagemConfirmacaoTraduzidaIngles()'><b>verificarMensagemConfirmacaoTraduzidaIngles</b><br>Test class: br.com.projedata.arcturus.teste.testes.TesteInternacionalizacao</td>
<td><div><pre>java.lang.Throwable: Method TesteInternacionalizacao.verificarMensagemConfirmacaoTraduzidaIngles()[pri:0, instance:br.com.projedata.arcturus.teste.testes.TesteInternacionalizacao@4439f31e] depends on not successfully finished methods
	at java.util.concurrent.ThreadPoolExecutor.runWorker(ThreadPoolExecutor.java:1149)
	at java.util.concurrent.ThreadPoolExecutor$Worker.run(ThreadPoolExecutor.java:624)
	at java.lang.Thread.run(Thread.java:748)
... Removed 3 stack frames</pre></div><a href='#' onClick='toggleBox("stack-trace1012045405", this, "Click to show all stack frames", "Click to hide stack frames")'>Click to show all stack frames</a>
<div class='stack-trace' id='stack-trace1012045405'><pre>java.lang.Throwable: Method TesteInternacionalizacao.verificarMensagemConfirmacaoTraduzidaIngles()[pri:0, instance:br.com.projedata.arcturus.teste.testes.TesteInternacionalizacao@4439f31e] depends on not successfully finished methods
	at org.testng.internal.Invoker.invokeTestMethods(Invoker.java:1068)
	at org.testng.internal.TestMethodWorker.invokeTestMethods(TestMethodWorker.java:129)
	at org.testng.internal.TestMethodWorker.run(TestMethodWorker.java:112)
	at java.util.concurrent.ThreadPoolExecutor.runWorker(ThreadPoolExecutor.java:1149)
	at java.util.concurrent.ThreadPoolExecutor$Worker.run(ThreadPoolExecutor.java:624)
	at java.lang.Thread.run(Thread.java:748)
</pre></div></td>
<td>0</td>
<td>null</td></tr>
<tr>
<td title='br.com.projedata.arcturus.teste.testes.TesteInternacionalizacao.verificarMensagemErroTraduzidaEspanhol()'><b>verificarMensagemErroTraduzidaEspanhol</b><br>Test class: br.com.projedata.arcturus.teste.testes.TesteInternacionalizacao</td>
<td><div><pre>java.lang.Throwable: Method TesteInternacionalizacao.verificarMensagemErroTraduzidaEspanhol()[pri:0, instance:br.com.projedata.arcturus.teste.testes.TesteInternacionalizacao@4439f31e] depends on not successfully finished methods
	at java.util.concurrent.ThreadPoolExecutor.runWorker(ThreadPoolExecutor.java:1149)
	at java.util.concurrent.ThreadPoolExecutor$Worker.run(ThreadPoolExecutor.java:624)
	at java.lang.Thread.run(Thread.java:748)
... Removed 3 stack frames</pre></div><a href='#' onClick='toggleBox("stack-trace426538023", this, "Click to show all stack frames", "Click to hide stack frames")'>Click to show all stack frames</a>
<div class='stack-trace' id='stack-trace426538023'><pre>java.lang.Throwable: Method TesteInternacionalizacao.verificarMensagemErroTraduzidaEspanhol()[pri:0, instance:br.com.projedata.arcturus.teste.testes.TesteInternacionalizacao@4439f31e] depends on not successfully finished methods
	at org.testng.internal.Invoker.invokeTestMethods(Invoker.java:1068)
	at org.testng.internal.TestMethodWorker.invokeTestMethods(TestMethodWorker.java:129)
	at org.testng.internal.TestMethodWorker.run(TestMethodWorker.java:112)
	at java.util.concurrent.ThreadPoolExecutor.runWorker(ThreadPoolExecutor.java:1149)
	at java.util.concurrent.ThreadPoolExecutor$Worker.run(ThreadPoolExecutor.java:624)
	at java.lang.Thread.run(Thread.java:748)
</pre></div></td>
<td>0</td>
<td>null</td></tr>
<tr>
<td title='br.com.projedata.arcturus.teste.testes.TesteInternacionalizacao.verificarMensagemErroTraduzidaIngles()'><b>verificarMensagemErroTraduzidaIngles</b><br>Test class: br.com.projedata.arcturus.teste.testes.TesteInternacionalizacao</td>
<td><div><pre>java.lang.Throwable: Method TesteInternacionalizacao.verificarMensagemErroTraduzidaIngles()[pri:0, instance:br.com.projedata.arcturus.teste.testes.TesteInternacionalizacao@4439f31e] depends on not successfully finished methods
	at java.util.concurrent.ThreadPoolExecutor.runWorker(ThreadPoolExecutor.java:1149)
	at java.util.concurrent.ThreadPoolExecutor$Worker.run(ThreadPoolExecutor.java:624)
	at java.lang.Thread.run(Thread.java:748)
... Removed 3 stack frames</pre></div><a href='#' onClick='toggleBox("stack-trace1935957886", this, "Click to show all stack frames", "Click to hide stack frames")'>Click to show all stack frames</a>
<div class='stack-trace' id='stack-trace1935957886'><pre>java.lang.Throwable: Method TesteInternacionalizacao.verificarMensagemErroTraduzidaIngles()[pri:0, instance:br.com.projedata.arcturus.teste.testes.TesteInternacionalizacao@4439f31e] depends on not successfully finished methods
	at org.testng.internal.Invoker.invokeTestMethods(Invoker.java:1068)
	at org.testng.internal.TestMethodWorker.invokeTestMethods(TestMethodWorker.java:129)
	at org.testng.internal.TestMethodWorker.run(TestMethodWorker.java:112)
	at java.util.concurrent.ThreadPoolExecutor.runWorker(ThreadPoolExecutor.java:1149)
	at java.util.concurrent.ThreadPoolExecutor$Worker.run(ThreadPoolExecutor.java:624)
	at java.lang.Thread.run(Thread.java:748)
</pre></div></td>
<td>0</td>
<td>null</td></tr>
<tr>
<td title='br.com.projedata.arcturus.teste.testes.TesteInternacionalizacao.verificarRelatorioTraduzidoEspanhol()'><b>verificarRelatorioTraduzidoEspanhol</b><br>Test class: br.com.projedata.arcturus.teste.testes.TesteInternacionalizacao</td>
<td><div><pre>java.lang.Throwable: Method TesteInternacionalizacao.verificarRelatorioTraduzidoEspanhol()[pri:0, instance:br.com.projedata.arcturus.teste.testes.TesteInternacionalizacao@4439f31e] depends on not successfully finished methods
	at java.util.concurrent.ThreadPoolExecutor.runWorker(ThreadPoolExecutor.java:1149)
	at java.util.concurrent.ThreadPoolExecutor$Worker.run(ThreadPoolExecutor.java:624)
	at java.lang.Thread.run(Thread.java:748)
... Removed 3 stack frames</pre></div><a href='#' onClick='toggleBox("stack-trace36623468", this, "Click to show all stack frames", "Click to hide stack frames")'>Click to show all stack frames</a>
<div class='stack-trace' id='stack-trace36623468'><pre>java.lang.Throwable: Method TesteInternacionalizacao.verificarRelatorioTraduzidoEspanhol()[pri:0, instance:br.com.projedata.arcturus.teste.testes.TesteInternacionalizacao@4439f31e] depends on not successfully finished methods
	at org.testng.internal.Invoker.invokeTestMethods(Invoker.java:1068)
	at org.testng.internal.TestMethodWorker.invokeTestMethods(TestMethodWorker.java:129)
	at org.testng.internal.TestMethodWorker.run(TestMethodWorker.java:112)
	at java.util.concurrent.ThreadPoolExecutor.runWorker(ThreadPoolExecutor.java:1149)
	at java.util.concurrent.ThreadPoolExecutor$Worker.run(ThreadPoolExecutor.java:624)
	at java.lang.Thread.run(Thread.java:748)
</pre></div></td>
<td>0</td>
<td>null</td></tr>
<tr>
<td title='br.com.projedata.arcturus.teste.testes.TesteInternacionalizacao.verificarRelatorioTraduzidoIngles()'><b>verificarRelatorioTraduzidoIngles</b><br>Test class: br.com.projedata.arcturus.teste.testes.TesteInternacionalizacao</td>
<td><div><pre>java.lang.Throwable: Method TesteInternacionalizacao.verificarRelatorioTraduzidoIngles()[pri:0, instance:br.com.projedata.arcturus.teste.testes.TesteInternacionalizacao@4439f31e] depends on not successfully finished methods
	at java.util.concurrent.ThreadPoolExecutor.runWorker(ThreadPoolExecutor.java:1149)
	at java.util.concurrent.ThreadPoolExecutor$Worker.run(ThreadPoolExecutor.java:624)
	at java.lang.Thread.run(Thread.java:748)
... Removed 3 stack frames</pre></div><a href='#' onClick='toggleBox("stack-trace620965780", this, "Click to show all stack frames", "Click to hide stack frames")'>Click to show all stack frames</a>
<div class='stack-trace' id='stack-trace620965780'><pre>java.lang.Throwable: Method TesteInternacionalizacao.verificarRelatorioTraduzidoIngles()[pri:0, instance:br.com.projedata.arcturus.teste.testes.TesteInternacionalizacao@4439f31e] depends on not successfully finished methods
	at org.testng.internal.Invoker.invokeTestMethods(Invoker.java:1068)
	at org.testng.internal.TestMethodWorker.invokeTestMethods(TestMethodWorker.java:129)
	at org.testng.internal.TestMethodWorker.run(TestMethodWorker.java:112)
	at java.util.concurrent.ThreadPoolExecutor.runWorker(ThreadPoolExecutor.java:1149)
	at java.util.concurrent.ThreadPoolExecutor$Worker.run(ThreadPoolExecutor.java:624)
	at java.lang.Thread.run(Thread.java:748)
</pre></div></td>
<td>0</td>
<td>null</td></tr>
<tr>
<td title='br.com.projedata.arcturus.teste.testes.TesteInternacionalizacao.verificarRotinaTraduzidaParaEspanhol()'><b>verificarRotinaTraduzidaParaEspanhol</b><br>Test class: br.com.projedata.arcturus.teste.testes.TesteInternacionalizacao</td>
<td><div><pre>java.lang.Throwable: Method TesteInternacionalizacao.verificarRotinaTraduzidaParaEspanhol()[pri:0, instance:br.com.projedata.arcturus.teste.testes.TesteInternacionalizacao@4439f31e] depends on not successfully finished methods
	at java.util.concurrent.ThreadPoolExecutor.runWorker(ThreadPoolExecutor.java:1149)
	at java.util.concurrent.ThreadPoolExecutor$Worker.run(ThreadPoolExecutor.java:624)
	at java.lang.Thread.run(Thread.java:748)
... Removed 3 stack frames</pre></div><a href='#' onClick='toggleBox("stack-trace1382510583", this, "Click to show all stack frames", "Click to hide stack frames")'>Click to show all stack frames</a>
<div class='stack-trace' id='stack-trace1382510583'><pre>java.lang.Throwable: Method TesteInternacionalizacao.verificarRotinaTraduzidaParaEspanhol()[pri:0, instance:br.com.projedata.arcturus.teste.testes.TesteInternacionalizacao@4439f31e] depends on not successfully finished methods
	at org.testng.internal.Invoker.invokeTestMethods(Invoker.java:1068)
	at org.testng.internal.TestMethodWorker.invokeTestMethods(TestMethodWorker.java:129)
	at org.testng.internal.TestMethodWorker.run(TestMethodWorker.java:112)
	at java.util.concurrent.ThreadPoolExecutor.runWorker(ThreadPoolExecutor.java:1149)
	at java.util.concurrent.ThreadPoolExecutor$Worker.run(ThreadPoolExecutor.java:624)
	at java.lang.Thread.run(Thread.java:748)
</pre></div></td>
<td>0</td>
<td>null</td></tr>
<tr>
<td title='br.com.projedata.arcturus.teste.testes.TesteInternacionalizacao.verificarRotinaTraduzidaParaIngles()'><b>verificarRotinaTraduzidaParaIngles</b><br>Test class: br.com.projedata.arcturus.teste.testes.TesteInternacionalizacao</td>
<td><div><pre>java.lang.Throwable: Method TesteInternacionalizacao.verificarRotinaTraduzidaParaIngles()[pri:0, instance:br.com.projedata.arcturus.teste.testes.TesteInternacionalizacao@4439f31e] depends on not successfully finished methods
	at java.util.concurrent.ThreadPoolExecutor.runWorker(ThreadPoolExecutor.java:1149)
	at java.util.concurrent.ThreadPoolExecutor$Worker.run(ThreadPoolExecutor.java:624)
	at java.lang.Thread.run(Thread.java:748)
... Removed 3 stack frames</pre></div><a href='#' onClick='toggleBox("stack-trace1929150901", this, "Click to show all stack frames", "Click to hide stack frames")'>Click to show all stack frames</a>
<div class='stack-trace' id='stack-trace1929150901'><pre>java.lang.Throwable: Method TesteInternacionalizacao.verificarRotinaTraduzidaParaIngles()[pri:0, instance:br.com.projedata.arcturus.teste.testes.TesteInternacionalizacao@4439f31e] depends on not successfully finished methods
	at org.testng.internal.Invoker.invokeTestMethods(Invoker.java:1068)
	at org.testng.internal.TestMethodWorker.invokeTestMethods(TestMethodWorker.java:129)
	at org.testng.internal.TestMethodWorker.run(TestMethodWorker.java:112)
	at java.util.concurrent.ThreadPoolExecutor.runWorker(ThreadPoolExecutor.java:1149)
	at java.util.concurrent.ThreadPoolExecutor$Worker.run(ThreadPoolExecutor.java:624)
	at java.lang.Thread.run(Thread.java:748)
</pre></div></td>
<td>0</td>
<td>null</td></tr>
<tr>
<td title='br.com.projedata.arcturus.teste.testes.TesteInternacionalizacao.verificarRotinaTraduzidaParaPortugues()'><b>verificarRotinaTraduzidaParaPortugues</b><br>Test class: br.com.projedata.arcturus.teste.testes.TesteInternacionalizacao</td>
<td><div><pre>java.lang.Throwable: Method TesteInternacionalizacao.verificarRotinaTraduzidaParaPortugues()[pri:0, instance:br.com.projedata.arcturus.teste.testes.TesteInternacionalizacao@4439f31e] depends on not successfully finished methods
	at java.util.concurrent.ThreadPoolExecutor.runWorker(ThreadPoolExecutor.java:1149)
	at java.util.concurrent.ThreadPoolExecutor$Worker.run(ThreadPoolExecutor.java:624)
	at java.lang.Thread.run(Thread.java:748)
... Removed 3 stack frames</pre></div><a href='#' onClick='toggleBox("stack-trace660744411", this, "Click to show all stack frames", "Click to hide stack frames")'>Click to show all stack frames</a>
<div class='stack-trace' id='stack-trace660744411'><pre>java.lang.Throwable: Method TesteInternacionalizacao.verificarRotinaTraduzidaParaPortugues()[pri:0, instance:br.com.projedata.arcturus.teste.testes.TesteInternacionalizacao@4439f31e] depends on not successfully finished methods
	at org.testng.internal.Invoker.invokeTestMethods(Invoker.java:1068)
	at org.testng.internal.TestMethodWorker.invokeTestMethods(TestMethodWorker.java:129)
	at org.testng.internal.TestMethodWorker.run(TestMethodWorker.java:112)
	at java.util.concurrent.ThreadPoolExecutor.runWorker(ThreadPoolExecutor.java:1149)
	at java.util.concurrent.ThreadPoolExecutor$Worker.run(ThreadPoolExecutor.java:624)
	at java.lang.Thread.run(Thread.java:748)
</pre></div></td>
<td>0</td>
<td>null</td></tr>
<tr>
<td title='br.com.projedata.arcturus.teste.testes.TesteInternacionalizacao.verificarTelaDeLoginEspanhol()'><b>verificarTelaDeLoginEspanhol</b><br>Test class: br.com.projedata.arcturus.teste.testes.TesteInternacionalizacao</td>
<td><div><pre>java.lang.Throwable: Method TesteInternacionalizacao.verificarTelaDeLoginEspanhol()[pri:0, instance:br.com.projedata.arcturus.teste.testes.TesteInternacionalizacao@4439f31e] depends on not successfully finished methods
	at java.util.concurrent.ThreadPoolExecutor.runWorker(ThreadPoolExecutor.java:1149)
	at java.util.concurrent.ThreadPoolExecutor$Worker.run(ThreadPoolExecutor.java:624)
	at java.lang.Thread.run(Thread.java:748)
... Removed 3 stack frames</pre></div><a href='#' onClick='toggleBox("stack-trace1564515890", this, "Click to show all stack frames", "Click to hide stack frames")'>Click to show all stack frames</a>
<div class='stack-trace' id='stack-trace1564515890'><pre>java.lang.Throwable: Method TesteInternacionalizacao.verificarTelaDeLoginEspanhol()[pri:0, instance:br.com.projedata.arcturus.teste.testes.TesteInternacionalizacao@4439f31e] depends on not successfully finished methods
	at org.testng.internal.Invoker.invokeTestMethods(Invoker.java:1068)
	at org.testng.internal.TestMethodWorker.invokeTestMethods(TestMethodWorker.java:129)
	at org.testng.internal.TestMethodWorker.run(TestMethodWorker.java:112)
	at java.util.concurrent.ThreadPoolExecutor.runWorker(ThreadPoolExecutor.java:1149)
	at java.util.concurrent.ThreadPoolExecutor$Worker.run(ThreadPoolExecutor.java:624)
	at java.lang.Thread.run(Thread.java:748)
</pre></div></td>
<td>0</td>
<td>null</td></tr>
<tr>
<td title='br.com.projedata.arcturus.teste.testes.TesteInternacionalizacao.verificarTelaDeLoginIngles()'><b>verificarTelaDeLoginIngles</b><br>Test class: br.com.projedata.arcturus.teste.testes.TesteInternacionalizacao</td>
<td><div><pre>java.lang.Throwable: Method TesteInternacionalizacao.verificarTelaDeLoginIngles()[pri:0, instance:br.com.projedata.arcturus.teste.testes.TesteInternacionalizacao@4439f31e] depends on not successfully finished methods
	at java.util.concurrent.ThreadPoolExecutor.runWorker(ThreadPoolExecutor.java:1149)
	at java.util.concurrent.ThreadPoolExecutor$Worker.run(ThreadPoolExecutor.java:624)
	at java.lang.Thread.run(Thread.java:748)
... Removed 3 stack frames</pre></div><a href='#' onClick='toggleBox("stack-trace627040608", this, "Click to show all stack frames", "Click to hide stack frames")'>Click to show all stack frames</a>
<div class='stack-trace' id='stack-trace627040608'><pre>java.lang.Throwable: Method TesteInternacionalizacao.verificarTelaDeLoginIngles()[pri:0, instance:br.com.projedata.arcturus.teste.testes.TesteInternacionalizacao@4439f31e] depends on not successfully finished methods
	at org.testng.internal.Invoker.invokeTestMethods(Invoker.java:1068)
	at org.testng.internal.TestMethodWorker.invokeTestMethods(TestMethodWorker.java:129)
	at org.testng.internal.TestMethodWorker.run(TestMethodWorker.java:112)
	at java.util.concurrent.ThreadPoolExecutor.runWorker(ThreadPoolExecutor.java:1149)
	at java.util.concurrent.ThreadPoolExecutor$Worker.run(ThreadPoolExecutor.java:624)
	at java.lang.Thread.run(Thread.java:748)
</pre></div></td>
<td>0</td>
<td>null</td></tr>
<tr>
<td title='br.com.projedata.arcturus.teste.testes.TestePortal.verificarWidGetsAoTrocarDeEmpresa()'><b>verificarWidGetsAoTrocarDeEmpresa</b><br>Test class: br.com.projedata.arcturus.teste.testes.TestePortal</td>
<td><div><pre>java.lang.Throwable: Method TestePortal.verificarWidGetsAoTrocarDeEmpresa()[pri:0, instance:br.com.projedata.arcturus.teste.testes.TestePortal@48eff760] depends on not successfully finished methods
	at java.util.concurrent.ThreadPoolExecutor.runWorker(ThreadPoolExecutor.java:1149)
	at java.util.concurrent.ThreadPoolExecutor$Worker.run(ThreadPoolExecutor.java:624)
	at java.lang.Thread.run(Thread.java:748)
... Removed 3 stack frames</pre></div><a href='#' onClick='toggleBox("stack-trace2051668219", this, "Click to show all stack frames", "Click to hide stack frames")'>Click to show all stack frames</a>
<div class='stack-trace' id='stack-trace2051668219'><pre>java.lang.Throwable: Method TestePortal.verificarWidGetsAoTrocarDeEmpresa()[pri:0, instance:br.com.projedata.arcturus.teste.testes.TestePortal@48eff760] depends on not successfully finished methods
	at org.testng.internal.Invoker.invokeTestMethods(Invoker.java:1068)
	at org.testng.internal.TestMethodWorker.invokeTestMethods(TestMethodWorker.java:129)
	at org.testng.internal.TestMethodWorker.run(TestMethodWorker.java:112)
	at java.util.concurrent.ThreadPoolExecutor.runWorker(ThreadPoolExecutor.java:1149)
	at java.util.concurrent.ThreadPoolExecutor$Worker.run(ThreadPoolExecutor.java:624)
	at java.lang.Thread.run(Thread.java:748)
</pre></div></td>
<td>0</td>
<td>null</td></tr>
</table><p>
</body>
</html>