<?xml version="1.0" encoding="UTF-8"?>
<!-- Generated by org.testng.reporters.JUnitXMLReporter -->
<testsuite hostname="gustavo-184" ignored="0" name="ChromeTest" tests="88" failures="2" timestamp="21 nov 2018 12:02:29 GMT" time="111.438" errors="0">
  <testcase name="abrirRotinaTeste02" time="5.684" classname="br.com.projedata.arcturus.teste.testes.TesteRotinaTeste02"/>
  <testcase name="selecionarValorEmBrancoComboBox" time="12.586" classname="br.com.projedata.arcturus.teste.testes.TesteParc001"/>
  <testcase name="testarCriacaoDeFiltroEmCliente" time="10.671" classname="br.com.projedata.arcturus.teste.testes.TesteParc007"/>
  <testcase name="testarEventoAposAbrirTela" time="0.046" classname="br.com.projedata.arcturus.teste.testes.TesteRotinaTeste02"/>
  <testcase name="naoPermitirSairDoRegistroQuandoInvalido" time="3.811" classname="br.com.projedata.arcturus.teste.testes.TesteParc001"/>
  <testcase name="excluirFiltro" time="4.122" classname="br.com.projedata.arcturus.teste.testes.TesteParc007"/>
  <testcase name="criarRegistroSemAlteracao" time="1.911" classname="br.com.projedata.arcturus.teste.testes.TesteRotinaTeste02"/>
  <testcase name="teclarF6EmBlocoComRegistroInvalido" time="0.808" classname="br.com.projedata.arcturus.teste.testes.TesteParc001"/>
  <testcase name="cadastrarNovoFiltro" time="7.82" classname="br.com.projedata.arcturus.teste.testes.TesteParc007"/>
  <testcase name="salvarRegistroSemAlteracao" time="0.639" classname="br.com.projedata.arcturus.teste.testes.TesteRotinaTeste02"/>
  <testcase name="teclarF4EmBlocoComRegistroInvalido" time="0.088" classname="br.com.projedata.arcturus.teste.testes.TesteParc001"/>
  <testcase name="consultarFiltros" time="1.795" classname="br.com.projedata.arcturus.teste.testes.TesteParc007"/>
  <testcase name="excluirRegistro" time="0.246" classname="br.com.projedata.arcturus.teste.testes.TesteRotinaTeste02"/>
  <testcase name="naoPermitirSairDoRegistroQuandoInvalidoClicandoNaBarraDeRolagem" time="0.165" classname="br.com.projedata.arcturus.teste.testes.TesteParc001"/>
  <testcase name="excluirFiltroArcturus" time="1.599" classname="br.com.projedata.arcturus.teste.testes.TesteParc007"/>
  <testcase name="cancelarRegistroSemAlteracao" time="1.15" classname="br.com.projedata.arcturus.teste.testes.TesteRotinaTeste02"/>
  <testcase name="verificarSeNaoPermiteSairDoCampoInvalido" time="3.042" classname="br.com.projedata.arcturus.teste.testes.TesteParc001"/>
  <testcase name="cancelarRegistroSemAlteracaoOpcaoSim" time="2.104" classname="br.com.projedata.arcturus.teste.testes.TesteRotinaTeste02"/>
  <testcase name="cancelarRegistroSemAlteracaoOpcaoCancelar" time="1.129" classname="br.com.projedata.arcturus.teste.testes.TesteRotinaTeste02"/>
  <testcase name="limparRegistro" time="0.992" classname="br.com.projedata.arcturus.teste.testes.TesteRotinaTeste02"/>
  <testcase name="consultarRegistroPorCodigo" time="10.877" classname="br.com.projedata.arcturus.teste.testes.TesteRotinaTeste02">
    <failure type="org.openqa.selenium.TimeoutException" message="Expected condition failed: waiting for br.com.projedata.teste.util.recursos.Espera$11@428760e2 (tried for 10 second(s) with 500 milliseconds interval)
Build info: version: &amp;apos;3.14.0&amp;apos;, revision: &amp;apos;aacccce0&amp;apos;, time: &amp;apos;2018-08-02T20:19:58.91Z&amp;apos;
System info: host: &amp;apos;gustavo-184&amp;apos;, ip: &amp;apos;127.0.1.1&amp;apos;, os.name: &amp;apos;Linux&amp;apos;, os.arch: &amp;apos;amd64&amp;apos;, os.version: &amp;apos;4.15.0-39-generic&amp;apos;, java.version: &amp;apos;1.8.0_172&amp;apos;
Driver info: org.openqa.selenium.chrome.ChromeDriver
Capabilities {acceptInsecureCerts: false, acceptSslCerts: false, applicationCacheEnabled: false, browserConnectionEnabled: false, browserName: chrome, chrome: {chromedriverVersion: 2.38.552522 (437e6fbedfa876..., userDataDir: /tmp/.org.chromium.Chromium...}, cssSelectorsEnabled: true, databaseEnabled: false, handlesAlerts: true, hasTouchScreen: false, javascriptEnabled: true, locationContextEnabled: true, mobileEmulationEnabled: false, nativeEvents: true, networkConnectionEnabled: false, pageLoadStrategy: normal, platform: LINUX, platformName: LINUX, rotatable: false, setWindowRect: true, takesHeapSnapshot: true, takesScreenshot: true, unexpectedAlertBehaviour: , unhandledPromptBehavior: , version: 66.0.3359.139, webStorageEnabled: true}
Session ID: 4b9ed6d45c4ecc95f0a5e8f16c776b70">
      <![CDATA[org.openqa.selenium.TimeoutException: Expected condition failed: waiting for br.com.projedata.teste.util.recursos.Espera$11@428760e2 (tried for 10 second(s) with 500 milliseconds interval)
Build info: version: '3.14.0', revision: 'aacccce0', time: '2018-08-02T20:19:58.91Z'
System info: host: 'gustavo-184', ip: '127.0.1.1', os.name: 'Linux', os.arch: 'amd64', os.version: '4.15.0-39-generic', java.version: '1.8.0_172'
Driver info: org.openqa.selenium.chrome.ChromeDriver
Capabilities {acceptInsecureCerts: false, acceptSslCerts: false, applicationCacheEnabled: false, browserConnectionEnabled: false, browserName: chrome, chrome: {chromedriverVersion: 2.38.552522 (437e6fbedfa876..., userDataDir: /tmp/.org.chromium.Chromium...}, cssSelectorsEnabled: true, databaseEnabled: false, handlesAlerts: true, hasTouchScreen: false, javascriptEnabled: true, locationContextEnabled: true, mobileEmulationEnabled: false, nativeEvents: true, networkConnectionEnabled: false, pageLoadStrategy: normal, platform: LINUX, platformName: LINUX, rotatable: false, setWindowRect: true, takesHeapSnapshot: true, takesScreenshot: true, unexpectedAlertBehaviour: , unhandledPromptBehavior: , version: 66.0.3359.139, webStorageEnabled: true}
Session ID: 4b9ed6d45c4ecc95f0a5e8f16c776b70
	at org.openqa.selenium.support.ui.WebDriverWait.timeoutException(WebDriverWait.java:113)
	at org.openqa.selenium.support.ui.FluentWait.until(FluentWait.java:283)
	at br.com.projedata.teste.util.recursos.Espera.aguardarAtributoDoElementoConterOValor(Espera.java:306)
	at br.com.projedata.arcturus.teste.testes.TesteRotinaTeste02.consultarRegistroPorCodigo(TesteRotinaTeste02.java:148)
	at java.util.concurrent.ThreadPoolExecutor.runWorker(ThreadPoolExecutor.java:1149)
	at java.util.concurrent.ThreadPoolExecutor$Worker.run(ThreadPoolExecutor.java:624)
	at java.lang.Thread.run(Thread.java:748)
... Removed 10 stack frames]]>
    </failure>
  </testcase> <!-- consultarRegistroPorCodigo -->
  <testcase name="consultarRegistroPorCodigoDetalhe" time="0.0" classname="br.com.projedata.arcturus.teste.testes.TesteRotinaTeste02">
    <skipped/>
  </testcase> <!-- consultarRegistroPorCodigoDetalhe -->
  <testcase name="consultarRegistroPorCodigoTabelaDinamica" time="0.001" classname="br.com.projedata.arcturus.teste.testes.TesteRotinaTeste02">
    <skipped/>
  </testcase> <!-- consultarRegistroPorCodigoTabelaDinamica -->
  <testcase name="consultarTodosRegistros" time="0.0" classname="br.com.projedata.arcturus.teste.testes.TesteRotinaTeste02">
    <skipped/>
  </testcase> <!-- consultarTodosRegistros -->
  <testcase name="navegarProximoRegistro" time="0.0" classname="br.com.projedata.arcturus.teste.testes.TesteRotinaTeste02">
    <skipped/>
  </testcase> <!-- navegarProximoRegistro -->
  <testcase name="navegarProximaPagina" time="0.0" classname="br.com.projedata.arcturus.teste.testes.TesteRotinaTeste02">
    <skipped/>
  </testcase> <!-- navegarProximaPagina -->
  <testcase name="navegarRegistroAnterior" time="0.0" classname="br.com.projedata.arcturus.teste.testes.TesteRotinaTeste02">
    <skipped/>
  </testcase> <!-- navegarRegistroAnterior -->
  <testcase name="navegarPaginaAnterior" time="0.0" classname="br.com.projedata.arcturus.teste.testes.TesteRotinaTeste02">
    <skipped/>
  </testcase> <!-- navegarPaginaAnterior -->
  <testcase name="campoObrigatorio" time="0.0" classname="br.com.projedata.arcturus.teste.testes.TesteRotinaTeste02">
    <skipped/>
  </testcase> <!-- campoObrigatorio -->
  <testcase name="campoObrigatorioTabelaDinamica" time="0.0" classname="br.com.projedata.arcturus.teste.testes.TesteRotinaTeste02">
    <skipped/>
  </testcase> <!-- campoObrigatorioTabelaDinamica -->
  <testcase name="inserirRegistro" time="0.0" classname="br.com.projedata.arcturus.teste.testes.TesteRotinaTeste02">
    <skipped/>
  </testcase> <!-- inserirRegistro -->
  <testcase name="excluirRegistroInserido" time="0.0" classname="br.com.projedata.arcturus.teste.testes.TesteRotinaTeste02">
    <skipped/>
  </testcase> <!-- excluirRegistroInserido -->
  <testcase name="blocoNaoPermiteExclusao" time="0.0" classname="br.com.projedata.arcturus.teste.testes.TesteRotinaTeste02">
    <skipped/>
  </testcase> <!-- blocoNaoPermiteExclusao -->
  <testcase name="blocoNaoPermiteAlteracao" time="0.0" classname="br.com.projedata.arcturus.teste.testes.TesteRotinaTeste02">
    <skipped/>
  </testcase> <!-- blocoNaoPermiteAlteracao -->
  <testcase name="blocoNaoPermiteInclusao" time="0.0" classname="br.com.projedata.arcturus.teste.testes.TesteRotinaTeste02">
    <skipped/>
  </testcase> <!-- blocoNaoPermiteInclusao -->
  <testcase name="abrirModal" time="0.0" classname="br.com.projedata.arcturus.teste.testes.TesteRotinaTeste02">
    <skipped/>
  </testcase> <!-- abrirModal -->
  <testcase name="tentarFecharRotinaComModalAberto" time="0.0" classname="br.com.projedata.arcturus.teste.testes.TesteRotinaTeste02">
    <skipped/>
  </testcase> <!-- tentarFecharRotinaComModalAberto -->
  <testcase name="fecharRotinaModal" time="0.0" classname="br.com.projedata.arcturus.teste.testes.TesteRotinaTeste02">
    <skipped/>
  </testcase> <!-- fecharRotinaModal -->
  <testcase name="valorCampoNumericoComPonto" time="0.0" classname="br.com.projedata.arcturus.teste.testes.TesteRotinaTeste02">
    <skipped/>
  </testcase> <!-- valorCampoNumericoComPonto -->
  <testcase name="valorCampoNumericoDecimalComPonto" time="0.0" classname="br.com.projedata.arcturus.teste.testes.TesteRotinaTeste02">
    <skipped/>
  </testcase> <!-- valorCampoNumericoDecimalComPonto -->
  <testcase name="valorCampoNumericoMilharComPonto" time="0.0" classname="br.com.projedata.arcturus.teste.testes.TesteRotinaTeste02">
    <skipped/>
  </testcase> <!-- valorCampoNumericoMilharComPonto -->
  <testcase name="valorCampoNumericoMilharComVirgual" time="0.0" classname="br.com.projedata.arcturus.teste.testes.TesteRotinaTeste02">
    <skipped/>
  </testcase> <!-- valorCampoNumericoMilharComVirgual -->
  <testcase name="valorCampoNumericoApenasDecimal" time="0.0" classname="br.com.projedata.arcturus.teste.testes.TesteRotinaTeste02">
    <skipped/>
  </testcase> <!-- valorCampoNumericoApenasDecimal -->
  <testcase name="valorCampoNumericoApenasDecimalComPonto" time="0.0" classname="br.com.projedata.arcturus.teste.testes.TesteRotinaTeste02">
    <skipped/>
  </testcase> <!-- valorCampoNumericoApenasDecimalComPonto -->
  <testcase name="valorCampoNumericoComMilhar" time="0.0" classname="br.com.projedata.arcturus.teste.testes.TesteRotinaTeste02">
    <skipped/>
  </testcase> <!-- valorCampoNumericoComMilhar -->
  <testcase name="verificarSeComponenteBotaoAbreComEnter" time="0.0" classname="br.com.projedata.arcturus.teste.testes.TesteRotinaTeste02">
    <skipped/>
  </testcase> <!-- verificarSeComponenteBotaoAbreComEnter -->
  <testcase name="verificarSeComponenteBotaoAbreComEspaco" time="0.0" classname="br.com.projedata.arcturus.teste.testes.TesteRotinaTeste02">
    <skipped/>
  </testcase> <!-- verificarSeComponenteBotaoAbreComEspaco -->
  <testcase name="abrirLovEmModoConsulta" time="0.0" classname="br.com.projedata.arcturus.teste.testes.TesteRotinaTeste02">
    <skipped/>
  </testcase> <!-- abrirLovEmModoConsulta -->
  <testcase name="utilizacaoCtrlE" time="0.0" classname="br.com.projedata.arcturus.teste.testes.TesteRotinaTeste02">
    <skipped/>
  </testcase> <!-- utilizacaoCtrlE -->
  <testcase name="inseririValorNoCampoUtilizandoCtrlE" time="0.0" classname="br.com.projedata.arcturus.teste.testes.TesteRotinaTeste02">
    <skipped/>
  </testcase> <!-- inseririValorNoCampoUtilizandoCtrlE -->
  <testcase name="verificarSeMarcaRegistroComoAlteradoUtilizandoCtrlE" time="0.0" classname="br.com.projedata.arcturus.teste.testes.TesteRotinaTeste02">
    <skipped/>
  </testcase> <!-- verificarSeMarcaRegistroComoAlteradoUtilizandoCtrlE -->
  <testcase name="verificarFocoAposAbrirCampoLov" time="0.0" classname="br.com.projedata.arcturus.teste.testes.TesteRotinaTeste02">
    <skipped/>
  </testcase> <!-- verificarFocoAposAbrirCampoLov -->
  <testcase name="naoPermitirAlterarCampoNaoEditavelPeloCtrlE" time="0.0" classname="br.com.projedata.arcturus.teste.testes.TesteRotinaTeste02">
    <skipped/>
  </testcase> <!-- naoPermitirAlterarCampoNaoEditavelPeloCtrlE -->
  <testcase name="perguntarSeDesejaSairSemSalvarCampoEditavelPeloCtrlE" time="0.0" classname="br.com.projedata.arcturus.teste.testes.TesteRotinaTeste02">
    <skipped/>
  </testcase> <!-- perguntarSeDesejaSairSemSalvarCampoEditavelPeloCtrlE -->
  <testcase name="permitirAlterarCampoEditavelPeloCtrlE" time="0.0" classname="br.com.projedata.arcturus.teste.testes.TesteRotinaTeste02">
    <skipped/>
  </testcase> <!-- permitirAlterarCampoEditavelPeloCtrlE -->
  <testcase name="selecionarDataPeloCalendarioEVerificarEventoViaComando" time="0.0" classname="br.com.projedata.arcturus.teste.testes.TesteRotinaTeste02">
    <skipped/>
  </testcase> <!-- selecionarDataPeloCalendarioEVerificarEventoViaComando -->
  <testcase name="fecharRotinaPrincipal" time="0.0" classname="br.com.projedata.arcturus.teste.testes.TesteRotinaTeste02">
    <skipped/>
  </testcase> <!-- fecharRotinaPrincipal -->
  <testcase name="textAreaExpansivel" time="0.0" classname="br.com.projedata.arcturus.teste.testes.TesteRotinaTeste02">
    <skipped/>
  </testcase> <!-- textAreaExpansivel -->
  <testcase name="testarPassagemDeFocoTabelaDinamica" time="0.0" classname="br.com.projedata.arcturus.teste.testes.TesteRotinaTeste02">
    <skipped/>
  </testcase> <!-- testarPassagemDeFocoTabelaDinamica -->
  <testcase name="testarConsultaComOperadorMaiorOuIgual" time="0.0" classname="br.com.projedata.arcturus.teste.testes.TesteRotinaTeste02">
    <skipped/>
  </testcase> <!-- testarConsultaComOperadorMaiorOuIgual -->
  <testcase name="testarConsultaComOperadorMaior" time="0.0" classname="br.com.projedata.arcturus.teste.testes.TesteRotinaTeste02">
    <skipped/>
  </testcase> <!-- testarConsultaComOperadorMaior -->
  <testcase name="testarConsultaComOperadorMenorOuIgual" time="0.0" classname="br.com.projedata.arcturus.teste.testes.TesteRotinaTeste02">
    <skipped/>
  </testcase> <!-- testarConsultaComOperadorMenorOuIgual -->
  <testcase name="testarConsultaComOperadorMenor" time="0.0" classname="br.com.projedata.arcturus.teste.testes.TesteRotinaTeste02">
    <skipped/>
  </testcase> <!-- testarConsultaComOperadorMenor -->
  <testcase name="testarConsultaComOperadorDiferente" time="0.0" classname="br.com.projedata.arcturus.teste.testes.TesteRotinaTeste02">
    <skipped/>
  </testcase> <!-- testarConsultaComOperadorDiferente -->
  <testcase name="testarConsultaComMacroCampoData" time="0.0" classname="br.com.projedata.arcturus.teste.testes.TesteRotinaTeste02">
    <skipped/>
  </testcase> <!-- testarConsultaComMacroCampoData -->
  <testcase name="copiarAcessoUsuarioArc001" time="7.947" classname="br.com.projedata.arcturus.teste.testes.TesteParc001"/>
  <testcase name="filtrarLovComVariosTextosSimultaneos" time="1.534" classname="br.com.projedata.arcturus.teste.testes.TesteParc001"/>
  <testcase name="mostrarRotinaAberta" time="2.163" classname="br.com.projedata.arcturus.teste.testes.TesteParc001"/>
  <testcase name="cancelarAberturaDeRotina" time="2.038" classname="br.com.projedata.arcturus.teste.testes.TesteParc001"/>
  <testcase name="abrirOutraRotina" time="3.082" classname="br.com.projedata.arcturus.teste.testes.TesteParc001"/>
  <testcase name="criarRegistroComASetaDoTeclado" time="12.901" classname="br.com.projedata.arcturus.teste.testes.TesteParc001">
    <failure type="org.openqa.selenium.TimeoutException" message="Expected condition failed: waiting for br.com.projedata.teste.util.recursos.Espera$8@2e670469 (tried for 10 second(s) with 100 milliseconds interval)
Build info: version: &amp;apos;3.14.0&amp;apos;, revision: &amp;apos;aacccce0&amp;apos;, time: &amp;apos;2018-08-02T20:19:58.91Z&amp;apos;
System info: host: &amp;apos;gustavo-184&amp;apos;, ip: &amp;apos;127.0.1.1&amp;apos;, os.name: &amp;apos;Linux&amp;apos;, os.arch: &amp;apos;amd64&amp;apos;, os.version: &amp;apos;4.15.0-39-generic&amp;apos;, java.version: &amp;apos;1.8.0_172&amp;apos;
Driver info: driver.version: unknown">
      <![CDATA[org.openqa.selenium.TimeoutException: Expected condition failed: waiting for br.com.projedata.teste.util.recursos.Espera$8@2e670469 (tried for 10 second(s) with 100 milliseconds interval)
Build info: version: '3.14.0', revision: 'aacccce0', time: '2018-08-02T20:19:58.91Z'
System info: host: 'gustavo-184', ip: '127.0.1.1', os.name: 'Linux', os.arch: 'amd64', os.version: '4.15.0-39-generic', java.version: '1.8.0_172'
Driver info: driver.version: unknown
	at org.openqa.selenium.support.ui.FluentWait.timeoutException(FluentWait.java:315)
	at org.openqa.selenium.support.ui.FluentWait.until(FluentWait.java:283)
	at br.com.projedata.teste.util.recursos.Espera.aguardarElementoEstarVisivel(Espera.java:229)
	at br.com.projedata.teste.util.recursos.Espera.aguardarElementoEstarVisivel(Espera.java:218)
	at br.com.projedata.arcturus.teste.testes.TesteParc001.criarRegistroComASetaDoTeclado(TesteParc001.java:366)
	at java.util.concurrent.ThreadPoolExecutor.runWorker(ThreadPoolExecutor.java:1149)
	at java.util.concurrent.ThreadPoolExecutor$Worker.run(ThreadPoolExecutor.java:624)
	at java.lang.Thread.run(Thread.java:748)
... Removed 10 stack frames]]>
    </failure>
  </testcase> <!-- criarRegistroComASetaDoTeclado -->
  <testcase name="adicionarImagemArc001" time="0.0" classname="br.com.projedata.arcturus.teste.testes.TesteParc001">
    <skipped/>
  </testcase> <!-- adicionarImagemArc001 -->
  <testcase name="removerImagemArc001" time="0.0" classname="br.com.projedata.arcturus.teste.testes.TesteParc001">
    <skipped/>
  </testcase> <!-- removerImagemArc001 -->
  <testcase name="bloquearUsuarioPorExcessoDetentativasDeAcesso" time="0.0" classname="br.com.projedata.arcturus.teste.testes.TesteParc001">
    <skipped/>
  </testcase> <!-- bloquearUsuarioPorExcessoDetentativasDeAcesso -->
  <testcase name="verificarSituacaoUsuarioBloqueado" time="0.0" classname="br.com.projedata.arcturus.teste.testes.TesteParc001">
    <skipped/>
  </testcase> <!-- verificarSituacaoUsuarioBloqueado -->
  <testcase name="desbloquearUsuario" time="0.0" classname="br.com.projedata.arcturus.teste.testes.TesteParc001">
    <skipped/>
  </testcase> <!-- desbloquearUsuario -->
  <testcase name="acessarSistemaComUsuarioDesbloqueado" time="0.0" classname="br.com.projedata.arcturus.teste.testes.TesteParc001">
    <skipped/>
  </testcase> <!-- acessarSistemaComUsuarioDesbloqueado -->
  <testcase name="verificarSeNaoBloqueiaUsuarioToken" time="0.0" classname="br.com.projedata.arcturus.teste.testes.TesteParc001">
    <skipped/>
  </testcase> <!-- verificarSeNaoBloqueiaUsuarioToken -->
  <testcase name="testarControleAcessoLiberarHoraFim" time="0.0" classname="br.com.projedata.arcturus.teste.testes.TesteParc001">
    <skipped/>
  </testcase> <!-- testarControleAcessoLiberarHoraFim -->
  <testcase name="testarControleAcessoLiberarHoraInicio" time="0.0" classname="br.com.projedata.arcturus.teste.testes.TesteParc001">
    <skipped/>
  </testcase> <!-- testarControleAcessoLiberarHoraInicio -->
  <testcase name="testarControleAcessoBloquearHoraFim" time="0.0" classname="br.com.projedata.arcturus.teste.testes.TesteParc001">
    <skipped/>
  </testcase> <!-- testarControleAcessoBloquearHoraFim -->
  <testcase name="testarControleAcessoBloquearHoraInicio" time="0.0" classname="br.com.projedata.arcturus.teste.testes.TesteParc001">
    <skipped/>
  </testcase> <!-- testarControleAcessoBloquearHoraInicio -->
  <testcase name="testarControleAcessoBloquearDataInicio" time="0.0" classname="br.com.projedata.arcturus.teste.testes.TesteParc001">
    <skipped/>
  </testcase> <!-- testarControleAcessoBloquearDataInicio -->
  <testcase name="testarControleAcessoBloquearDataFim" time="0.0" classname="br.com.projedata.arcturus.teste.testes.TesteParc001">
    <skipped/>
  </testcase> <!-- testarControleAcessoBloquearDataFim -->
  <testcase name="testarBloqueioDeAcessoDiasDaSemana" time="0.0" classname="br.com.projedata.arcturus.teste.testes.TesteParc001">
    <skipped/>
  </testcase> <!-- testarBloqueioDeAcessoDiasDaSemana -->
  <testcase name="testarPassagemDeRegistroComFocoNoComboBox" time="0.0" classname="br.com.projedata.arcturus.teste.testes.TesteParc001">
    <skipped/>
  </testcase> <!-- testarPassagemDeRegistroComFocoNoComboBox -->
  <testcase name="testarPermissaoDeAcesso" time="0.0" classname="br.com.projedata.arcturus.teste.testes.TesteParc001">
    <skipped/>
  </testcase> <!-- testarPermissaoDeAcesso -->
  <testcase name="testarUsuarioSemPermissaoDeAcesso" time="0.0" classname="br.com.projedata.arcturus.teste.testes.TesteParc001">
    <skipped/>
  </testcase> <!-- testarUsuarioSemPermissaoDeAcesso -->
</testsuite> <!-- ChromeTest -->
