<?xml version="1.0" encoding="UTF-8"?>
<!-- Generated by org.testng.reporters.JUnitXMLReporter -->
<testsuite hostname="gustavo-184" ignored="2" name="teste com usuario 2" tests="74" failures="8" timestamp="21 nov 2018 16:26:07 GMT" time="821.627" errors="0">
  <testcase name="abrirParc020" time="5.949" classname="br.com.projedata.arcturus.teste.testes.TesteParc020"/>
  <testcase name="inserirNovaIntegracao" time="3.475" classname="br.com.projedata.arcturus.teste.testes.TesteParc020"/>
  <testcase name="inserirAcessosIntegracao" time="1.501" classname="br.com.projedata.arcturus.teste.testes.TesteParc020"/>
  <testcase name="excluirIntegracao" time="3.195" classname="br.com.projedata.arcturus.teste.testes.TesteParc020"/>
  <testcase name="alterarIntegracao" time="2.935" classname="br.com.projedata.arcturus.teste.testes.TesteParc020"/>
  <testcase name="verificarLogIntegracaoAlteracao" time="2.416" classname="br.com.projedata.arcturus.teste.testes.TesteParc020"/>
  <testcase name="testarIntegracao" time="0.521" classname="br.com.projedata.arcturus.teste.testes.TesteParc020"/>
  <testcase name="abrirParc002" time="6.358" classname="br.com.projedata.arcturus.teste.testes.TesteParc002"/>
  <testcase name="inserirMenu" time="11.598" classname="br.com.projedata.arcturus.teste.testes.TesteParc002">
    <failure type="org.openqa.selenium.TimeoutException" message="Expected condition failed: waiting for br.com.projedata.teste.util.recursos.Espera$8@4d9fdd0e (tried for 10 second(s) with 100 milliseconds interval)
Build info: version: &amp;apos;3.14.0&amp;apos;, revision: &amp;apos;aacccce0&amp;apos;, time: &amp;apos;2018-08-02T20:19:58.91Z&amp;apos;
System info: host: &amp;apos;gustavo-184&amp;apos;, ip: &amp;apos;127.0.1.1&amp;apos;, os.name: &amp;apos;Linux&amp;apos;, os.arch: &amp;apos;amd64&amp;apos;, os.version: &amp;apos;4.15.0-39-generic&amp;apos;, java.version: &amp;apos;1.8.0_172&amp;apos;
Driver info: driver.version: unknown">
      <![CDATA[org.openqa.selenium.TimeoutException: Expected condition failed: waiting for br.com.projedata.teste.util.recursos.Espera$8@4d9fdd0e (tried for 10 second(s) with 100 milliseconds interval)
Build info: version: '3.14.0', revision: 'aacccce0', time: '2018-08-02T20:19:58.91Z'
System info: host: 'gustavo-184', ip: '127.0.1.1', os.name: 'Linux', os.arch: 'amd64', os.version: '4.15.0-39-generic', java.version: '1.8.0_172'
Driver info: driver.version: unknown
at org.openqa.selenium.support.ui.FluentWait.timeoutException(FluentWait.java:315)
at org.openqa.selenium.support.ui.FluentWait.until(FluentWait.java:283)
at br.com.projedata.teste.util.recursos.Espera.aguardarElementoEstarVisivel(Espera.java:229)
at br.com.projedata.teste.util.recursos.Espera.aguardarElementoEstarVisivel(Espera.java:218)
at br.com.projedata.teste.util.recursos.Rotina.salvarEAguardarMensagemRegistrosAlterados(Rotina.java:501)
at br.com.projedata.arcturus.teste.testes.TesteParc002.inserirMenu(TesteParc002.java:44)
at java.util.concurrent.FutureTask.run(FutureTask.java:266)
at java.util.concurrent.ThreadPoolExecutor.runWorker(ThreadPoolExecutor.java:1149)
at java.util.concurrent.ThreadPoolExecutor$Worker.run(ThreadPoolExecutor.java:624)
at java.lang.Thread.run(Thread.java:748)
... Removed 16 stack frames]]>
    </failure>
  </testcase> <!-- inserirMenu -->
  <testcase name="inserirRotina" time="0.0" classname="br.com.projedata.arcturus.teste.testes.TesteParc002">
    <skipped/>
  </testcase> <!-- inserirRotina -->
  <testcase name="vincularMenu" time="0.0" classname="br.com.projedata.arcturus.teste.testes.TesteParc002">
    <skipped/>
  </testcase> <!-- vincularMenu -->
  <testcase name="excluirRotina" time="0.0" classname="br.com.projedata.arcturus.teste.testes.TesteParc002">
    <skipped/>
  </testcase> <!-- excluirRotina -->
  <testcase name="abrirParc003" time="5.406" classname="br.com.projedata.arcturus.teste.testes.TesteParc003"/>
  <testcase name="testarLovComImagem" time="4.561" classname="br.com.projedata.arcturus.teste.testes.TesteParc003"/>
  <testcase name="testarQuantidadeDe5Registros" time="6.677" classname="br.com.projedata.arcturus.teste.testes.TesteParc003"/>
  <testcase name="testarQuantidadeDe20Registros" time="5.895" classname="br.com.projedata.arcturus.teste.testes.TesteParc003"/>
  <testcase name="desabilitarTipoImagemDaLov" time="5.543" classname="br.com.projedata.arcturus.teste.testes.TesteParc003"/>
  <testcase name="inserirNovaLista" time="13.27" classname="br.com.projedata.arcturus.teste.testes.TesteParc003">
    <failure type="org.openqa.selenium.TimeoutException" message="Expected condition failed: waiting for br.com.projedata.teste.util.recursos.Espera$8@5b44eaf5 (tried for 10 second(s) with 100 milliseconds interval)
Build info: version: &amp;apos;3.14.0&amp;apos;, revision: &amp;apos;aacccce0&amp;apos;, time: &amp;apos;2018-08-02T20:19:58.91Z&amp;apos;
System info: host: &amp;apos;gustavo-184&amp;apos;, ip: &amp;apos;127.0.1.1&amp;apos;, os.name: &amp;apos;Linux&amp;apos;, os.arch: &amp;apos;amd64&amp;apos;, os.version: &amp;apos;4.15.0-39-generic&amp;apos;, java.version: &amp;apos;1.8.0_172&amp;apos;
Driver info: driver.version: unknown">
      <![CDATA[org.openqa.selenium.TimeoutException: Expected condition failed: waiting for br.com.projedata.teste.util.recursos.Espera$8@5b44eaf5 (tried for 10 second(s) with 100 milliseconds interval)
Build info: version: '3.14.0', revision: 'aacccce0', time: '2018-08-02T20:19:58.91Z'
System info: host: 'gustavo-184', ip: '127.0.1.1', os.name: 'Linux', os.arch: 'amd64', os.version: '4.15.0-39-generic', java.version: '1.8.0_172'
Driver info: driver.version: unknown
at org.openqa.selenium.support.ui.FluentWait.timeoutException(FluentWait.java:315)
at org.openqa.selenium.support.ui.FluentWait.until(FluentWait.java:283)
at br.com.projedata.teste.util.recursos.Espera.aguardarElementoEstarVisivel(Espera.java:229)
at br.com.projedata.teste.util.recursos.Espera.aguardarElementoEstarVisivel(Espera.java:218)
at br.com.projedata.teste.util.recursos.Rotina.salvarEAguardarMensagemRegistrosAlterados(Rotina.java:501)
at br.com.projedata.arcturus.teste.testes.TesteParc003.inserirNovaLista(TesteParc003.java:131)
at java.util.concurrent.FutureTask.run(FutureTask.java:266)
at java.util.concurrent.ThreadPoolExecutor.runWorker(ThreadPoolExecutor.java:1149)
at java.util.concurrent.ThreadPoolExecutor$Worker.run(ThreadPoolExecutor.java:624)
at java.lang.Thread.run(Thread.java:748)
... Removed 16 stack frames]]>
    </failure>
  </testcase> <!-- inserirNovaLista -->
  <testcase name="excluirLista" time="0.0" classname="br.com.projedata.arcturus.teste.testes.TesteParc003">
    <skipped/>
  </testcase> <!-- excluirLista -->
  <testcase name="abrirParc003" time="5.792" classname="br.com.projedata.arcturus.teste.testes.TesteParc004"/>
  <testcase name="selecionarMenuTeste" time="0.547" classname="br.com.projedata.arcturus.teste.testes.TesteParc004"/>
  <testcase name="inserirNovoMenuTeste" time="2.258" classname="br.com.projedata.arcturus.teste.testes.TesteParc004"/>
  <testcase name="vincularRotinaAoNovoMenu" time="1.28" classname="br.com.projedata.arcturus.teste.testes.TesteParc004"/>
  <testcase name="vincularMenuCriadoAoMenuPrincipal" time="3.156" classname="br.com.projedata.arcturus.teste.testes.TesteParc004"/>
  <testcase name="abrirMenuEVerificarMenuCriado" time="1.695" classname="br.com.projedata.arcturus.teste.testes.TesteParc004"/>
  <testcase name="excluirMenu" time="10.333" classname="br.com.projedata.arcturus.teste.testes.TesteParc004">
    <failure type="org.openqa.selenium.TimeoutException" message="Expected condition failed: waiting for br.com.projedata.teste.util.recursos.Espera$8@131be8e7 (tried for 10 second(s) with 100 milliseconds interval)
Build info: version: &amp;apos;3.14.0&amp;apos;, revision: &amp;apos;aacccce0&amp;apos;, time: &amp;apos;2018-08-02T20:19:58.91Z&amp;apos;
System info: host: &amp;apos;gustavo-184&amp;apos;, ip: &amp;apos;127.0.1.1&amp;apos;, os.name: &amp;apos;Linux&amp;apos;, os.arch: &amp;apos;amd64&amp;apos;, os.version: &amp;apos;4.15.0-39-generic&amp;apos;, java.version: &amp;apos;1.8.0_172&amp;apos;
Driver info: driver.version: unknown">
      <![CDATA[org.openqa.selenium.TimeoutException: Expected condition failed: waiting for br.com.projedata.teste.util.recursos.Espera$8@131be8e7 (tried for 10 second(s) with 100 milliseconds interval)
Build info: version: '3.14.0', revision: 'aacccce0', time: '2018-08-02T20:19:58.91Z'
System info: host: 'gustavo-184', ip: '127.0.1.1', os.name: 'Linux', os.arch: 'amd64', os.version: '4.15.0-39-generic', java.version: '1.8.0_172'
Driver info: driver.version: unknown
at org.openqa.selenium.support.ui.FluentWait.timeoutException(FluentWait.java:315)
at org.openqa.selenium.support.ui.FluentWait.until(FluentWait.java:283)
at br.com.projedata.teste.util.recursos.Espera.aguardarElementoEstarVisivel(Espera.java:229)
at br.com.projedata.teste.util.recursos.Espera.aguardarElementoEstarVisivel(Espera.java:218)
at br.com.projedata.teste.util.recursos.Rotina.excluirESalvar(Rotina.java:492)
at br.com.projedata.arcturus.teste.testes.TesteParc004.excluirMenu(TesteParc004.java:125)
at java.util.concurrent.FutureTask.run(FutureTask.java:266)
at java.util.concurrent.ThreadPoolExecutor.runWorker(ThreadPoolExecutor.java:1149)
at java.util.concurrent.ThreadPoolExecutor$Worker.run(ThreadPoolExecutor.java:624)
at java.lang.Thread.run(Thread.java:748)
... Removed 16 stack frames]]>
    </failure>
  </testcase> <!-- excluirMenu -->
  <testcase name="abrirParc005" time="5.393" classname="br.com.projedata.arcturus.teste.testes.TesteParc005"/>
  <testcase name="inserirSistemaComAcessoTotal" time="2.746" classname="br.com.projedata.arcturus.teste.testes.TesteParc005"/>
  <testcase name="inserirSistemaComAcessoRestrito" time="1.013" classname="br.com.projedata.arcturus.teste.testes.TesteParc005"/>
  <testcase name="carregarRotinasPorSistema" time="1.953" classname="br.com.projedata.arcturus.teste.testes.TesteParc005"/>
  <testcase name="excluirRotinasCarregadas" time="493.039" classname="br.com.projedata.arcturus.teste.testes.TesteParc005">
    <failure type="org.openqa.selenium.NoSuchWindowException" message="no such window: target window already closed
from unknown error: web view not found
  (Session info: chrome=66.0.3359.139)
  (Driver info: chromedriver=2.38.552522 (437e6fbedfa8762dec75e2c5b3ddb86763dc9dcb),platform=Linux 4.15.0-39-generic x86_64) (WARNING: The server did not provide any stacktrace information)
Command duration or timeout: 0 milliseconds
Build info: version: &amp;apos;3.14.0&amp;apos;, revision: &amp;apos;aacccce0&amp;apos;, time: &amp;apos;2018-08-02T20:19:58.91Z&amp;apos;
System info: host: &amp;apos;gustavo-184&amp;apos;, ip: &amp;apos;127.0.1.1&amp;apos;, os.name: &amp;apos;Linux&amp;apos;, os.arch: &amp;apos;amd64&amp;apos;, os.version: &amp;apos;4.15.0-39-generic&amp;apos;, java.version: &amp;apos;1.8.0_172&amp;apos;
Driver info: org.openqa.selenium.chrome.ChromeDriver
Capabilities {acceptInsecureCerts: false, acceptSslCerts: false, applicationCacheEnabled: false, browserConnectionEnabled: false, browserName: chrome, chrome: {chromedriverVersion: 2.38.552522 (437e6fbedfa876..., userDataDir: /tmp/.org.chromium.Chromium...}, cssSelectorsEnabled: true, databaseEnabled: false, handlesAlerts: true, hasTouchScreen: false, javascriptEnabled: true, locationContextEnabled: true, mobileEmulationEnabled: false, nativeEvents: true, networkConnectionEnabled: false, pageLoadStrategy: normal, platform: LINUX, platformName: LINUX, rotatable: false, setWindowRect: true, takesHeapSnapshot: true, takesScreenshot: true, unexpectedAlertBehaviour: , unhandledPromptBehavior: , version: 66.0.3359.139, webStorageEnabled: true}
Session ID: 0da94a5db72de91d57e71e8ff087d8d1
*** Element info: {Using=xpath, value=//input[contains(@id,&amp;apos;arcacessogruporotinaIdRotina-1-0&amp;apos;)]}">
      <![CDATA[org.openqa.selenium.NoSuchWindowException: no such window: target window already closed
from unknown error: web view not found
  (Session info: chrome=66.0.3359.139)
  (Driver info: chromedriver=2.38.552522 (437e6fbedfa8762dec75e2c5b3ddb86763dc9dcb),platform=Linux 4.15.0-39-generic x86_64) (WARNING: The server did not provide any stacktrace information)
Command duration or timeout: 0 milliseconds
Build info: version: '3.14.0', revision: 'aacccce0', time: '2018-08-02T20:19:58.91Z'
System info: host: 'gustavo-184', ip: '127.0.1.1', os.name: 'Linux', os.arch: 'amd64', os.version: '4.15.0-39-generic', java.version: '1.8.0_172'
Driver info: org.openqa.selenium.chrome.ChromeDriver
Capabilities {acceptInsecureCerts: false, acceptSslCerts: false, applicationCacheEnabled: false, browserConnectionEnabled: false, browserName: chrome, chrome: {chromedriverVersion: 2.38.552522 (437e6fbedfa876..., userDataDir: /tmp/.org.chromium.Chromium...}, cssSelectorsEnabled: true, databaseEnabled: false, handlesAlerts: true, hasTouchScreen: false, javascriptEnabled: true, locationContextEnabled: true, mobileEmulationEnabled: false, nativeEvents: true, networkConnectionEnabled: false, pageLoadStrategy: normal, platform: LINUX, platformName: LINUX, rotatable: false, setWindowRect: true, takesHeapSnapshot: true, takesScreenshot: true, unexpectedAlertBehaviour: , unhandledPromptBehavior: , version: 66.0.3359.139, webStorageEnabled: true}
Session ID: 0da94a5db72de91d57e71e8ff087d8d1
*** Element info: {Using=xpath, value=//input[contains(@id,'arcacessogruporotinaIdRotina-1-0')]}
at org.openqa.selenium.remote.ErrorHandler.createThrowable(ErrorHandler.java:214)
at org.openqa.selenium.remote.ErrorHandler.throwIfResponseFailed(ErrorHandler.java:166)
at org.openqa.selenium.remote.http.JsonHttpResponseCodec.reconstructValue(JsonHttpResponseCodec.java:40)
at org.openqa.selenium.remote.http.AbstractHttpResponseCodec.decode(AbstractHttpResponseCodec.java:80)
at org.openqa.selenium.remote.http.AbstractHttpResponseCodec.decode(AbstractHttpResponseCodec.java:44)
at org.openqa.selenium.remote.HttpCommandExecutor.execute(HttpCommandExecutor.java:158)
at org.openqa.selenium.remote.service.DriverCommandExecutor.execute(DriverCommandExecutor.java:83)
at org.openqa.selenium.remote.RemoteWebDriver.execute(RemoteWebDriver.java:548)
at org.openqa.selenium.remote.RemoteWebDriver.findElement(RemoteWebDriver.java:322)
at org.openqa.selenium.remote.RemoteWebDriver.findElementByXPath(RemoteWebDriver.java:424)
at org.openqa.selenium.By$ByXPath.findElement(By.java:353)
at org.openqa.selenium.remote.RemoteWebDriver.findElement(RemoteWebDriver.java:314)
at br.com.projedata.teste.util.recursos.Acao.localizarElemento(Acao.java:33)
at br.com.projedata.arcturus.teste.testes.TesteParc005.excluirRotinasCarregadas(TesteParc005.java:69)
at java.util.concurrent.FutureTask.run(FutureTask.java:266)
at java.util.concurrent.ThreadPoolExecutor.runWorker(ThreadPoolExecutor.java:1149)
at java.util.concurrent.ThreadPoolExecutor$Worker.run(ThreadPoolExecutor.java:624)
at java.lang.Thread.run(Thread.java:748)
... Removed 20 stack frames]]>
    </failure>
  </testcase> <!-- excluirRotinasCarregadas -->
  <testcase name="tentarAdicionarRotinaEmSistemaComAcessoTotal" time="0.0" classname="br.com.projedata.arcturus.teste.testes.TesteParc005">
    <skipped/>
  </testcase> <!-- tentarAdicionarRotinaEmSistemaComAcessoTotal -->
  <testcase name="excluirSistema" time="0.0" classname="br.com.projedata.arcturus.teste.testes.TesteParc005">
    <skipped/>
  </testcase> <!-- excluirSistema -->
  <testcase name="abrirParc006" time="5.472" classname="br.com.projedata.arcturus.teste.testes.TesteParc006"/>
  <testcase name="inserirNovaEmpresa" time="3.436" classname="br.com.projedata.arcturus.teste.testes.TesteParc006"/>
  <testcase name="cadastrarImagemEmpresa" time="1.776" classname="br.com.projedata.arcturus.teste.testes.TesteParc006"/>
  <testcase name="adicionarConfiguracoesServidor" time="2.496" classname="br.com.projedata.arcturus.teste.testes.TesteParc006"/>
  <testcase name="removerConfiguracoesServidor" time="10.31" classname="br.com.projedata.arcturus.teste.testes.TesteParc006">
    <failure type="org.openqa.selenium.TimeoutException" message="Expected condition failed: waiting for br.com.projedata.teste.util.recursos.Espera$8@a9f7050 (tried for 10 second(s) with 100 milliseconds interval)
Build info: version: &amp;apos;3.14.0&amp;apos;, revision: &amp;apos;aacccce0&amp;apos;, time: &amp;apos;2018-08-02T20:19:58.91Z&amp;apos;
System info: host: &amp;apos;gustavo-184&amp;apos;, ip: &amp;apos;127.0.1.1&amp;apos;, os.name: &amp;apos;Linux&amp;apos;, os.arch: &amp;apos;amd64&amp;apos;, os.version: &amp;apos;4.15.0-39-generic&amp;apos;, java.version: &amp;apos;1.8.0_172&amp;apos;
Driver info: driver.version: unknown">
      <![CDATA[org.openqa.selenium.TimeoutException: Expected condition failed: waiting for br.com.projedata.teste.util.recursos.Espera$8@a9f7050 (tried for 10 second(s) with 100 milliseconds interval)
Build info: version: '3.14.0', revision: 'aacccce0', time: '2018-08-02T20:19:58.91Z'
System info: host: 'gustavo-184', ip: '127.0.1.1', os.name: 'Linux', os.arch: 'amd64', os.version: '4.15.0-39-generic', java.version: '1.8.0_172'
Driver info: driver.version: unknown
at org.openqa.selenium.support.ui.FluentWait.timeoutException(FluentWait.java:315)
at org.openqa.selenium.support.ui.FluentWait.until(FluentWait.java:283)
at br.com.projedata.teste.util.recursos.Espera.aguardarElementoEstarVisivel(Espera.java:229)
at br.com.projedata.teste.util.recursos.Espera.aguardarElementoEstarVisivel(Espera.java:218)
at br.com.projedata.teste.util.recursos.Rotina.excluirESalvar(Rotina.java:492)
at br.com.projedata.arcturus.teste.testes.TesteParc006.removerConfiguracoesServidor(TesteParc006.java:128)
at java.util.concurrent.FutureTask.run(FutureTask.java:266)
at java.util.concurrent.ThreadPoolExecutor.runWorker(ThreadPoolExecutor.java:1149)
at java.util.concurrent.ThreadPoolExecutor$Worker.run(ThreadPoolExecutor.java:624)
at java.lang.Thread.run(Thread.java:748)
... Removed 16 stack frames]]>
    </failure>
  </testcase> <!-- removerConfiguracoesServidor -->
  <testcase name="removerImagemServidor" time="0.0" classname="br.com.projedata.arcturus.teste.testes.TesteParc006">
    <skipped/>
  </testcase> <!-- removerImagemServidor -->
  <testcase name="removerEmpresa" time="0.0" classname="br.com.projedata.arcturus.teste.testes.TesteParc006">
    <skipped/>
  </testcase> <!-- removerEmpresa -->
  <testcase name="quantidadeCaracteresTextArea" time="7.651" classname="br.com.projedata.arcturus.teste.testes.TesteParc008"/>
  <testcase name="inserirNovaConsulta" time="4.004" classname="br.com.projedata.arcturus.teste.testes.TesteParc008"/>
  <testcase name="excluirConsulta" time="11.487" classname="br.com.projedata.arcturus.teste.testes.TesteParc008">
    <failure type="org.openqa.selenium.TimeoutException" message="Expected condition failed: waiting for br.com.projedata.teste.util.recursos.Espera$8@51bd2d81 (tried for 10 second(s) with 100 milliseconds interval)
Build info: version: &amp;apos;3.14.0&amp;apos;, revision: &amp;apos;aacccce0&amp;apos;, time: &amp;apos;2018-08-02T20:19:58.91Z&amp;apos;
System info: host: &amp;apos;gustavo-184&amp;apos;, ip: &amp;apos;127.0.1.1&amp;apos;, os.name: &amp;apos;Linux&amp;apos;, os.arch: &amp;apos;amd64&amp;apos;, os.version: &amp;apos;4.15.0-39-generic&amp;apos;, java.version: &amp;apos;1.8.0_172&amp;apos;
Driver info: driver.version: unknown">
      <![CDATA[org.openqa.selenium.TimeoutException: Expected condition failed: waiting for br.com.projedata.teste.util.recursos.Espera$8@51bd2d81 (tried for 10 second(s) with 100 milliseconds interval)
Build info: version: '3.14.0', revision: 'aacccce0', time: '2018-08-02T20:19:58.91Z'
System info: host: 'gustavo-184', ip: '127.0.1.1', os.name: 'Linux', os.arch: 'amd64', os.version: '4.15.0-39-generic', java.version: '1.8.0_172'
Driver info: driver.version: unknown
at org.openqa.selenium.support.ui.FluentWait.timeoutException(FluentWait.java:315)
at org.openqa.selenium.support.ui.FluentWait.until(FluentWait.java:283)
at br.com.projedata.teste.util.recursos.Espera.aguardarElementoEstarVisivel(Espera.java:229)
at br.com.projedata.teste.util.recursos.Espera.aguardarElementoEstarVisivel(Espera.java:218)
at br.com.projedata.arcturus.teste.testes.TesteParc008.excluirConsulta(TesteParc008.java:84)
at java.util.concurrent.FutureTask.run(FutureTask.java:266)
at java.util.concurrent.ThreadPoolExecutor.runWorker(ThreadPoolExecutor.java:1149)
at java.util.concurrent.ThreadPoolExecutor$Worker.run(ThreadPoolExecutor.java:624)
at java.lang.Thread.run(Thread.java:748)
... Removed 16 stack frames]]>
    </failure>
  </testcase> <!-- excluirConsulta -->
  <testcase name="verificarSeClienteNaoConsegueAlterar" time="0.0" classname="br.com.projedata.arcturus.teste.testes.TesteParc008">
    <skipped/>
  </testcase> <!-- verificarSeClienteNaoConsegueAlterar -->
  <testcase name="abrirParc009" time="5.152" classname="br.com.projedata.arcturus.teste.testes.TesteParc009"/>
  <testcase name="inserirNovaBiblioteca" time="4.964" classname="br.com.projedata.arcturus.teste.testes.TesteParc009"/>
  <testcase name="alterarBiblioteca" time="1.855" classname="br.com.projedata.arcturus.teste.testes.TesteParc009"/>
  <testcase name="excluirBiblioteca" time="11.258" classname="br.com.projedata.arcturus.teste.testes.TesteParc009">
    <failure type="org.openqa.selenium.TimeoutException" message="Expected condition failed: waiting for br.com.projedata.teste.util.recursos.Espera$8@29755cc (tried for 10 second(s) with 100 milliseconds interval)
Build info: version: &amp;apos;3.14.0&amp;apos;, revision: &amp;apos;aacccce0&amp;apos;, time: &amp;apos;2018-08-02T20:19:58.91Z&amp;apos;
System info: host: &amp;apos;gustavo-184&amp;apos;, ip: &amp;apos;127.0.1.1&amp;apos;, os.name: &amp;apos;Linux&amp;apos;, os.arch: &amp;apos;amd64&amp;apos;, os.version: &amp;apos;4.15.0-39-generic&amp;apos;, java.version: &amp;apos;1.8.0_172&amp;apos;
Driver info: driver.version: unknown">
      <![CDATA[org.openqa.selenium.TimeoutException: Expected condition failed: waiting for br.com.projedata.teste.util.recursos.Espera$8@29755cc (tried for 10 second(s) with 100 milliseconds interval)
Build info: version: '3.14.0', revision: 'aacccce0', time: '2018-08-02T20:19:58.91Z'
System info: host: 'gustavo-184', ip: '127.0.1.1', os.name: 'Linux', os.arch: 'amd64', os.version: '4.15.0-39-generic', java.version: '1.8.0_172'
Driver info: driver.version: unknown
at org.openqa.selenium.support.ui.FluentWait.timeoutException(FluentWait.java:315)
at org.openqa.selenium.support.ui.FluentWait.until(FluentWait.java:283)
at br.com.projedata.teste.util.recursos.Espera.aguardarElementoEstarVisivel(Espera.java:229)
at br.com.projedata.teste.util.recursos.Espera.aguardarElementoEstarVisivel(Espera.java:218)
at br.com.projedata.teste.util.recursos.Rotina.excluirESalvar(Rotina.java:492)
at br.com.projedata.arcturus.teste.testes.TesteParc009.excluirBiblioteca(TesteParc009.java:69)
at java.util.concurrent.FutureTask.run(FutureTask.java:266)
at java.util.concurrent.ThreadPoolExecutor.runWorker(ThreadPoolExecutor.java:1149)
at java.util.concurrent.ThreadPoolExecutor$Worker.run(ThreadPoolExecutor.java:624)
at java.lang.Thread.run(Thread.java:748)
... Removed 16 stack frames]]>
    </failure>
  </testcase> <!-- excluirBiblioteca -->
  <testcase name="verificarSeObjetoDeNegocioEhExecutado" time="0.0" classname="br.com.projedata.arcturus.teste.testes.TesteParc009">
    <skipped/>
  </testcase> <!-- verificarSeObjetoDeNegocioEhExecutado -->
  <testcase name="abrirParc010" time="5.339" classname="br.com.projedata.arcturus.teste.testes.TesteParc010"/>
  <testcase name="cadastrarNovaNoticia" time="1.322" classname="br.com.projedata.arcturus.teste.testes.TesteParc010"/>
  <testcase name="cadastrarTraducoesParaNoticia" time="2.57" classname="br.com.projedata.arcturus.teste.testes.TesteParc010"/>
  <testcase name="verificarNoticiaCadastradaNaTelaDeLoginPortugues" time="1.341" classname="br.com.projedata.arcturus.teste.testes.TesteParc010"/>
  <testcase name="acessarLinkVermaisDaNoticia" time="4.02" classname="br.com.projedata.arcturus.teste.testes.TesteParc010"/>
  <testcase name="alterarNoticiaParaNaoVisivel" time="13.247" classname="br.com.projedata.arcturus.teste.testes.TesteParc010"/>
  <testcase name="verificarNoticiaNaTelaDeLoginEmEspanhol" time="3.631" classname="br.com.projedata.arcturus.teste.testes.TesteParc010"/>
  <testcase name="verificarNoticiaNaTelaDeLoginEmIngles" time="6.288" classname="br.com.projedata.arcturus.teste.testes.TesteParc010"/>
  <testcase name="acessarLinkIdiomaIngles" time="1.358" classname="br.com.projedata.arcturus.teste.testes.TesteParc010"/>
  <testcase name="excluirNoticia" time="8.57" classname="br.com.projedata.arcturus.teste.testes.TesteParc010"/>
  <testcase name="abrirParc012" time="5.577" classname="br.com.projedata.arcturus.teste.testes.TesteParc012"/>
  <testcase name="cadastrarIdioma" time="1.648" classname="br.com.projedata.arcturus.teste.testes.TesteParc012"/>
  <testcase name="cadastrarUmaTraducao" time="2.971" classname="br.com.projedata.arcturus.teste.testes.TesteParc012"/>
  <testcase name="excluirTraducaoCadastrada" time="1.773" classname="br.com.projedata.arcturus.teste.testes.TesteParc012"/>
  <testcase name="excluirIdioma" time="1.25" classname="br.com.projedata.arcturus.teste.testes.TesteParc012"/>
  <testcase name="abrirParc015" time="3.763" classname="br.com.projedata.arcturus.teste.testes.TesteParc015"/>
  <testcase name="enviarNotificacaoParaUsuario" time="6.295" classname="br.com.projedata.arcturus.teste.testes.TesteParc015">
    <failure type="org.openqa.selenium.WebDriverException" message="unknown error: Element &amp;lt;input type=&amp;quot;text&amp;quot; id=&amp;quot;13529.sessoesCodigoUsuario-1-0&amp;quot; autocomplete=&amp;quot;off&amp;quot; readonly=&amp;quot;readonly&amp;quot; class=&amp;quot;elemento bloquear-alteracao&amp;quot; ondragstart=&amp;quot;event.preventDefault()&amp;quot; style=&amp;quot;width: 101px; height: 18px; text-align: right; filter: brightness(95%);&amp;quot;&amp;gt; is not clickable at point (444, 359). Other element would receive the click: &amp;lt;div class=&amp;quot;arcbox-modal&amp;quot;&amp;gt;...&amp;lt;/div&amp;gt;
  (Session info: chrome=66.0.3359.139)
  (Driver info: chromedriver=2.38.552522 (437e6fbedfa8762dec75e2c5b3ddb86763dc9dcb),platform=Linux 4.15.0-39-generic x86_64) (WARNING: The server did not provide any stacktrace information)
Command duration or timeout: 0 milliseconds
Build info: version: &amp;apos;3.14.0&amp;apos;, revision: &amp;apos;aacccce0&amp;apos;, time: &amp;apos;2018-08-02T20:19:58.91Z&amp;apos;
System info: host: &amp;apos;gustavo-184&amp;apos;, ip: &amp;apos;127.0.1.1&amp;apos;, os.name: &amp;apos;Linux&amp;apos;, os.arch: &amp;apos;amd64&amp;apos;, os.version: &amp;apos;4.15.0-39-generic&amp;apos;, java.version: &amp;apos;1.8.0_172&amp;apos;
Driver info: org.openqa.selenium.chrome.ChromeDriver
Capabilities {acceptInsecureCerts: false, acceptSslCerts: false, applicationCacheEnabled: false, browserConnectionEnabled: false, browserName: chrome, chrome: {chromedriverVersion: 2.38.552522 (437e6fbedfa876..., userDataDir: /tmp/.org.chromium.Chromium...}, cssSelectorsEnabled: true, databaseEnabled: false, handlesAlerts: true, hasTouchScreen: false, javascriptEnabled: true, locationContextEnabled: true, mobileEmulationEnabled: false, nativeEvents: true, networkConnectionEnabled: false, pageLoadStrategy: normal, platform: LINUX, platformName: LINUX, rotatable: false, setWindowRect: true, takesHeapSnapshot: true, takesScreenshot: true, unexpectedAlertBehaviour: , unhandledPromptBehavior: , version: 66.0.3359.139, webStorageEnabled: true}
Session ID: 3d17a8b5d07b8806ef5c8c41339beb69">
      <![CDATA[org.openqa.selenium.WebDriverException: unknown error: Element <input type="text" id="13529.sessoesCodigoUsuario-1-0" autocomplete="off" readonly="readonly" class="elemento bloquear-alteracao" ondragstart="event.preventDefault()" style="width: 101px; height: 18px; text-align: right; filter: brightness(95%);"> is not clickable at point (444, 359). Other element would receive the click: <div class="arcbox-modal">...</div>
  (Session info: chrome=66.0.3359.139)
  (Driver info: chromedriver=2.38.552522 (437e6fbedfa8762dec75e2c5b3ddb86763dc9dcb),platform=Linux 4.15.0-39-generic x86_64) (WARNING: The server did not provide any stacktrace information)
Command duration or timeout: 0 milliseconds
Build info: version: '3.14.0', revision: 'aacccce0', time: '2018-08-02T20:19:58.91Z'
System info: host: 'gustavo-184', ip: '127.0.1.1', os.name: 'Linux', os.arch: 'amd64', os.version: '4.15.0-39-generic', java.version: '1.8.0_172'
Driver info: org.openqa.selenium.chrome.ChromeDriver
Capabilities {acceptInsecureCerts: false, acceptSslCerts: false, applicationCacheEnabled: false, browserConnectionEnabled: false, browserName: chrome, chrome: {chromedriverVersion: 2.38.552522 (437e6fbedfa876..., userDataDir: /tmp/.org.chromium.Chromium...}, cssSelectorsEnabled: true, databaseEnabled: false, handlesAlerts: true, hasTouchScreen: false, javascriptEnabled: true, locationContextEnabled: true, mobileEmulationEnabled: false, nativeEvents: true, networkConnectionEnabled: false, pageLoadStrategy: normal, platform: LINUX, platformName: LINUX, rotatable: false, setWindowRect: true, takesHeapSnapshot: true, takesScreenshot: true, unexpectedAlertBehaviour: , unhandledPromptBehavior: , version: 66.0.3359.139, webStorageEnabled: true}
Session ID: 3d17a8b5d07b8806ef5c8c41339beb69
at org.openqa.selenium.remote.ErrorHandler.createThrowable(ErrorHandler.java:214)
at org.openqa.selenium.remote.ErrorHandler.throwIfResponseFailed(ErrorHandler.java:166)
at org.openqa.selenium.remote.http.JsonHttpResponseCodec.reconstructValue(JsonHttpResponseCodec.java:40)
at org.openqa.selenium.remote.http.AbstractHttpResponseCodec.decode(AbstractHttpResponseCodec.java:80)
at org.openqa.selenium.remote.http.AbstractHttpResponseCodec.decode(AbstractHttpResponseCodec.java:44)
at org.openqa.selenium.remote.HttpCommandExecutor.execute(HttpCommandExecutor.java:158)
at org.openqa.selenium.remote.service.DriverCommandExecutor.execute(DriverCommandExecutor.java:83)
at org.openqa.selenium.remote.RemoteWebDriver.execute(RemoteWebDriver.java:548)
at org.openqa.selenium.remote.RemoteWebElement.execute(RemoteWebElement.java:276)
at org.openqa.selenium.remote.RemoteWebElement.click(RemoteWebElement.java:83)
at br.com.projedata.teste.util.recursos.Acao.clicarNoElemento(Acao.java:132)
at br.com.projedata.arcturus.teste.testes.TesteParc015.enviarNotificacaoParaUsuario(TesteParc015.java:46)
at java.util.concurrent.FutureTask.run(FutureTask.java:266)
at java.util.concurrent.ThreadPoolExecutor.runWorker(ThreadPoolExecutor.java:1149)
at java.util.concurrent.ThreadPoolExecutor$Worker.run(ThreadPoolExecutor.java:624)
at java.lang.Thread.run(Thread.java:748)
... Removed 20 stack frames]]>
    </failure>
  </testcase> <!-- enviarNotificacaoParaUsuario -->
  <testcase name="enviarNotificacaoParaTodasSessoes" time="0.0" classname="br.com.projedata.arcturus.teste.testes.TesteParc015">
    <skipped/>
  </testcase> <!-- enviarNotificacaoParaTodasSessoes -->
  <testcase name="eliminiarSessao" time="0.0" classname="br.com.projedata.arcturus.teste.testes.TesteParc015">
    <skipped/>
  </testcase> <!-- eliminiarSessao -->
  <testcase name="abrirParc016" time="5.084" classname="br.com.projedata.arcturus.teste.testes.TesteParc016"/>
  <testcase name="inserirPerfil" time="3.091" classname="br.com.projedata.arcturus.teste.testes.TesteParc016"/>
  <testcase name="abrirORelatorioEVerificarOPerfilCriado" time="5.426" classname="br.com.projedata.arcturus.teste.testes.TesteParc016"/>
  <testcase name="excluirFiltroCriado" time="1.93" classname="br.com.projedata.arcturus.teste.testes.TesteParc016"/>
  <testcase name="abrirArc016PelaGer001" time="7.667" classname="br.com.projedata.arcturus.teste.testes.TesteParc016"/>
  <testcase name="emitirRelatorioComOPerfilCriado" time="4.972" classname="br.com.projedata.arcturus.teste.testes.TesteParc016"/>
  <testcase name="removerImagemArc006" time="0.0" classname="br.com.projedata.arcturus.teste.testes.TesteParc006">
    <ignored/>
  </testcase> <!-- removerImagemArc006 -->
  <testcase name="adicionarImagemArc006" time="0.0" classname="br.com.projedata.arcturus.teste.testes.TesteParc006">
    <ignored/>
  </testcase> <!-- adicionarImagemArc006 -->
</testsuite> <!-- teste com usuario 2 -->
