<?xml version="1.0" encoding="UTF-8"?>
<!-- Generated by org.testng.reporters.JUnitXMLReporter -->
<testsuite hostname="gustavo-184" ignored="2" name="teste com usuario 1" tests="347" failures="8" timestamp="21 nov 2018 16:24:59 GMT" time="753.392" errors="0">
  <testcase name="abrirRotinaTeste02" time="5.124" classname="br.com.projedata.arcturus.teste.testes.TesteRotinaTeste02"/>
  <testcase name="testarEventoAposAbrirTela" time="0.063" classname="br.com.projedata.arcturus.teste.testes.TesteRotinaTeste02"/>
  <testcase name="criarRegistroSemAlteracao" time="1.919" classname="br.com.projedata.arcturus.teste.testes.TesteRotinaTeste02"/>
  <testcase name="salvarRegistroSemAlteracao" time="0.62" classname="br.com.projedata.arcturus.teste.testes.TesteRotinaTeste02"/>
  <testcase name="excluirRegistro" time="0.276" classname="br.com.projedata.arcturus.teste.testes.TesteRotinaTeste02"/>
  <testcase name="cancelarRegistroSemAlteracao" time="1.162" classname="br.com.projedata.arcturus.teste.testes.TesteRotinaTeste02"/>
  <testcase name="cancelarRegistroSemAlteracaoOpcaoSim" time="1.711" classname="br.com.projedata.arcturus.teste.testes.TesteRotinaTeste02"/>
  <testcase name="cancelarRegistroSemAlteracaoOpcaoCancelar" time="0.823" classname="br.com.projedata.arcturus.teste.testes.TesteRotinaTeste02"/>
  <testcase name="limparRegistro" time="1.147" classname="br.com.projedata.arcturus.teste.testes.TesteRotinaTeste02"/>
  <testcase name="consultarRegistroPorCodigo" time="11.155" classname="br.com.projedata.arcturus.teste.testes.TesteRotinaTeste02">
    <failure type="org.openqa.selenium.TimeoutException" message="Expected condition failed: waiting for br.com.projedata.teste.util.recursos.Espera$11@5775d204 (tried for 10 second(s) with 500 milliseconds interval)
Build info: version: &amp;apos;3.14.0&amp;apos;, revision: &amp;apos;aacccce0&amp;apos;, time: &amp;apos;2018-08-02T20:19:58.91Z&amp;apos;
System info: host: &amp;apos;gustavo-184&amp;apos;, ip: &amp;apos;127.0.1.1&amp;apos;, os.name: &amp;apos;Linux&amp;apos;, os.arch: &amp;apos;amd64&amp;apos;, os.version: &amp;apos;4.15.0-39-generic&amp;apos;, java.version: &amp;apos;1.8.0_172&amp;apos;
Driver info: org.openqa.selenium.chrome.ChromeDriver
Capabilities {acceptInsecureCerts: false, acceptSslCerts: false, applicationCacheEnabled: false, browserConnectionEnabled: false, browserName: chrome, chrome: {chromedriverVersion: 2.38.552522 (437e6fbedfa876..., userDataDir: /tmp/.org.chromium.Chromium...}, cssSelectorsEnabled: true, databaseEnabled: false, handlesAlerts: true, hasTouchScreen: false, javascriptEnabled: true, locationContextEnabled: true, mobileEmulationEnabled: false, nativeEvents: true, networkConnectionEnabled: false, pageLoadStrategy: normal, platform: LINUX, platformName: LINUX, rotatable: false, setWindowRect: true, takesHeapSnapshot: true, takesScreenshot: true, unexpectedAlertBehaviour: , unhandledPromptBehavior: , version: 66.0.3359.139, webStorageEnabled: true}
Session ID: 3ba09c632c70cbd08c71c4de272a5daf">
      <![CDATA[org.openqa.selenium.TimeoutException: Expected condition failed: waiting for br.com.projedata.teste.util.recursos.Espera$11@5775d204 (tried for 10 second(s) with 500 milliseconds interval)
Build info: version: '3.14.0', revision: 'aacccce0', time: '2018-08-02T20:19:58.91Z'
System info: host: 'gustavo-184', ip: '127.0.1.1', os.name: 'Linux', os.arch: 'amd64', os.version: '4.15.0-39-generic', java.version: '1.8.0_172'
Driver info: org.openqa.selenium.chrome.ChromeDriver
Capabilities {acceptInsecureCerts: false, acceptSslCerts: false, applicationCacheEnabled: false, browserConnectionEnabled: false, browserName: chrome, chrome: {chromedriverVersion: 2.38.552522 (437e6fbedfa876..., userDataDir: /tmp/.org.chromium.Chromium...}, cssSelectorsEnabled: true, databaseEnabled: false, handlesAlerts: true, hasTouchScreen: false, javascriptEnabled: true, locationContextEnabled: true, mobileEmulationEnabled: false, nativeEvents: true, networkConnectionEnabled: false, pageLoadStrategy: normal, platform: LINUX, platformName: LINUX, rotatable: false, setWindowRect: true, takesHeapSnapshot: true, takesScreenshot: true, unexpectedAlertBehaviour: , unhandledPromptBehavior: , version: 66.0.3359.139, webStorageEnabled: true}
Session ID: 3ba09c632c70cbd08c71c4de272a5daf
at org.openqa.selenium.support.ui.WebDriverWait.timeoutException(WebDriverWait.java:113)
at org.openqa.selenium.support.ui.FluentWait.until(FluentWait.java:283)
at br.com.projedata.teste.util.recursos.Espera.aguardarAtributoDoElementoConterOValor(Espera.java:306)
at br.com.projedata.arcturus.teste.testes.TesteRotinaTeste02.consultarRegistroPorCodigo(TesteRotinaTeste02.java:148)
at java.util.concurrent.FutureTask.run(FutureTask.java:266)
at java.util.concurrent.ThreadPoolExecutor.runWorker(ThreadPoolExecutor.java:1149)
at java.util.concurrent.ThreadPoolExecutor$Worker.run(ThreadPoolExecutor.java:624)
at java.lang.Thread.run(Thread.java:748)
... Removed 16 stack frames]]>
    </failure>
  </testcase> <!-- consultarRegistroPorCodigo -->
  <testcase name="consultarRegistroPorCodigoDetalhe" time="0.0" classname="br.com.projedata.arcturus.teste.testes.TesteRotinaTeste02">
    <skipped/>
  </testcase> <!-- consultarRegistroPorCodigoDetalhe -->
  <testcase name="consultarRegistroPorCodigoTabelaDinamica" time="0.0" classname="br.com.projedata.arcturus.teste.testes.TesteRotinaTeste02">
    <skipped/>
  </testcase> <!-- consultarRegistroPorCodigoTabelaDinamica -->
  <testcase name="consultarTodosRegistros" time="0.0" classname="br.com.projedata.arcturus.teste.testes.TesteRotinaTeste02">
    <skipped/>
  </testcase> <!-- consultarTodosRegistros -->
  <testcase name="navegarProximoRegistro" time="0.0" classname="br.com.projedata.arcturus.teste.testes.TesteRotinaTeste02">
    <skipped/>
  </testcase> <!-- navegarProximoRegistro -->
  <testcase name="navegarProximaPagina" time="0.0" classname="br.com.projedata.arcturus.teste.testes.TesteRotinaTeste02">
    <skipped/>
  </testcase> <!-- navegarProximaPagina -->
  <testcase name="navegarRegistroAnterior" time="0.0" classname="br.com.projedata.arcturus.teste.testes.TesteRotinaTeste02">
    <skipped/>
  </testcase> <!-- navegarRegistroAnterior -->
  <testcase name="navegarPaginaAnterior" time="0.0" classname="br.com.projedata.arcturus.teste.testes.TesteRotinaTeste02">
    <skipped/>
  </testcase> <!-- navegarPaginaAnterior -->
  <testcase name="campoObrigatorio" time="0.0" classname="br.com.projedata.arcturus.teste.testes.TesteRotinaTeste02">
    <skipped/>
  </testcase> <!-- campoObrigatorio -->
  <testcase name="campoObrigatorioTabelaDinamica" time="0.0" classname="br.com.projedata.arcturus.teste.testes.TesteRotinaTeste02">
    <skipped/>
  </testcase> <!-- campoObrigatorioTabelaDinamica -->
  <testcase name="inserirRegistro" time="0.0" classname="br.com.projedata.arcturus.teste.testes.TesteRotinaTeste02">
    <skipped/>
  </testcase> <!-- inserirRegistro -->
  <testcase name="excluirRegistroInserido" time="0.0" classname="br.com.projedata.arcturus.teste.testes.TesteRotinaTeste02">
    <skipped/>
  </testcase> <!-- excluirRegistroInserido -->
  <testcase name="blocoNaoPermiteExclusao" time="0.0" classname="br.com.projedata.arcturus.teste.testes.TesteRotinaTeste02">
    <skipped/>
  </testcase> <!-- blocoNaoPermiteExclusao -->
  <testcase name="blocoNaoPermiteAlteracao" time="0.0" classname="br.com.projedata.arcturus.teste.testes.TesteRotinaTeste02">
    <skipped/>
  </testcase> <!-- blocoNaoPermiteAlteracao -->
  <testcase name="blocoNaoPermiteInclusao" time="0.0" classname="br.com.projedata.arcturus.teste.testes.TesteRotinaTeste02">
    <skipped/>
  </testcase> <!-- blocoNaoPermiteInclusao -->
  <testcase name="abrirModal" time="0.0" classname="br.com.projedata.arcturus.teste.testes.TesteRotinaTeste02">
    <skipped/>
  </testcase> <!-- abrirModal -->
  <testcase name="tentarFecharRotinaComModalAberto" time="0.0" classname="br.com.projedata.arcturus.teste.testes.TesteRotinaTeste02">
    <skipped/>
  </testcase> <!-- tentarFecharRotinaComModalAberto -->
  <testcase name="fecharRotinaModal" time="0.0" classname="br.com.projedata.arcturus.teste.testes.TesteRotinaTeste02">
    <skipped/>
  </testcase> <!-- fecharRotinaModal -->
  <testcase name="valorCampoNumericoComPonto" time="0.0" classname="br.com.projedata.arcturus.teste.testes.TesteRotinaTeste02">
    <skipped/>
  </testcase> <!-- valorCampoNumericoComPonto -->
  <testcase name="valorCampoNumericoDecimalComPonto" time="0.0" classname="br.com.projedata.arcturus.teste.testes.TesteRotinaTeste02">
    <skipped/>
  </testcase> <!-- valorCampoNumericoDecimalComPonto -->
  <testcase name="valorCampoNumericoMilharComPonto" time="0.0" classname="br.com.projedata.arcturus.teste.testes.TesteRotinaTeste02">
    <skipped/>
  </testcase> <!-- valorCampoNumericoMilharComPonto -->
  <testcase name="valorCampoNumericoMilharComVirgual" time="0.0" classname="br.com.projedata.arcturus.teste.testes.TesteRotinaTeste02">
    <skipped/>
  </testcase> <!-- valorCampoNumericoMilharComVirgual -->
  <testcase name="valorCampoNumericoApenasDecimal" time="0.0" classname="br.com.projedata.arcturus.teste.testes.TesteRotinaTeste02">
    <skipped/>
  </testcase> <!-- valorCampoNumericoApenasDecimal -->
  <testcase name="valorCampoNumericoApenasDecimalComPonto" time="0.0" classname="br.com.projedata.arcturus.teste.testes.TesteRotinaTeste02">
    <skipped/>
  </testcase> <!-- valorCampoNumericoApenasDecimalComPonto -->
  <testcase name="valorCampoNumericoComMilhar" time="0.0" classname="br.com.projedata.arcturus.teste.testes.TesteRotinaTeste02">
    <skipped/>
  </testcase> <!-- valorCampoNumericoComMilhar -->
  <testcase name="verificarSeComponenteBotaoAbreComEnter" time="0.0" classname="br.com.projedata.arcturus.teste.testes.TesteRotinaTeste02">
    <skipped/>
  </testcase> <!-- verificarSeComponenteBotaoAbreComEnter -->
  <testcase name="verificarSeComponenteBotaoAbreComEspaco" time="0.0" classname="br.com.projedata.arcturus.teste.testes.TesteRotinaTeste02">
    <skipped/>
  </testcase> <!-- verificarSeComponenteBotaoAbreComEspaco -->
  <testcase name="abrirLovEmModoConsulta" time="0.0" classname="br.com.projedata.arcturus.teste.testes.TesteRotinaTeste02">
    <skipped/>
  </testcase> <!-- abrirLovEmModoConsulta -->
  <testcase name="utilizacaoCtrlE" time="0.0" classname="br.com.projedata.arcturus.teste.testes.TesteRotinaTeste02">
    <skipped/>
  </testcase> <!-- utilizacaoCtrlE -->
  <testcase name="inseririValorNoCampoUtilizandoCtrlE" time="0.0" classname="br.com.projedata.arcturus.teste.testes.TesteRotinaTeste02">
    <skipped/>
  </testcase> <!-- inseririValorNoCampoUtilizandoCtrlE -->
  <testcase name="verificarSeMarcaRegistroComoAlteradoUtilizandoCtrlE" time="0.0" classname="br.com.projedata.arcturus.teste.testes.TesteRotinaTeste02">
    <skipped/>
  </testcase> <!-- verificarSeMarcaRegistroComoAlteradoUtilizandoCtrlE -->
  <testcase name="verificarFocoAposAbrirCampoLov" time="0.0" classname="br.com.projedata.arcturus.teste.testes.TesteRotinaTeste02">
    <skipped/>
  </testcase> <!-- verificarFocoAposAbrirCampoLov -->
  <testcase name="naoPermitirAlterarCampoNaoEditavelPeloCtrlE" time="0.0" classname="br.com.projedata.arcturus.teste.testes.TesteRotinaTeste02">
    <skipped/>
  </testcase> <!-- naoPermitirAlterarCampoNaoEditavelPeloCtrlE -->
  <testcase name="perguntarSeDesejaSairSemSalvarCampoEditavelPeloCtrlE" time="0.0" classname="br.com.projedata.arcturus.teste.testes.TesteRotinaTeste02">
    <skipped/>
  </testcase> <!-- perguntarSeDesejaSairSemSalvarCampoEditavelPeloCtrlE -->
  <testcase name="permitirAlterarCampoEditavelPeloCtrlE" time="0.0" classname="br.com.projedata.arcturus.teste.testes.TesteRotinaTeste02">
    <skipped/>
  </testcase> <!-- permitirAlterarCampoEditavelPeloCtrlE -->
  <testcase name="selecionarDataPeloCalendarioEVerificarEventoViaComando" time="0.0" classname="br.com.projedata.arcturus.teste.testes.TesteRotinaTeste02">
    <skipped/>
  </testcase> <!-- selecionarDataPeloCalendarioEVerificarEventoViaComando -->
  <testcase name="fecharRotinaPrincipal" time="0.0" classname="br.com.projedata.arcturus.teste.testes.TesteRotinaTeste02">
    <skipped/>
  </testcase> <!-- fecharRotinaPrincipal -->
  <testcase name="textAreaExpansivel" time="0.0" classname="br.com.projedata.arcturus.teste.testes.TesteRotinaTeste02">
    <skipped/>
  </testcase> <!-- textAreaExpansivel -->
  <testcase name="testarPassagemDeFocoTabelaDinamica" time="0.0" classname="br.com.projedata.arcturus.teste.testes.TesteRotinaTeste02">
    <skipped/>
  </testcase> <!-- testarPassagemDeFocoTabelaDinamica -->
  <testcase name="testarConsultaComOperadorMaiorOuIgual" time="0.0" classname="br.com.projedata.arcturus.teste.testes.TesteRotinaTeste02">
    <skipped/>
  </testcase> <!-- testarConsultaComOperadorMaiorOuIgual -->
  <testcase name="testarConsultaComOperadorMaior" time="0.0" classname="br.com.projedata.arcturus.teste.testes.TesteRotinaTeste02">
    <skipped/>
  </testcase> <!-- testarConsultaComOperadorMaior -->
  <testcase name="testarConsultaComOperadorMenorOuIgual" time="0.0" classname="br.com.projedata.arcturus.teste.testes.TesteRotinaTeste02">
    <skipped/>
  </testcase> <!-- testarConsultaComOperadorMenorOuIgual -->
  <testcase name="testarConsultaComOperadorMenor" time="0.0" classname="br.com.projedata.arcturus.teste.testes.TesteRotinaTeste02">
    <skipped/>
  </testcase> <!-- testarConsultaComOperadorMenor -->
  <testcase name="testarConsultaComOperadorDiferente" time="0.0" classname="br.com.projedata.arcturus.teste.testes.TesteRotinaTeste02">
    <skipped/>
  </testcase> <!-- testarConsultaComOperadorDiferente -->
  <testcase name="testarConsultaComMacroCampoData" time="0.0" classname="br.com.projedata.arcturus.teste.testes.TesteRotinaTeste02">
    <skipped/>
  </testcase> <!-- testarConsultaComMacroCampoData -->
  <testcase name="selecionarValorEmBrancoComboBox" time="12.473" classname="br.com.projedata.arcturus.teste.testes.TesteParc001"/>
  <testcase name="naoPermitirSairDoRegistroQuandoInvalido" time="4.183" classname="br.com.projedata.arcturus.teste.testes.TesteParc001"/>
  <testcase name="teclarF6EmBlocoComRegistroInvalido" time="0.768" classname="br.com.projedata.arcturus.teste.testes.TesteParc001"/>
  <testcase name="teclarF4EmBlocoComRegistroInvalido" time="0.065" classname="br.com.projedata.arcturus.teste.testes.TesteParc001"/>
  <testcase name="naoPermitirSairDoRegistroQuandoInvalidoClicandoNaBarraDeRolagem" time="0.156" classname="br.com.projedata.arcturus.teste.testes.TesteParc001"/>
  <testcase name="verificarSeNaoPermiteSairDoCampoInvalido" time="4.048" classname="br.com.projedata.arcturus.teste.testes.TesteParc001"/>
  <testcase name="copiarAcessoUsuarioArc001" time="8.108" classname="br.com.projedata.arcturus.teste.testes.TesteParc001"/>
  <testcase name="filtrarLovComVariosTextosSimultaneos" time="1.682" classname="br.com.projedata.arcturus.teste.testes.TesteParc001"/>
  <testcase name="mostrarRotinaAberta" time="1.99" classname="br.com.projedata.arcturus.teste.testes.TesteParc001"/>
  <testcase name="cancelarAberturaDeRotina" time="1.913" classname="br.com.projedata.arcturus.teste.testes.TesteParc001"/>
  <testcase name="abrirOutraRotina" time="3.256" classname="br.com.projedata.arcturus.teste.testes.TesteParc001"/>
  <testcase name="criarRegistroComASetaDoTeclado" time="13.518" classname="br.com.projedata.arcturus.teste.testes.TesteParc001">
    <failure type="org.openqa.selenium.TimeoutException" message="Expected condition failed: waiting for br.com.projedata.teste.util.recursos.Espera$8@23683c3e (tried for 10 second(s) with 100 milliseconds interval)
Build info: version: &amp;apos;3.14.0&amp;apos;, revision: &amp;apos;aacccce0&amp;apos;, time: &amp;apos;2018-08-02T20:19:58.91Z&amp;apos;
System info: host: &amp;apos;gustavo-184&amp;apos;, ip: &amp;apos;127.0.1.1&amp;apos;, os.name: &amp;apos;Linux&amp;apos;, os.arch: &amp;apos;amd64&amp;apos;, os.version: &amp;apos;4.15.0-39-generic&amp;apos;, java.version: &amp;apos;1.8.0_172&amp;apos;
Driver info: driver.version: unknown">
      <![CDATA[org.openqa.selenium.TimeoutException: Expected condition failed: waiting for br.com.projedata.teste.util.recursos.Espera$8@23683c3e (tried for 10 second(s) with 100 milliseconds interval)
Build info: version: '3.14.0', revision: 'aacccce0', time: '2018-08-02T20:19:58.91Z'
System info: host: 'gustavo-184', ip: '127.0.1.1', os.name: 'Linux', os.arch: 'amd64', os.version: '4.15.0-39-generic', java.version: '1.8.0_172'
Driver info: driver.version: unknown
at org.openqa.selenium.support.ui.FluentWait.timeoutException(FluentWait.java:315)
at org.openqa.selenium.support.ui.FluentWait.until(FluentWait.java:283)
at br.com.projedata.teste.util.recursos.Espera.aguardarElementoEstarVisivel(Espera.java:229)
at br.com.projedata.teste.util.recursos.Espera.aguardarElementoEstarVisivel(Espera.java:218)
at br.com.projedata.arcturus.teste.testes.TesteParc001.criarRegistroComASetaDoTeclado(TesteParc001.java:366)
at java.util.concurrent.FutureTask.run(FutureTask.java:266)
at java.util.concurrent.ThreadPoolExecutor.runWorker(ThreadPoolExecutor.java:1149)
at java.util.concurrent.ThreadPoolExecutor$Worker.run(ThreadPoolExecutor.java:624)
at java.lang.Thread.run(Thread.java:748)
... Removed 16 stack frames]]>
    </failure>
  </testcase> <!-- criarRegistroComASetaDoTeclado -->
  <testcase name="adicionarImagemArc001" time="0.0" classname="br.com.projedata.arcturus.teste.testes.TesteParc001">
    <skipped/>
  </testcase> <!-- adicionarImagemArc001 -->
  <testcase name="removerImagemArc001" time="0.0" classname="br.com.projedata.arcturus.teste.testes.TesteParc001">
    <skipped/>
  </testcase> <!-- removerImagemArc001 -->
  <testcase name="bloquearUsuarioPorExcessoDetentativasDeAcesso" time="0.0" classname="br.com.projedata.arcturus.teste.testes.TesteParc001">
    <skipped/>
  </testcase> <!-- bloquearUsuarioPorExcessoDetentativasDeAcesso -->
  <testcase name="verificarSituacaoUsuarioBloqueado" time="0.0" classname="br.com.projedata.arcturus.teste.testes.TesteParc001">
    <skipped/>
  </testcase> <!-- verificarSituacaoUsuarioBloqueado -->
  <testcase name="desbloquearUsuario" time="0.0" classname="br.com.projedata.arcturus.teste.testes.TesteParc001">
    <skipped/>
  </testcase> <!-- desbloquearUsuario -->
  <testcase name="acessarSistemaComUsuarioDesbloqueado" time="0.0" classname="br.com.projedata.arcturus.teste.testes.TesteParc001">
    <skipped/>
  </testcase> <!-- acessarSistemaComUsuarioDesbloqueado -->
  <testcase name="verificarSeNaoBloqueiaUsuarioToken" time="0.0" classname="br.com.projedata.arcturus.teste.testes.TesteParc001">
    <skipped/>
  </testcase> <!-- verificarSeNaoBloqueiaUsuarioToken -->
  <testcase name="testarControleAcessoLiberarHoraFim" time="0.0" classname="br.com.projedata.arcturus.teste.testes.TesteParc001">
    <skipped/>
  </testcase> <!-- testarControleAcessoLiberarHoraFim -->
  <testcase name="testarControleAcessoLiberarHoraInicio" time="0.0" classname="br.com.projedata.arcturus.teste.testes.TesteParc001">
    <skipped/>
  </testcase> <!-- testarControleAcessoLiberarHoraInicio -->
  <testcase name="testarControleAcessoBloquearHoraFim" time="0.0" classname="br.com.projedata.arcturus.teste.testes.TesteParc001">
    <skipped/>
  </testcase> <!-- testarControleAcessoBloquearHoraFim -->
  <testcase name="testarControleAcessoBloquearHoraInicio" time="0.0" classname="br.com.projedata.arcturus.teste.testes.TesteParc001">
    <skipped/>
  </testcase> <!-- testarControleAcessoBloquearHoraInicio -->
  <testcase name="testarControleAcessoBloquearDataInicio" time="0.0" classname="br.com.projedata.arcturus.teste.testes.TesteParc001">
    <skipped/>
  </testcase> <!-- testarControleAcessoBloquearDataInicio -->
  <testcase name="testarControleAcessoBloquearDataFim" time="0.0" classname="br.com.projedata.arcturus.teste.testes.TesteParc001">
    <skipped/>
  </testcase> <!-- testarControleAcessoBloquearDataFim -->
  <testcase name="testarBloqueioDeAcessoDiasDaSemana" time="0.0" classname="br.com.projedata.arcturus.teste.testes.TesteParc001">
    <skipped/>
  </testcase> <!-- testarBloqueioDeAcessoDiasDaSemana -->
  <testcase name="testarPassagemDeRegistroComFocoNoComboBox" time="0.0" classname="br.com.projedata.arcturus.teste.testes.TesteParc001">
    <skipped/>
  </testcase> <!-- testarPassagemDeRegistroComFocoNoComboBox -->
  <testcase name="testarPermissaoDeAcesso" time="0.0" classname="br.com.projedata.arcturus.teste.testes.TesteParc001">
    <skipped/>
  </testcase> <!-- testarPermissaoDeAcesso -->
  <testcase name="testarUsuarioSemPermissaoDeAcesso" time="0.0" classname="br.com.projedata.arcturus.teste.testes.TesteParc001">
    <skipped/>
  </testcase> <!-- testarUsuarioSemPermissaoDeAcesso -->
  <testcase name="testarCriacaoDeFiltroEmCliente" time="10.696" classname="br.com.projedata.arcturus.teste.testes.TesteParc007"/>
  <testcase name="excluirFiltro" time="4.939" classname="br.com.projedata.arcturus.teste.testes.TesteParc007"/>
  <testcase name="cadastrarNovoFiltro" time="7.854" classname="br.com.projedata.arcturus.teste.testes.TesteParc007"/>
  <testcase name="consultarFiltros" time="2.205" classname="br.com.projedata.arcturus.teste.testes.TesteParc007"/>
  <testcase name="excluirFiltroArcturus" time="1.59" classname="br.com.projedata.arcturus.teste.testes.TesteParc007"/>
  <testcase name="abrirParc103" time="5.155" classname="br.com.projedata.arcturus.teste.testes.TesteParc103"/>
  <testcase name="exibirTituloConformeSistemaCadastrado" time="0.022" classname="br.com.projedata.arcturus.teste.testes.TesteParc103"/>
  <testcase name="exibirTituloConformeNomeSistemaAlterado" time="2.73" classname="br.com.projedata.arcturus.teste.testes.TesteParc103"/>
  <testcase name="exibirTituloQuandoCampoNomeSistemaNaoEstiverInformado" time="12.681" classname="br.com.projedata.arcturus.teste.testes.TesteParc103"/>
  <testcase name="abrirPger001" time="5.829" classname="br.com.projedata.arcturus.teste.testes.TestePger001"/>
  <testcase name="selecionarRelatorioEdicao" time="2.356" classname="br.com.projedata.arcturus.teste.testes.TestePger001"/>
  <testcase name="bloquearRelatorioParaEdicao" time="2.152" classname="br.com.projedata.arcturus.teste.testes.TestePger001"/>
  <testcase name="abrirEditorDoRelatorio" time="3.018" classname="br.com.projedata.arcturus.teste.testes.TestePger001"/>
  <testcase name="testarLovListaRelatorios" time="1.829" classname="br.com.projedata.arcturus.teste.testes.TestePger001"/>
  <testcase name="clonarRelatorio" time="5.343" classname="br.com.projedata.arcturus.teste.testes.TestePger001"/>
  <testcase name="permissaoExecucao" time="4.143" classname="br.com.projedata.arcturus.teste.testes.TestePger001"/>
  <testcase name="testarPermissaoExecucaoConcedida" time="6.562" classname="br.com.projedata.arcturus.teste.testes.TestePger001"/>
  <testcase name="tentarEditarRelatorioComPermissaoExecucaoConcedida" time="0.034" classname="br.com.projedata.arcturus.teste.testes.TestePger001"/>
  <testcase name="permissaoTotal" time="11.333" classname="br.com.projedata.arcturus.teste.testes.TestePger001"/>
  <testcase name="testarPermissaoTotalConcedida" time="6.404" classname="br.com.projedata.arcturus.teste.testes.TestePger001"/>
  <testcase name="excluirRelatorioClone" time="11.246" classname="br.com.projedata.arcturus.teste.testes.TestePger001"/>
  <testcase name="criarNovoRelatorio" time="3.946" classname="br.com.projedata.arcturus.teste.testes.TestePger001"/>
  <testcase name="permissaoExecucaoParaGrupo" time="12.972" classname="br.com.projedata.arcturus.teste.testes.TestePger001">
    <failure type="org.openqa.selenium.TimeoutException" message="Expected condition failed: waiting for br.com.projedata.teste.util.recursos.Espera$8@4cfe9ed1 (tried for 10 second(s) with 100 milliseconds interval)
Build info: version: &amp;apos;3.14.0&amp;apos;, revision: &amp;apos;aacccce0&amp;apos;, time: &amp;apos;2018-08-02T20:19:58.91Z&amp;apos;
System info: host: &amp;apos;gustavo-184&amp;apos;, ip: &amp;apos;127.0.1.1&amp;apos;, os.name: &amp;apos;Linux&amp;apos;, os.arch: &amp;apos;amd64&amp;apos;, os.version: &amp;apos;4.15.0-39-generic&amp;apos;, java.version: &amp;apos;1.8.0_172&amp;apos;
Driver info: driver.version: unknown">
      <![CDATA[org.openqa.selenium.TimeoutException: Expected condition failed: waiting for br.com.projedata.teste.util.recursos.Espera$8@4cfe9ed1 (tried for 10 second(s) with 100 milliseconds interval)
Build info: version: '3.14.0', revision: 'aacccce0', time: '2018-08-02T20:19:58.91Z'
System info: host: 'gustavo-184', ip: '127.0.1.1', os.name: 'Linux', os.arch: 'amd64', os.version: '4.15.0-39-generic', java.version: '1.8.0_172'
Driver info: driver.version: unknown
at org.openqa.selenium.support.ui.FluentWait.timeoutException(FluentWait.java:315)
at org.openqa.selenium.support.ui.FluentWait.until(FluentWait.java:283)
at br.com.projedata.teste.util.recursos.Espera.aguardarElementoEstarVisivel(Espera.java:229)
at br.com.projedata.teste.util.recursos.Espera.aguardarElementoEstarVisivel(Espera.java:218)
at br.com.projedata.arcturus.teste.testes.TestePger001.permissaoExecucaoParaGrupo(TestePger001.java:283)
at java.util.concurrent.FutureTask.run(FutureTask.java:266)
at java.util.concurrent.ThreadPoolExecutor.runWorker(ThreadPoolExecutor.java:1149)
at java.util.concurrent.ThreadPoolExecutor$Worker.run(ThreadPoolExecutor.java:624)
at java.lang.Thread.run(Thread.java:748)
... Removed 16 stack frames]]>
    </failure>
  </testcase> <!-- permissaoExecucaoParaGrupo -->
  <testcase name="verificarAcessoPermissaoExecucaoParaGrupo" time="0.0" classname="br.com.projedata.arcturus.teste.testes.TestePger001">
    <skipped/>
  </testcase> <!-- verificarAcessoPermissaoExecucaoParaGrupo -->
  <testcase name="permissaoTotalParaGrupo" time="0.0" classname="br.com.projedata.arcturus.teste.testes.TestePger001">
    <skipped/>
  </testcase> <!-- permissaoTotalParaGrupo -->
  <testcase name="verificarAcessoPermissaoTotalParaGrupo" time="0.0" classname="br.com.projedata.arcturus.teste.testes.TestePger001">
    <skipped/>
  </testcase> <!-- verificarAcessoPermissaoTotalParaGrupo -->
  <testcase name="excluirRelatorioNovo" time="0.0" classname="br.com.projedata.arcturus.teste.testes.TestePger001">
    <skipped/>
  </testcase> <!-- excluirRelatorioNovo -->
  <testcase name="verificarSeNaoPermiteEdicaoNoBlocoSemPermissaoDeAlteracao" time="0.0" classname="br.com.projedata.arcturus.teste.testes.TestePger001">
    <skipped/>
  </testcase> <!-- verificarSeNaoPermiteEdicaoNoBlocoSemPermissaoDeAlteracao -->
  <testcase name="verificarSeNaoPermiteInclusaoNoBlocoAposCtrlQ" time="0.0" classname="br.com.projedata.arcturus.teste.testes.TestePger001">
    <skipped/>
  </testcase> <!-- verificarSeNaoPermiteInclusaoNoBlocoAposCtrlQ -->
  <testcase name="testarFiltroPeriodo" time="0.0" classname="br.com.projedata.arcturus.teste.testes.TestePger001">
    <skipped/>
  </testcase> <!-- testarFiltroPeriodo -->
  <testcase name="testarNavegacaoComPageDownPageUpBlocoPrincipal" time="0.0" classname="br.com.projedata.arcturus.teste.testes.TestePger001">
    <skipped/>
  </testcase> <!-- testarNavegacaoComPageDownPageUpBlocoPrincipal -->
  <testcase name="testarNavegacaoComPageDownPageUpBlocoDetalhes" time="0.0" classname="br.com.projedata.arcturus.teste.testes.TestePger001">
    <skipped/>
  </testcase> <!-- testarNavegacaoComPageDownPageUpBlocoDetalhes -->
  <testcase name="teclarShiftF6NumCampoComValorInvalido" time="0.0" classname="br.com.projedata.arcturus.teste.testes.TestePger001">
    <skipped/>
  </testcase> <!-- teclarShiftF6NumCampoComValorInvalido -->
  <testcase name="setasDeNavegacaoAnteriorDesabilitadas" time="0.0" classname="br.com.projedata.arcturus.teste.testes.TestePger001">
    <skipped/>
  </testcase> <!-- setasDeNavegacaoAnteriorDesabilitadas -->
  <testcase name="setasDeNavegacaoSeguinteDesabilitadas" time="0.0" classname="br.com.projedata.arcturus.teste.testes.TestePger001">
    <skipped/>
  </testcase> <!-- setasDeNavegacaoSeguinteDesabilitadas -->
  <testcase name="componenteCalendarioNoFiltroDoRelatorio" time="0.0" classname="br.com.projedata.arcturus.teste.testes.TestePger001">
    <skipped/>
  </testcase> <!-- componenteCalendarioNoFiltroDoRelatorio -->
  <testcase name="abrirFiltroPeloShiftF2" time="0.0" classname="br.com.projedata.arcturus.teste.testes.TestePger001">
    <skipped/>
  </testcase> <!-- abrirFiltroPeloShiftF2 -->
  <testcase name="executarPeloF2" time="0.0" classname="br.com.projedata.arcturus.teste.testes.TestePger001">
    <skipped/>
  </testcase> <!-- executarPeloF2 -->
  <testcase name="passagemDeFocoFiltroPeriodo" time="0.0" classname="br.com.projedata.arcturus.teste.testes.TestePger001">
    <skipped/>
  </testcase> <!-- passagemDeFocoFiltroPeriodo -->
  <testcase name="tentarIncluirRegistroPeloF4EmBlocoSomenteLeitura" time="0.0" classname="br.com.projedata.arcturus.teste.testes.TestePger001">
    <skipped/>
  </testcase> <!-- tentarIncluirRegistroPeloF4EmBlocoSomenteLeitura -->
  <testcase name="tentarIncluirRegistroPeloF6EmBlocoSomenteLeitura" time="0.0" classname="br.com.projedata.arcturus.teste.testes.TestePger001">
    <skipped/>
  </testcase> <!-- tentarIncluirRegistroPeloF6EmBlocoSomenteLeitura -->
  <testcase name="testeCampoMultiValorado" time="0.0" classname="br.com.projedata.arcturus.teste.testes.TestePger001">
    <skipped/>
  </testcase> <!-- testeCampoMultiValorado -->
  <testcase name="removerValoresCampoMultiValorado" time="0.0" classname="br.com.projedata.arcturus.teste.testes.TestePger001">
    <skipped/>
  </testcase> <!-- removerValoresCampoMultiValorado -->
  <testcase name="testarPassagemDeFocoJanelaModal" time="0.0" classname="br.com.projedata.arcturus.teste.testes.TestePger001">
    <skipped/>
  </testcase> <!-- testarPassagemDeFocoJanelaModal -->
  <testcase name="verificarDelimitadorCsv" time="0.0" classname="br.com.projedata.arcturus.teste.testes.TestePger001">
    <skipped/>
  </testcase> <!-- verificarDelimitadorCsv -->
  <testcase name="testarBloqueioParcialRelatorio" time="0.0" classname="br.com.projedata.arcturus.teste.testes.TestePger001">
    <skipped/>
  </testcase> <!-- testarBloqueioParcialRelatorio -->
  <testcase name="testarBloqueioTotalRelatorio" time="0.0" classname="br.com.projedata.arcturus.teste.testes.TestePger001">
    <skipped/>
  </testcase> <!-- testarBloqueioTotalRelatorio -->
  <testcase name="testarBloqueioTotalRelatorioParaUsuarioComAcessoTotal" time="0.0" classname="br.com.projedata.arcturus.teste.testes.TestePger001">
    <skipped/>
  </testcase> <!-- testarBloqueioTotalRelatorioParaUsuarioComAcessoTotal -->
  <testcase name="testarComponenteImagemDoRelatorio" time="0.0" classname="br.com.projedata.arcturus.teste.testes.TestePger001">
    <skipped/>
  </testcase> <!-- testarComponenteImagemDoRelatorio -->
  <testcase name="testarFiltroObrigatorioDoRelatorio" time="0.0" classname="br.com.projedata.arcturus.teste.testes.TestePger001">
    <skipped/>
  </testcase> <!-- testarFiltroObrigatorioDoRelatorio -->
  <testcase name="testarPropriedadeCodigoBarras" time="0.0" classname="br.com.projedata.arcturus.teste.testes.TestePger001">
    <skipped/>
  </testcase> <!-- testarPropriedadeCodigoBarras -->
  <testcase name="testarSelecaoFiltroPai" time="0.0" classname="br.com.projedata.arcturus.teste.testes.TestePger001">
    <skipped/>
  </testcase> <!-- testarSelecaoFiltroPai -->
  <testcase name="verificarSeFiltroObrigatorioEhExibido" time="0.0" classname="br.com.projedata.arcturus.teste.testes.TestePger001">
    <skipped/>
  </testcase> <!-- verificarSeFiltroObrigatorioEhExibido -->
  <testcase name="salvarFiltrosDoRelatorio" time="0.0" classname="br.com.projedata.arcturus.teste.testes.TestePger001">
    <skipped/>
  </testcase> <!-- salvarFiltrosDoRelatorio -->
  <testcase name="salvarFiltrosDoRelatorioEmBranco" time="0.0" classname="br.com.projedata.arcturus.teste.testes.TestePger001">
    <skipped/>
  </testcase> <!-- salvarFiltrosDoRelatorioEmBranco -->
  <testcase name="vincularSistemaAoRelatorio" time="0.0" classname="br.com.projedata.arcturus.teste.testes.TestePger001">
    <skipped/>
  </testcase> <!-- vincularSistemaAoRelatorio -->
  <testcase name="verificarSeImagemFundoEhExibiba" time="0.0" classname="br.com.projedata.arcturus.teste.testes.TestePger001">
    <skipped/>
  </testcase> <!-- verificarSeImagemFundoEhExibiba -->
  <testcase name="ocultarFiltro" time="0.0" classname="br.com.projedata.arcturus.teste.testes.TestePger001">
    <skipped/>
  </testcase> <!-- ocultarFiltro -->
  <testcase name="clonarRelatorioApartirDeUmFixo" time="0.0" classname="br.com.projedata.arcturus.teste.testes.TestePger001">
    <skipped/>
  </testcase> <!-- clonarRelatorioApartirDeUmFixo -->
  <testcase name="testarMetodoSalvarFiltros" time="0.0" classname="br.com.projedata.arcturus.teste.testes.TestePger001">
    <skipped/>
  </testcase> <!-- testarMetodoSalvarFiltros -->
  <testcase name="abrirRascunhoNoConstrutor" time="10.415" classname="br.com.projedata.arcturus.teste.testes.TesteConstrutorTelas"/>
  <testcase name="abrirRotinaTeste" time="4.938" classname="br.com.projedata.arcturus.teste.testes.TesteConstrutorTelas"/>
  <testcase name="testarNaoPermitirFecharJanelaComRegistroInvalido" time="2.642" classname="br.com.projedata.arcturus.teste.testes.TesteConstrutorTelas"/>
  <testcase name="alterarMascaraDoCampoViaComando" time="4.817" classname="br.com.projedata.arcturus.teste.testes.TesteConstrutorTelas"/>
  <testcase name="testarAlinhamentoDaLov" time="5.156" classname="br.com.projedata.arcturus.teste.testes.TesteConstrutorTelas"/>
  <testcase name="verificarSeEtiquetaDoBotaoEstaDesabilitada" time="0.07" classname="br.com.projedata.arcturus.teste.testes.TesteConstrutorTelas"/>
  <testcase name="verificarMensagemDoBackEManterFocoNoRegistroAtual" time="1.337" classname="br.com.projedata.arcturus.teste.testes.TesteConstrutorTelas"/>
  <testcase name="testarExcecaoGatilhoAposAlterarRegistro" time="11.922" classname="br.com.projedata.arcturus.teste.testes.TesteConstrutorTelas"/>
  <testcase name="naoExibirBotaoDaLov" time="2.652" classname="br.com.projedata.arcturus.teste.testes.TesteConstrutorTelas"/>
  <testcase name="exibirBotaoDaLov" time="1.315" classname="br.com.projedata.arcturus.teste.testes.TesteConstrutorTelas"/>
  <testcase name="testarAberturaDaLovAposInformarUmValorInvalido" time="6.24" classname="br.com.projedata.arcturus.teste.testes.TesteConstrutorTelas"/>
  <testcase name="testarFocoNoBlocoConformeOrdemNoConstrutor" time="0.097" classname="br.com.projedata.arcturus.teste.testes.TesteConstrutorTelas"/>
  <testcase name="teclarCtrlR" time="0.962" classname="br.com.projedata.arcturus.teste.testes.TesteConstrutorTelas"/>
  <testcase name="verificarPresencaScrollBar" time="0.215" classname="br.com.projedata.arcturus.teste.testes.TesteConstrutorTelas"/>
  <testcase name="checkBoxNaoPermiteMarcar" time="0.14" classname="br.com.projedata.arcturus.teste.testes.TesteConstrutorTelas"/>
  <testcase name="checkBoxPermiteMarcar" time="0.096" classname="br.com.projedata.arcturus.teste.testes.TesteConstrutorTelas"/>
  <testcase name="desmarcarCheckBox" time="8.92" classname="br.com.projedata.arcturus.teste.testes.TesteConstrutorTelas"/>
  <testcase name="checkBoxNaoPermiteAlterarEmModoInsercao" time="0.074" classname="br.com.projedata.arcturus.teste.testes.TesteConstrutorTelas"/>
  <testcase name="checkBoxPermiteAlterarEmModoConsulta" time="4.656" classname="br.com.projedata.arcturus.teste.testes.TesteConstrutorTelas"/>
  <testcase name="excluirBlocoNaoIsolado" time="18.985" classname="br.com.projedata.arcturus.teste.testes.TesteConstrutorTelas"/>
  <testcase name="excluirBlocoCascata" time="16.905" classname="br.com.projedata.arcturus.teste.testes.TesteConstrutorTelas"/>
  <testcase name="excluirBlocoIsolado" time="25.736" classname="br.com.projedata.arcturus.teste.testes.TesteConstrutorTelas">
    <failure type="org.openqa.selenium.TimeoutException" message="Expected condition failed: waiting for br.com.projedata.teste.util.recursos.Espera$8@fbe7a5c (tried for 10 second(s) with 100 milliseconds interval)
Build info: version: &amp;apos;3.14.0&amp;apos;, revision: &amp;apos;aacccce0&amp;apos;, time: &amp;apos;2018-08-02T20:19:58.91Z&amp;apos;
System info: host: &amp;apos;gustavo-184&amp;apos;, ip: &amp;apos;127.0.1.1&amp;apos;, os.name: &amp;apos;Linux&amp;apos;, os.arch: &amp;apos;amd64&amp;apos;, os.version: &amp;apos;4.15.0-39-generic&amp;apos;, java.version: &amp;apos;1.8.0_172&amp;apos;
Driver info: driver.version: unknown">
      <![CDATA[org.openqa.selenium.TimeoutException: Expected condition failed: waiting for br.com.projedata.teste.util.recursos.Espera$8@fbe7a5c (tried for 10 second(s) with 100 milliseconds interval)
Build info: version: '3.14.0', revision: 'aacccce0', time: '2018-08-02T20:19:58.91Z'
System info: host: 'gustavo-184', ip: '127.0.1.1', os.name: 'Linux', os.arch: 'amd64', os.version: '4.15.0-39-generic', java.version: '1.8.0_172'
Driver info: driver.version: unknown
at org.openqa.selenium.support.ui.FluentWait.timeoutException(FluentWait.java:315)
at org.openqa.selenium.support.ui.FluentWait.until(FluentWait.java:283)
at br.com.projedata.teste.util.recursos.Espera.aguardarElementoEstarVisivel(Espera.java:229)
at br.com.projedata.teste.util.recursos.Espera.aguardarElementoEstarVisivel(Espera.java:218)
at br.com.projedata.arcturus.teste.testes.TesteConstrutorTelas.excluirBlocoIsolado(TesteConstrutorTelas.java:469)
at java.util.concurrent.FutureTask.run(FutureTask.java:266)
at java.util.concurrent.ThreadPoolExecutor.runWorker(ThreadPoolExecutor.java:1149)
at java.util.concurrent.ThreadPoolExecutor$Worker.run(ThreadPoolExecutor.java:624)
at java.lang.Thread.run(Thread.java:748)
... Removed 16 stack frames]]>
    </failure>
  </testcase> <!-- excluirBlocoIsolado -->
  <testcase name="metodoConsultaBloco" time="0.0" classname="br.com.projedata.arcturus.teste.testes.TesteConstrutorTelas">
    <skipped/>
  </testcase> <!-- metodoConsultaBloco -->
  <testcase name="testarMetodoSalvarSemMensagem" time="0.0" classname="br.com.projedata.arcturus.teste.testes.TesteConstrutorTelas">
    <skipped/>
  </testcase> <!-- testarMetodoSalvarSemMensagem -->
  <testcase name="testarMetodoSalvarComMensagem" time="0.0" classname="br.com.projedata.arcturus.teste.testes.TesteConstrutorTelas">
    <skipped/>
  </testcase> <!-- testarMetodoSalvarComMensagem -->
  <testcase name="alterarCssBotaoEmTempoDeExecucao" time="0.0" classname="br.com.projedata.arcturus.teste.testes.TesteConstrutorTelas">
    <skipped/>
  </testcase> <!-- alterarCssBotaoEmTempoDeExecucao -->
  <testcase name="verificarCorNoQuadro" time="0.0" classname="br.com.projedata.arcturus.teste.testes.TesteConstrutorTelas">
    <skipped/>
  </testcase> <!-- verificarCorNoQuadro -->
  <testcase name="alterarComponenteEmTempoDeExecucaoOpcaoNaoNavegavel" time="0.0" classname="br.com.projedata.arcturus.teste.testes.TesteConstrutorTelas">
    <skipped/>
  </testcase> <!-- alterarComponenteEmTempoDeExecucaoOpcaoNaoNavegavel -->
  <testcase name="alterarComponenteEmTempoDeExecucaoOpcaoSimNavegavel" time="0.0" classname="br.com.projedata.arcturus.teste.testes.TesteConstrutorTelas">
    <skipped/>
  </testcase> <!-- alterarComponenteEmTempoDeExecucaoOpcaoSimNavegavel -->
  <testcase name="metodoAlterarBlocoNaoPermiteCrud" time="0.0" classname="br.com.projedata.arcturus.teste.testes.TesteConstrutorTelas">
    <skipped/>
  </testcase> <!-- metodoAlterarBlocoNaoPermiteCrud -->
  <testcase name="mudancaDePosicaoDoComponenteDaTelaBotaoELabelJuntos" time="0.0" classname="br.com.projedata.arcturus.teste.testes.TesteConstrutorTelas">
    <skipped/>
  </testcase> <!-- mudancaDePosicaoDoComponenteDaTelaBotaoELabelJuntos -->
  <testcase name="mudancaDePosicaoERedimensionamentoBarraRolagem" time="0.0" classname="br.com.projedata.arcturus.teste.testes.TesteConstrutorTelas">
    <skipped/>
  </testcase> <!-- mudancaDePosicaoERedimensionamentoBarraRolagem -->
  <testcase name="metodoAlterarComponenteAtual" time="0.0" classname="br.com.projedata.arcturus.teste.testes.TesteConstrutorTelas">
    <skipped/>
  </testcase> <!-- metodoAlterarComponenteAtual -->
  <testcase name="verificarCaixaDaFonte" time="0.0" classname="br.com.projedata.arcturus.teste.testes.TesteConstrutorTelas">
    <skipped/>
  </testcase> <!-- verificarCaixaDaFonte -->
  <testcase name="excluirItemQuePossuaImagemRelacionada" time="0.0" classname="br.com.projedata.arcturus.teste.testes.TesteConstrutorTelas">
    <skipped/>
  </testcase> <!-- excluirItemQuePossuaImagemRelacionada -->
  <testcase name="verificarCheckboxDesabilitadoNaoPermiteSelecionar" time="0.0" classname="br.com.projedata.arcturus.teste.testes.TesteConstrutorTelas">
    <skipped/>
  </testcase> <!-- verificarCheckboxDesabilitadoNaoPermiteSelecionar -->
  <testcase name="testarPaginacaoFiltroLov" time="0.0" classname="br.com.projedata.arcturus.teste.testes.TesteConstrutorTelas">
    <skipped/>
  </testcase> <!-- testarPaginacaoFiltroLov -->
  <testcase name="calendarioMascaraHorario" time="0.0" classname="br.com.projedata.arcturus.teste.testes.TesteConstrutorTelas">
    <skipped/>
  </testcase> <!-- calendarioMascaraHorario -->
  <testcase name="excluirEvento" time="0.0" classname="br.com.projedata.arcturus.teste.testes.TesteConstrutorTelas">
    <skipped/>
  </testcase> <!-- excluirEvento -->
  <testcase name="abrirRotinaPteste015NoConstrutor" time="0.0" classname="br.com.projedata.arcturus.teste.testes.TesteConstrutorTelas">
    <skipped/>
  </testcase> <!-- abrirRotinaPteste015NoConstrutor -->
  <testcase name="testarFocoAposReordenarBloco" time="0.0" classname="br.com.projedata.arcturus.teste.testes.TesteConstrutorTelas">
    <skipped/>
  </testcase> <!-- testarFocoAposReordenarBloco -->
  <testcase name="testarEventoNohPrimeiroNivel" time="0.0" classname="br.com.projedata.arcturus.teste.testes.TesteConstrutorTelas">
    <skipped/>
  </testcase> <!-- testarEventoNohPrimeiroNivel -->
  <testcase name="testarEventoNohSegundoNivel" time="0.0" classname="br.com.projedata.arcturus.teste.testes.TesteConstrutorTelas">
    <skipped/>
  </testcase> <!-- testarEventoNohSegundoNivel -->
  <testcase name="abrirRotinaAoClicarNoSubNoh" time="0.0" classname="br.com.projedata.arcturus.teste.testes.TesteConstrutorTelas">
    <skipped/>
  </testcase> <!-- abrirRotinaAoClicarNoSubNoh -->
  <testcase name="verificaSeComponenteAbasEstaExibindo" time="0.0" classname="br.com.projedata.arcturus.teste.testes.TesteConstrutorTelas">
    <skipped/>
  </testcase> <!-- verificaSeComponenteAbasEstaExibindo -->
  <testcase name="abaMarcadaComoSelecionadaPorPadrao" time="0.0" classname="br.com.projedata.arcturus.teste.testes.TesteConstrutorTelas">
    <skipped/>
  </testcase> <!-- abaMarcadaComoSelecionadaPorPadrao -->
  <testcase name="trocarDeAbas" time="0.0" classname="br.com.projedata.arcturus.teste.testes.TesteConstrutorTelas">
    <skipped/>
  </testcase> <!-- trocarDeAbas -->
  <testcase name="eventoQuandoSelecionarAba" time="0.0" classname="br.com.projedata.arcturus.teste.testes.TesteConstrutorTelas">
    <skipped/>
  </testcase> <!-- eventoQuandoSelecionarAba -->
  <testcase name="alterarLabelDaAbaParaNegrito" time="0.0" classname="br.com.projedata.arcturus.teste.testes.TesteConstrutorTelas">
    <skipped/>
  </testcase> <!-- alterarLabelDaAbaParaNegrito -->
  <testcase name="naoFuncionarArvoreComRegistroInvalido" time="0.0" classname="br.com.projedata.arcturus.teste.testes.TesteConstrutorTelas">
    <skipped/>
  </testcase> <!-- naoFuncionarArvoreComRegistroInvalido -->
  <testcase name="verificarSeBackDropContinuaAtivo" time="0.0" classname="br.com.projedata.arcturus.teste.testes.TesteConstrutorTelas">
    <skipped/>
  </testcase> <!-- verificarSeBackDropContinuaAtivo -->
  <testcase name="verificarFuncionamentoEventoAposFecharJanela" time="0.0" classname="br.com.projedata.arcturus.teste.testes.TesteConstrutorTelas">
    <skipped/>
  </testcase> <!-- verificarFuncionamentoEventoAposFecharJanela -->
  <testcase name="verificarComponenteCalendarioEmAba" time="0.0" classname="br.com.projedata.arcturus.teste.testes.TesteConstrutorTelas">
    <skipped/>
  </testcase> <!-- verificarComponenteCalendarioEmAba -->
  <testcase name="fecharCalendarioPeloBotaoAposSelecionarData" time="0.0" classname="br.com.projedata.arcturus.teste.testes.TesteConstrutorTelas">
    <skipped/>
  </testcase> <!-- fecharCalendarioPeloBotaoAposSelecionarData -->
  <testcase name="testarEventoProcessarListaAbrirRotina" time="0.0" classname="br.com.projedata.arcturus.teste.testes.TesteConstrutorTelas">
    <skipped/>
  </testcase> <!-- testarEventoProcessarListaAbrirRotina -->
  <testcase name="testarEventoProcessarListaAbrirLista" time="0.0" classname="br.com.projedata.arcturus.teste.testes.TesteConstrutorTelas">
    <skipped/>
  </testcase> <!-- testarEventoProcessarListaAbrirLista -->
  <testcase name="testarEventoAbrirLovComParametro" time="0.0" classname="br.com.projedata.arcturus.teste.testes.TesteConstrutorTelas">
    <skipped/>
  </testcase> <!-- testarEventoAbrirLovComParametro -->
  <testcase name="testarEventoAbrirLovSemParametro" time="0.0" classname="br.com.projedata.arcturus.teste.testes.TesteConstrutorTelas">
    <skipped/>
  </testcase> <!-- testarEventoAbrirLovSemParametro -->
  <testcase name="testarFuncionamentoDaPropriedadeVisivel" time="0.0" classname="br.com.projedata.arcturus.teste.testes.TesteConstrutorTelas">
    <skipped/>
  </testcase> <!-- testarFuncionamentoDaPropriedadeVisivel -->
  <testcase name="testarMetodoIsItemValido" time="0.0" classname="br.com.projedata.arcturus.teste.testes.TesteConstrutorTelas">
    <skipped/>
  </testcase> <!-- testarMetodoIsItemValido -->
  <testcase name="testarCampoInvalido" time="0.0" classname="br.com.projedata.arcturus.teste.testes.TesteConstrutorTelas">
    <skipped/>
  </testcase> <!-- testarCampoInvalido -->
  <testcase name="testarAlterarListaDinamicamente" time="0.0" classname="br.com.projedata.arcturus.teste.testes.TesteConstrutorTelas">
    <skipped/>
  </testcase> <!-- testarAlterarListaDinamicamente -->
  <testcase name="acessarConstrutorRelatorios" time="5.351" classname="br.com.projedata.arcturus.teste.testes.TesteGeradorRelatorios"/>
  <testcase name="cabecalhoPadraoDoSistema" time="9.934" classname="br.com.projedata.arcturus.teste.testes.TesteGeradorRelatorios"/>
  <testcase name="parametroMostrarCabecalhoIgualNao" time="1.364" classname="br.com.projedata.arcturus.teste.testes.TesteGeradorRelatorios"/>
  <testcase name="relatorioSemCabecalho" time="2.907" classname="br.com.projedata.arcturus.teste.testes.TesteGeradorRelatorios"/>
  <testcase name="cabecalhoCustomizado" time="5.863" classname="br.com.projedata.arcturus.teste.testes.TesteGeradorRelatorios"/>
  <testcase name="exibirCabecalhoApenasNaPrimeiraPagina" time="4.467" classname="br.com.projedata.arcturus.teste.testes.TesteGeradorRelatorios"/>
  <testcase name="exibirCabecalhoEmTodasPaginas" time="3.666" classname="br.com.projedata.arcturus.teste.testes.TesteGeradorRelatorios"/>
  <testcase name="testeEventoImprimirQuando" time="5.334" classname="br.com.projedata.arcturus.teste.testes.TesteGeradorRelatorios"/>
  <testcase name="removerEventoImprimirQuando" time="4.295" classname="br.com.projedata.arcturus.teste.testes.TesteGeradorRelatorios"/>
  <testcase name="testarPropriedadeElasticidadeExpansivel" time="5.244" classname="br.com.projedata.arcturus.teste.testes.TesteGeradorRelatorios"/>
  <testcase name="testarPropriedadeElasticidadeFixo" time="4.17" classname="br.com.projedata.arcturus.teste.testes.TesteGeradorRelatorios"/>
  <testcase name="exibirFormatacaoCondicional" time="6.752" classname="br.com.projedata.arcturus.teste.testes.TesteGeradorRelatorios"/>
  <testcase name="naoExibirFormatacaoCondicional" time="5.982" classname="br.com.projedata.arcturus.teste.testes.TesteGeradorRelatorios"/>
  <testcase name="verificarFuncionamentoDoComboBox" time="7.116" classname="br.com.projedata.arcturus.teste.testes.TesteFuncoesDeRotinas"/>
  <testcase name="dicaDoBotoCarregarValores" time="2.729" classname="br.com.projedata.arcturus.teste.testes.TesteFuncoesDeRotinas"/>
  <testcase name="dicaDoCampoTipoImagemLov" time="0.668" classname="br.com.projedata.arcturus.teste.testes.TesteFuncoesDeRotinas"/>
  <testcase name="dicaDoCampoCheckListaInterna" time="1.076" classname="br.com.projedata.arcturus.teste.testes.TesteFuncoesDeRotinas"/>
  <testcase name="testarOrdenacaoDeLovQuandoNaoPossuiValor" time="3.18" classname="br.com.projedata.arcturus.teste.testes.TesteFuncoesDeRotinas"/>
  <testcase name="testarPropriedadeTituloDaLov" time="4.555" classname="br.com.projedata.arcturus.teste.testes.TesteFuncoesDeRotinas"/>
  <testcase name="testarPropriedadeTituloDaLovTraduzida" time="15.597" classname="br.com.projedata.arcturus.teste.testes.TesteFuncoesDeRotinas"/>
  <testcase name="expandirRelatorio" time="9.486" classname="br.com.projedata.arcturus.teste.testes.TesteFuncoesDeRotinas"/>
  <testcase name="testeAlteracaoMestreDetalhe" time="27.952" classname="br.com.projedata.arcturus.teste.testes.TesteFuncoesDeRotinas">
    <failure type="org.openqa.selenium.TimeoutException" message="Expected condition failed: waiting for br.com.projedata.teste.util.recursos.Espera$8@1d70e2e6 (tried for 10 second(s) with 100 milliseconds interval)
Build info: version: &amp;apos;3.14.0&amp;apos;, revision: &amp;apos;aacccce0&amp;apos;, time: &amp;apos;2018-08-02T20:19:58.91Z&amp;apos;
System info: host: &amp;apos;gustavo-184&amp;apos;, ip: &amp;apos;127.0.1.1&amp;apos;, os.name: &amp;apos;Linux&amp;apos;, os.arch: &amp;apos;amd64&amp;apos;, os.version: &amp;apos;4.15.0-39-generic&amp;apos;, java.version: &amp;apos;1.8.0_172&amp;apos;
Driver info: driver.version: unknown">
      <![CDATA[org.openqa.selenium.TimeoutException: Expected condition failed: waiting for br.com.projedata.teste.util.recursos.Espera$8@1d70e2e6 (tried for 10 second(s) with 100 milliseconds interval)
Build info: version: '3.14.0', revision: 'aacccce0', time: '2018-08-02T20:19:58.91Z'
System info: host: 'gustavo-184', ip: '127.0.1.1', os.name: 'Linux', os.arch: 'amd64', os.version: '4.15.0-39-generic', java.version: '1.8.0_172'
Driver info: driver.version: unknown
at org.openqa.selenium.support.ui.FluentWait.timeoutException(FluentWait.java:315)
at org.openqa.selenium.support.ui.FluentWait.until(FluentWait.java:283)
at br.com.projedata.teste.util.recursos.Espera.aguardarElementoEstarVisivel(Espera.java:229)
at br.com.projedata.teste.util.recursos.Espera.aguardarElementoEstarVisivel(Espera.java:218)
at br.com.projedata.arcturus.teste.testes.TesteFuncoesDeRotinas.testeAlteracaoMestreDetalhe(TesteFuncoesDeRotinas.java:248)
at java.util.concurrent.FutureTask.run(FutureTask.java:266)
at java.util.concurrent.ThreadPoolExecutor.runWorker(ThreadPoolExecutor.java:1149)
at java.util.concurrent.ThreadPoolExecutor$Worker.run(ThreadPoolExecutor.java:624)
at java.lang.Thread.run(Thread.java:748)
... Removed 16 stack frames]]>
    </failure>
  </testcase> <!-- testeAlteracaoMestreDetalhe -->
  <testcase name="mudancaDeFocoEntreRotinas" time="0.0" classname="br.com.projedata.arcturus.teste.testes.TesteFuncoesDeRotinas">
    <skipped/>
  </testcase> <!-- mudancaDeFocoEntreRotinas -->
  <testcase name="destacarRotina" time="0.0" classname="br.com.projedata.arcturus.teste.testes.TesteFuncoesDeRotinas">
    <skipped/>
  </testcase> <!-- destacarRotina -->
  <testcase name="testarFuncaoF1NaRotina" time="0.0" classname="br.com.projedata.arcturus.teste.testes.TesteFuncoesDeRotinas">
    <skipped/>
  </testcase> <!-- testarFuncaoF1NaRotina -->
  <testcase name="testarFuncaoF5NaRotina" time="0.0" classname="br.com.projedata.arcturus.teste.testes.TesteFuncoesDeRotinas">
    <skipped/>
  </testcase> <!-- testarFuncaoF5NaRotina -->
  <testcase name="testarConsultaF7F8" time="0.0" classname="br.com.projedata.arcturus.teste.testes.TesteFuncoesDeRotinas">
    <skipped/>
  </testcase> <!-- testarConsultaF7F8 -->
  <testcase name="testarFechamentoRotinaEmModoConsulta" time="0.0" classname="br.com.projedata.arcturus.teste.testes.TesteFuncoesDeRotinas">
    <skipped/>
  </testcase> <!-- testarFechamentoRotinaEmModoConsulta -->
  <testcase name="testarFechamentoRotinaEmModoConsultaBlocoDetalhe" time="0.0" classname="br.com.projedata.arcturus.teste.testes.TesteFuncoesDeRotinas">
    <skipped/>
  </testcase> <!-- testarFechamentoRotinaEmModoConsultaBlocoDetalhe -->
  <testcase name="abrirPger001" time="5.703" classname="br.com.projedata.arcturus.teste.testes.TesteWizardRelatorios"/>
  <testcase name="criarNovoRelatorio" time="3.869" classname="br.com.projedata.arcturus.teste.testes.TesteWizardRelatorios"/>
  <testcase name="selecionarModeloTabular" time="0.274" classname="br.com.projedata.arcturus.teste.testes.TesteWizardRelatorios"/>
  <testcase name="inserirConsultaSqlComFiltro" time="1.087" classname="br.com.projedata.arcturus.teste.testes.TesteWizardRelatorios"/>
  <testcase name="selecionarCampos" time="0.661" classname="br.com.projedata.arcturus.teste.testes.TesteWizardRelatorios"/>
  <testcase name="selecionarCamposGrupo" time="0.477" classname="br.com.projedata.arcturus.teste.testes.TesteWizardRelatorios"/>
  <testcase name="selecionarCamposTotalizadoresFuncaoContar" time="0.255" classname="br.com.projedata.arcturus.teste.testes.TesteWizardRelatorios"/>
  <testcase name="finalizarWizardCriarRelatorio" time="1.69" classname="br.com.projedata.arcturus.teste.testes.TesteWizardRelatorios"/>
  <testcase name="finalizarWizardEAtualizarPagina" time="1.893" classname="br.com.projedata.arcturus.teste.testes.TesteWizardRelatorios"/>
  <testcase name="emitirRelatorioTabular" time="4.935" classname="br.com.projedata.arcturus.teste.testes.TesteWizardRelatorios"/>
  <testcase name="emitirRelatorioNoPortal" time="4.659" classname="br.com.projedata.arcturus.teste.testes.TesteWizardRelatorios"/>
  <testcase name="finalizarVersaoEVerificarBotaoWizard" time="4.783" classname="br.com.projedata.arcturus.teste.testes.TesteWizardRelatorios"/>
  <testcase name="cancelarVersaoEVerificarBotaoWizard" time="4.703" classname="br.com.projedata.arcturus.teste.testes.TesteWizardRelatorios"/>
  <testcase name="excluirRelatorioNoPortal" time="1.577" classname="br.com.projedata.arcturus.teste.testes.TesteWizardRelatorios"/>
  <testcase name="criarRelatorioGraficoLinha" time="4.278" classname="br.com.projedata.arcturus.teste.testes.TesteWizardRelatorios"/>
  <testcase name="cadastrarConsultaGraficoLinha" time="1.671" classname="br.com.projedata.arcturus.teste.testes.TesteWizardRelatorios"/>
  <testcase name="selecionarCamposGraficoLinha" time="0.557" classname="br.com.projedata.arcturus.teste.testes.TesteWizardRelatorios"/>
  <testcase name="configurarGraficoLinha" time="0.759" classname="br.com.projedata.arcturus.teste.testes.TesteWizardRelatorios"/>
  <testcase name="finalizarGraficoEGerarRelatorio" time="11.524" classname="br.com.projedata.arcturus.teste.testes.TesteWizardRelatorios"/>
  <testcase name="criarRelatorioGraficoBarras" time="3.732" classname="br.com.projedata.arcturus.teste.testes.TesteWizardRelatorios"/>
  <testcase name="selecionarConsultaGraficoBarras" time="0.448" classname="br.com.projedata.arcturus.teste.testes.TesteWizardRelatorios"/>
  <testcase name="selecionarCamposGraficoBarras" time="0.772" classname="br.com.projedata.arcturus.teste.testes.TesteWizardRelatorios"/>
  <testcase name="configurarGraficoBarras" time="0.687" classname="br.com.projedata.arcturus.teste.testes.TesteWizardRelatorios"/>
  <testcase name="selecionarFiltroGraficoBarras" time="0.465" classname="br.com.projedata.arcturus.teste.testes.TesteWizardRelatorios"/>
  <testcase name="emitirRelatorioGraficoBarras" time="11.012" classname="br.com.projedata.arcturus.teste.testes.TesteWizardRelatorios"/>
  <testcase name="criarRelatorioGraficoPizza" time="3.789" classname="br.com.projedata.arcturus.teste.testes.TesteWizardRelatorios"/>
  <testcase name="selecionarConsultaGraficoPizza" time="0.391" classname="br.com.projedata.arcturus.teste.testes.TesteWizardRelatorios"/>
  <testcase name="selecionarCamposGraficoPizza" time="0.53" classname="br.com.projedata.arcturus.teste.testes.TesteWizardRelatorios"/>
  <testcase name="configurarGraficoPizza" time="0.722" classname="br.com.projedata.arcturus.teste.testes.TesteWizardRelatorios"/>
  <testcase name="selecionarFiltrosGraficoPizza" time="0.519" classname="br.com.projedata.arcturus.teste.testes.TesteWizardRelatorios"/>
  <testcase name="emitirRelatorioGraficoPizza" time="11.188" classname="br.com.projedata.arcturus.teste.testes.TesteWizardRelatorios"/>
  <testcase name="criarRelatorioMatriz" time="4.365" classname="br.com.projedata.arcturus.teste.testes.TesteWizardRelatorios"/>
  <testcase name="selecionarConsultaMatriz" time="0.454" classname="br.com.projedata.arcturus.teste.testes.TesteWizardRelatorios"/>
  <testcase name="selecionarCamposMatriz" time="0.908" classname="br.com.projedata.arcturus.teste.testes.TesteWizardRelatorios"/>
  <testcase name="configurarMatriz" time="0.616" classname="br.com.projedata.arcturus.teste.testes.TesteWizardRelatorios"/>
  <testcase name="selecionarTotalizadoresMatriz" time="0.426" classname="br.com.projedata.arcturus.teste.testes.TesteWizardRelatorios"/>
  <testcase name="selecionarFiltrosMatriz" time="0.33" classname="br.com.projedata.arcturus.teste.testes.TesteWizardRelatorios"/>
  <testcase name="emitirRelatorioMatriz" time="7.502" classname="br.com.projedata.arcturus.teste.testes.TesteWizardRelatorios"/>
  <testcase name="verificarSePropriedadesDoGraficoForamCriadasCorretamente" time="14.009" classname="br.com.projedata.arcturus.teste.testes.TesteWizardRelatorios"/>
  <testcase name="criarPastaNaRaizDoPainel" time="19.761" classname="br.com.projedata.arcturus.teste.testes.TestePainelRelatorios">
    <failure type="org.openqa.selenium.TimeoutException" message="Expected condition failed: waiting for element to no longer be visible: By.xpath: //div[@id=&amp;apos;modalAlterarGrupo&amp;apos;]//parent::button[contains(text(),&amp;apos;Confirmar&amp;apos;)] (tried for 15 second(s) with 500 milliseconds interval)
Build info: version: &amp;apos;3.14.0&amp;apos;, revision: &amp;apos;aacccce0&amp;apos;, time: &amp;apos;2018-08-02T20:19:58.91Z&amp;apos;
System info: host: &amp;apos;gustavo-184&amp;apos;, ip: &amp;apos;127.0.1.1&amp;apos;, os.name: &amp;apos;Linux&amp;apos;, os.arch: &amp;apos;amd64&amp;apos;, os.version: &amp;apos;4.15.0-39-generic&amp;apos;, java.version: &amp;apos;1.8.0_172&amp;apos;
Driver info: org.openqa.selenium.chrome.ChromeDriver
Capabilities {acceptInsecureCerts: false, acceptSslCerts: false, applicationCacheEnabled: false, browserConnectionEnabled: false, browserName: chrome, chrome: {chromedriverVersion: 2.38.552522 (437e6fbedfa876..., userDataDir: /tmp/.org.chromium.Chromium...}, cssSelectorsEnabled: true, databaseEnabled: false, handlesAlerts: true, hasTouchScreen: false, javascriptEnabled: true, locationContextEnabled: true, mobileEmulationEnabled: false, nativeEvents: true, networkConnectionEnabled: false, pageLoadStrategy: normal, platform: LINUX, platformName: LINUX, rotatable: false, setWindowRect: true, takesHeapSnapshot: true, takesScreenshot: true, unexpectedAlertBehaviour: , unhandledPromptBehavior: , version: 66.0.3359.139, webStorageEnabled: true}
Session ID: 2b431631bf09eeecc3cb9a6f8f9769a0">
      <![CDATA[org.openqa.selenium.TimeoutException: Expected condition failed: waiting for element to no longer be visible: By.xpath: //div[@id='modalAlterarGrupo']//parent::button[contains(text(),'Confirmar')] (tried for 15 second(s) with 500 milliseconds interval)
Build info: version: '3.14.0', revision: 'aacccce0', time: '2018-08-02T20:19:58.91Z'
System info: host: 'gustavo-184', ip: '127.0.1.1', os.name: 'Linux', os.arch: 'amd64', os.version: '4.15.0-39-generic', java.version: '1.8.0_172'
Driver info: org.openqa.selenium.chrome.ChromeDriver
Capabilities {acceptInsecureCerts: false, acceptSslCerts: false, applicationCacheEnabled: false, browserConnectionEnabled: false, browserName: chrome, chrome: {chromedriverVersion: 2.38.552522 (437e6fbedfa876..., userDataDir: /tmp/.org.chromium.Chromium...}, cssSelectorsEnabled: true, databaseEnabled: false, handlesAlerts: true, hasTouchScreen: false, javascriptEnabled: true, locationContextEnabled: true, mobileEmulationEnabled: false, nativeEvents: true, networkConnectionEnabled: false, pageLoadStrategy: normal, platform: LINUX, platformName: LINUX, rotatable: false, setWindowRect: true, takesHeapSnapshot: true, takesScreenshot: true, unexpectedAlertBehaviour: , unhandledPromptBehavior: , version: 66.0.3359.139, webStorageEnabled: true}
Session ID: 2b431631bf09eeecc3cb9a6f8f9769a0
at org.openqa.selenium.support.ui.WebDriverWait.timeoutException(WebDriverWait.java:113)
at org.openqa.selenium.support.ui.FluentWait.until(FluentWait.java:283)
at br.com.projedata.teste.util.recursos.Espera.aguardarElementoDesaparecer(Espera.java:161)
at br.com.projedata.arcturus.teste.metodosgenericos.PainelRelatoriosMetodos.criarPasta(PainelRelatoriosMetodos.java:30)
at br.com.projedata.arcturus.teste.testes.TestePainelRelatorios.criarPastaNaRaizDoPainel(TestePainelRelatorios.java:36)
at java.util.concurrent.FutureTask.run(FutureTask.java:266)
at java.util.concurrent.ThreadPoolExecutor.runWorker(ThreadPoolExecutor.java:1149)
at java.util.concurrent.ThreadPoolExecutor$Worker.run(ThreadPoolExecutor.java:624)
at java.lang.Thread.run(Thread.java:748)
... Removed 16 stack frames]]>
    </failure>
  </testcase> <!-- criarPastaNaRaizDoPainel -->
  <testcase name="moverRelatorioParaPastaCriada" time="0.0" classname="br.com.projedata.arcturus.teste.testes.TestePainelRelatorios">
    <skipped/>
  </testcase> <!-- moverRelatorioParaPastaCriada -->
  <testcase name="criarSubPasta" time="0.0" classname="br.com.projedata.arcturus.teste.testes.TestePainelRelatorios">
    <skipped/>
  </testcase> <!-- criarSubPasta -->
  <testcase name="criarSubPastaDentroDaSubPasta" time="0.0" classname="br.com.projedata.arcturus.teste.testes.TestePainelRelatorios">
    <skipped/>
  </testcase> <!-- criarSubPastaDentroDaSubPasta -->
  <testcase name="moverRelatorioParaRaiz" time="0.0" classname="br.com.projedata.arcturus.teste.testes.TestePainelRelatorios">
    <skipped/>
  </testcase> <!-- moverRelatorioParaRaiz -->
  <testcase name="excluirGruposComRelatorioDentro" time="0.0" classname="br.com.projedata.arcturus.teste.testes.TestePainelRelatorios">
    <skipped/>
  </testcase> <!-- excluirGruposComRelatorioDentro -->
  <testcase name="recarregarRelatorios" time="0.0" classname="br.com.projedata.arcturus.teste.testes.TestePainelRelatorios">
    <skipped/>
  </testcase> <!-- recarregarRelatorios -->
  <testcase name="abrirGeradorPeloPainel" time="0.0" classname="br.com.projedata.arcturus.teste.testes.TestePainelRelatorios">
    <skipped/>
  </testcase> <!-- abrirGeradorPeloPainel -->
  <testcase name="abrirParc115" time="6.548" classname="br.com.projedata.arcturus.teste.testes.TesteParc115"/>
  <testcase name="inserirAtualizacao" time="3.169" classname="br.com.projedata.arcturus.teste.testes.TesteParc115"/>
  <testcase name="inserirDescricaoParaUsuarios" time="2.569" classname="br.com.projedata.arcturus.teste.testes.TesteParc115"/>
  <testcase name="verificarSeNaoPermiteAlterarCamposDaAtualizacao" time="1.385" classname="br.com.projedata.arcturus.teste.testes.TesteParc115"/>
  <testcase name="inserirRepasseInicial" time="0.514" classname="br.com.projedata.arcturus.teste.testes.TesteParc115"/>
  <testcase name="inserirDependencia" time="2.326" classname="br.com.projedata.arcturus.teste.testes.TesteParc115"/>
  <testcase name="inserirTarefa" time="3.405" classname="br.com.projedata.arcturus.teste.testes.TesteParc115"/>
  <testcase name="excluirTarefa" time="0.995" classname="br.com.projedata.arcturus.teste.testes.TesteParc115"/>
  <testcase name="inserirIncidente" time="0.784" classname="br.com.projedata.arcturus.teste.testes.TesteParc115">
    <failure type="org.openqa.selenium.UnhandledAlertException" message="unexpected alert open: {Alert text : }
  (Session info: chrome=66.0.3359.139)
  (Driver info: chromedriver=2.38.552522 (437e6fbedfa8762dec75e2c5b3ddb86763dc9dcb),platform=Linux 4.15.0-39-generic x86_64) (WARNING: The server did not provide any stacktrace information)
Command duration or timeout: 0 milliseconds: null
Build info: version: &amp;apos;3.14.0&amp;apos;, revision: &amp;apos;aacccce0&amp;apos;, time: &amp;apos;2018-08-02T20:19:58.91Z&amp;apos;
System info: host: &amp;apos;gustavo-184&amp;apos;, ip: &amp;apos;127.0.1.1&amp;apos;, os.name: &amp;apos;Linux&amp;apos;, os.arch: &amp;apos;amd64&amp;apos;, os.version: &amp;apos;4.15.0-39-generic&amp;apos;, java.version: &amp;apos;1.8.0_172&amp;apos;
Driver info: org.openqa.selenium.chrome.ChromeDriver
Capabilities {acceptInsecureCerts: false, acceptSslCerts: false, applicationCacheEnabled: false, browserConnectionEnabled: false, browserName: chrome, chrome: {chromedriverVersion: 2.38.552522 (437e6fbedfa876..., userDataDir: /tmp/.org.chromium.Chromium...}, cssSelectorsEnabled: true, databaseEnabled: false, handlesAlerts: true, hasTouchScreen: false, javascriptEnabled: true, locationContextEnabled: true, mobileEmulationEnabled: false, nativeEvents: true, networkConnectionEnabled: false, pageLoadStrategy: normal, platform: LINUX, platformName: LINUX, rotatable: false, setWindowRect: true, takesHeapSnapshot: true, takesScreenshot: true, unexpectedAlertBehaviour: , unhandledPromptBehavior: , version: 66.0.3359.139, webStorageEnabled: true}
Session ID: 056fe8f2f7b0df605acd505f1c7d4f49
*** Element info: {Using=xpath, value=//div[@class=&amp;apos;janela-modal-componente&amp;apos;]}">
      <![CDATA[org.openqa.selenium.UnhandledAlertException: unexpected alert open: {Alert text : }
  (Session info: chrome=66.0.3359.139)
  (Driver info: chromedriver=2.38.552522 (437e6fbedfa8762dec75e2c5b3ddb86763dc9dcb),platform=Linux 4.15.0-39-generic x86_64) (WARNING: The server did not provide any stacktrace information)
Command duration or timeout: 0 milliseconds: null
Build info: version: '3.14.0', revision: 'aacccce0', time: '2018-08-02T20:19:58.91Z'
System info: host: 'gustavo-184', ip: '127.0.1.1', os.name: 'Linux', os.arch: 'amd64', os.version: '4.15.0-39-generic', java.version: '1.8.0_172'
Driver info: org.openqa.selenium.chrome.ChromeDriver
Capabilities {acceptInsecureCerts: false, acceptSslCerts: false, applicationCacheEnabled: false, browserConnectionEnabled: false, browserName: chrome, chrome: {chromedriverVersion: 2.38.552522 (437e6fbedfa876..., userDataDir: /tmp/.org.chromium.Chromium...}, cssSelectorsEnabled: true, databaseEnabled: false, handlesAlerts: true, hasTouchScreen: false, javascriptEnabled: true, locationContextEnabled: true, mobileEmulationEnabled: false, nativeEvents: true, networkConnectionEnabled: false, pageLoadStrategy: normal, platform: LINUX, platformName: LINUX, rotatable: false, setWindowRect: true, takesHeapSnapshot: true, takesScreenshot: true, unexpectedAlertBehaviour: , unhandledPromptBehavior: , version: 66.0.3359.139, webStorageEnabled: true}
Session ID: 056fe8f2f7b0df605acd505f1c7d4f49
*** Element info: {Using=xpath, value=//div[@class='janela-modal-componente']}
at org.openqa.selenium.remote.ErrorHandler.createThrowable(ErrorHandler.java:214)
at org.openqa.selenium.remote.ErrorHandler.throwIfResponseFailed(ErrorHandler.java:172)
at org.openqa.selenium.remote.http.JsonHttpResponseCodec.reconstructValue(JsonHttpResponseCodec.java:40)
at org.openqa.selenium.remote.http.AbstractHttpResponseCodec.decode(AbstractHttpResponseCodec.java:80)
at org.openqa.selenium.remote.http.AbstractHttpResponseCodec.decode(AbstractHttpResponseCodec.java:44)
at org.openqa.selenium.remote.HttpCommandExecutor.execute(HttpCommandExecutor.java:158)
at org.openqa.selenium.remote.service.DriverCommandExecutor.execute(DriverCommandExecutor.java:83)
at org.openqa.selenium.remote.RemoteWebDriver.execute(RemoteWebDriver.java:548)
at org.openqa.selenium.remote.RemoteWebDriver.findElement(RemoteWebDriver.java:322)
at org.openqa.selenium.remote.RemoteWebDriver.findElementByXPath(RemoteWebDriver.java:424)
at org.openqa.selenium.By$ByXPath.findElement(By.java:353)
at org.openqa.selenium.remote.RemoteWebDriver.findElement(RemoteWebDriver.java:314)
at br.com.projedata.teste.util.recursos.Acao.janelaAtualFocada(Acao.java:459)
at br.com.projedata.teste.util.recursos.Acao.localizarComponente(Acao.java:437)
at br.com.projedata.teste.util.recursos.Acao.escreverNoElemento(Acao.java:55)
at br.com.projedata.arcturus.teste.testes.TesteParc115.inserirIncidente(TesteParc115.java:130)
at java.util.concurrent.FutureTask.run(FutureTask.java:266)
at java.util.concurrent.ThreadPoolExecutor.runWorker(ThreadPoolExecutor.java:1149)
at java.util.concurrent.ThreadPoolExecutor$Worker.run(ThreadPoolExecutor.java:624)
at java.lang.Thread.run(Thread.java:748)
... Removed 20 stack frames]]>
    </failure>
  </testcase> <!-- inserirIncidente -->
  <testcase name="editarIncidente" time="0.0" classname="br.com.projedata.arcturus.teste.testes.TesteParc115">
    <skipped/>
  </testcase> <!-- editarIncidente -->
  <testcase name="selecionarMotivoNegadoIncidente" time="0.0" classname="br.com.projedata.arcturus.teste.testes.TesteParc115">
    <skipped/>
  </testcase> <!-- selecionarMotivoNegadoIncidente -->
  <testcase name="testarInformarNovaOS" time="0.0" classname="br.com.projedata.arcturus.teste.testes.TesteParc115">
    <skipped/>
  </testcase> <!-- testarInformarNovaOS -->
  <testcase name="cadastrarSuiteTeste" time="0.0" classname="br.com.projedata.arcturus.teste.testes.TesteParc115">
    <skipped/>
  </testcase> <!-- cadastrarSuiteTeste -->
  <testcase name="cadastrarCenariosTestes" time="0.0" classname="br.com.projedata.arcturus.teste.testes.TesteParc115">
    <skipped/>
  </testcase> <!-- cadastrarCenariosTestes -->
  <testcase name="cadastrarCasosTestes" time="0.0" classname="br.com.projedata.arcturus.teste.testes.TesteParc115">
    <skipped/>
  </testcase> <!-- cadastrarCasosTestes -->
  <testcase name="alterarTipoTesteParaAutomatizado" time="0.0" classname="br.com.projedata.arcturus.teste.testes.TesteParc115">
    <skipped/>
  </testcase> <!-- alterarTipoTesteParaAutomatizado -->
  <testcase name="listarTestesAutomatizados" time="0.0" classname="br.com.projedata.arcturus.teste.testes.TesteParc115">
    <skipped/>
  </testcase> <!-- listarTestesAutomatizados -->
  <testcase name="alterarStatusCasoTeste" time="0.0" classname="br.com.projedata.arcturus.teste.testes.TesteParc115">
    <skipped/>
  </testcase> <!-- alterarStatusCasoTeste -->
  <testcase name="excluirCasoTeste" time="0.0" classname="br.com.projedata.arcturus.teste.testes.TesteParc115">
    <skipped/>
  </testcase> <!-- excluirCasoTeste -->
  <testcase name="carregarCenariosDeTeste" time="0.0" classname="br.com.projedata.arcturus.teste.testes.TesteParc115">
    <skipped/>
  </testcase> <!-- carregarCenariosDeTeste -->
  <testcase name="vincularClientesNaAtualizacao" time="0.0" classname="br.com.projedata.arcturus.teste.testes.TesteParc115">
    <skipped/>
  </testcase> <!-- vincularClientesNaAtualizacao -->
  <testcase name="gerarBinarioAtualizacao" time="0.0" classname="br.com.projedata.arcturus.teste.testes.TesteParc115">
    <skipped/>
  </testcase> <!-- gerarBinarioAtualizacao -->
  <testcase name="vincularCorrecaoNaAtualizacao" time="0.0" classname="br.com.projedata.arcturus.teste.testes.TesteParc115">
    <skipped/>
  </testcase> <!-- vincularCorrecaoNaAtualizacao -->
  <testcase name="desvincularCorrecaoNaAtualizacao" time="0.0" classname="br.com.projedata.arcturus.teste.testes.TesteParc115">
    <skipped/>
  </testcase> <!-- desvincularCorrecaoNaAtualizacao -->
  <testcase name="adicionarRepasseFilaUnicaAtualizacao" time="0.0" classname="br.com.projedata.arcturus.teste.testes.TesteParc115">
    <skipped/>
  </testcase> <!-- adicionarRepasseFilaUnicaAtualizacao -->
  <testcase name="adicionarRepasseParaOutroUsuario" time="0.0" classname="br.com.projedata.arcturus.teste.testes.TesteParc115">
    <skipped/>
  </testcase> <!-- adicionarRepasseParaOutroUsuario -->
  <testcase name="resgatarAtualizacao" time="0.0" classname="br.com.projedata.arcturus.teste.testes.TesteParc115">
    <skipped/>
  </testcase> <!-- resgatarAtualizacao -->
  <testcase name="testarRepassarAtualizacaoSemPermissao" time="0.0" classname="br.com.projedata.arcturus.teste.testes.TesteParc115">
    <skipped/>
  </testcase> <!-- testarRepassarAtualizacaoSemPermissao -->
  <testcase name="testarAlterarAtualizacaoSemPermissao" time="0.0" classname="br.com.projedata.arcturus.teste.testes.TesteParc115">
    <skipped/>
  </testcase> <!-- testarAlterarAtualizacaoSemPermissao -->
  <testcase name="testarNaoPermitirRepassarAtualizacaoFinalizada" time="0.0" classname="br.com.projedata.arcturus.teste.testes.TesteParc115">
    <skipped/>
  </testcase> <!-- testarNaoPermitirRepassarAtualizacaoFinalizada -->
  <testcase name="adicionarAnexoNoRepasse" time="0.0" classname="br.com.projedata.arcturus.teste.testes.TesteParc115">
    <skipped/>
  </testcase> <!-- adicionarAnexoNoRepasse -->
  <testcase name="adicionarRotinaNaAtualizacao" time="0.0" classname="br.com.projedata.arcturus.teste.testes.TesteParc115">
    <skipped/>
  </testcase> <!-- adicionarRotinaNaAtualizacao -->
  <testcase name="adicionarRotinaNaAtualizacaoQueJaEstejaEmOutraAtualizacao" time="0.0" classname="br.com.projedata.arcturus.teste.testes.TesteParc115">
    <skipped/>
  </testcase> <!-- adicionarRotinaNaAtualizacaoQueJaEstejaEmOutraAtualizacao -->
  <testcase name="adicionarObjetoNegocioNaAtualizacao" time="0.0" classname="br.com.projedata.arcturus.teste.testes.TesteParc115">
    <skipped/>
  </testcase> <!-- adicionarObjetoNegocioNaAtualizacao -->
  <testcase name="adicionarObjetoNegocioNaAtualizacaoQueJaEstejaEmOutraAtualizacao" time="0.0" classname="br.com.projedata.arcturus.teste.testes.TesteParc115">
    <skipped/>
  </testcase> <!-- adicionarObjetoNegocioNaAtualizacaoQueJaEstejaEmOutraAtualizacao -->
  <testcase name="adicionarObjetoDeBancoDeDadosNaAtualizacao" time="0.0" classname="br.com.projedata.arcturus.teste.testes.TesteParc115">
    <skipped/>
  </testcase> <!-- adicionarObjetoDeBancoDeDadosNaAtualizacao -->
  <testcase name="EditarObjetoDeBancoDeDadosNaAtualizacao" time="0.0" classname="br.com.projedata.arcturus.teste.testes.TesteParc115">
    <skipped/>
  </testcase> <!-- EditarObjetoDeBancoDeDadosNaAtualizacao -->
  <testcase name="inserirComandoDeBanco" time="0.0" classname="br.com.projedata.arcturus.teste.testes.TesteParc115">
    <skipped/>
  </testcase> <!-- inserirComandoDeBanco -->
  <testcase name="ordenarModificacoesAbaTodos" time="0.0" classname="br.com.projedata.arcturus.teste.testes.TesteParc115">
    <skipped/>
  </testcase> <!-- ordenarModificacoesAbaTodos -->
  <testcase name="inserirModificacaoCadastroPai" time="0.0" classname="br.com.projedata.arcturus.teste.testes.TesteParc115">
    <skipped/>
  </testcase> <!-- inserirModificacaoCadastroPai -->
  <testcase name="inserirModificacaoCadastroFilha" time="0.0" classname="br.com.projedata.arcturus.teste.testes.TesteParc115">
    <skipped/>
  </testcase> <!-- inserirModificacaoCadastroFilha -->
  <testcase name="inserirModificacaoPorRotina" time="0.0" classname="br.com.projedata.arcturus.teste.testes.TesteParc115">
    <skipped/>
  </testcase> <!-- inserirModificacaoPorRotina -->
  <testcase name="excluirModificaoesDaAtualizacao" time="0.0" classname="br.com.projedata.arcturus.teste.testes.TesteParc115">
    <skipped/>
  </testcase> <!-- excluirModificaoesDaAtualizacao -->
  <testcase name="cancelarAtualizacao" time="0.0" classname="br.com.projedata.arcturus.teste.testes.TesteParc115">
    <skipped/>
  </testcase> <!-- cancelarAtualizacao -->
  <testcase name="abrirParc119" time="5.891" classname="br.com.projedata.arcturus.teste.testes.TesteParc119"/>
  <testcase name="abrirAtualizacao" time="9.489" classname="br.com.projedata.arcturus.teste.testes.TesteParc119"/>
  <testcase name="abrirCadastroDeRotinas" time="1.814" classname="br.com.projedata.arcturus.teste.testes.TesteParc119"/>
  <testcase name="abrirCadastroDeObjetosNegocio" time="1.842" classname="br.com.projedata.arcturus.teste.testes.TesteParc119"/>
  <testcase name="filtrarPorAcaoLancada" time="3.665" classname="br.com.projedata.arcturus.teste.testes.TesteParc119"/>
  <testcase name="filtrarPorUsuario" time="2.603" classname="br.com.projedata.arcturus.teste.testes.TesteParc119"/>
  <testcase name="verificarLabelsDosQuadros" time="2.651" classname="br.com.projedata.arcturus.teste.testes.TesteParc119"/>
  <testcase name="abrirAgendador" time="6.967" classname="br.com.projedata.arcturus.teste.testes.TesteAgendador"/>
  <testcase name="cadastrarNovoAgendamento" time="2.331" classname="br.com.projedata.arcturus.teste.testes.TesteAgendador"/>
  <testcase name="verificarSeNaoPermiteAbrirJanelaComRegistroNaoInformado" time="3.58" classname="br.com.projedata.arcturus.teste.testes.TesteAgendador"/>
  <testcase name="vincularRelatorioAoAgendamento" time="1.079" classname="br.com.projedata.arcturus.teste.testes.TesteAgendador"/>
  <testcase name="configurarFiltrosRelatorio" time="0.891" classname="br.com.projedata.arcturus.teste.testes.TesteAgendador"/>
  <testcase name="vincularUsuariosRecebedores" time="1.264" classname="br.com.projedata.arcturus.teste.testes.TesteAgendador"/>
  <testcase name="executarAgendamento" time="3.448" classname="br.com.projedata.arcturus.teste.testes.TesteAgendador"/>
  <testcase name="testarExecucaoAgendamentoComPeriodicidade" time="5.723" classname="br.com.projedata.arcturus.teste.testes.TesteAgendador"/>
  <testcase name="verificarAcessoDeUsuarioSemPermissao" time="8.255" classname="br.com.projedata.arcturus.teste.testes.TesteAgendador"/>
  <testcase name="testarAgendamentoParaEmpresaSemAcesso" time="12.214" classname="br.com.projedata.arcturus.teste.testes.TesteAgendador">
    <failure type="org.openqa.selenium.TimeoutException" message="Expected condition failed: waiting for br.com.projedata.teste.util.recursos.Espera$8@2467a8d5 (tried for 10 second(s) with 100 milliseconds interval)
Build info: version: &amp;apos;3.14.0&amp;apos;, revision: &amp;apos;aacccce0&amp;apos;, time: &amp;apos;2018-08-02T20:19:58.91Z&amp;apos;
System info: host: &amp;apos;gustavo-184&amp;apos;, ip: &amp;apos;127.0.1.1&amp;apos;, os.name: &amp;apos;Linux&amp;apos;, os.arch: &amp;apos;amd64&amp;apos;, os.version: &amp;apos;4.15.0-39-generic&amp;apos;, java.version: &amp;apos;1.8.0_172&amp;apos;
Driver info: driver.version: unknown">
      <![CDATA[org.openqa.selenium.TimeoutException: Expected condition failed: waiting for br.com.projedata.teste.util.recursos.Espera$8@2467a8d5 (tried for 10 second(s) with 100 milliseconds interval)
Build info: version: '3.14.0', revision: 'aacccce0', time: '2018-08-02T20:19:58.91Z'
System info: host: 'gustavo-184', ip: '127.0.1.1', os.name: 'Linux', os.arch: 'amd64', os.version: '4.15.0-39-generic', java.version: '1.8.0_172'
Driver info: driver.version: unknown
at org.openqa.selenium.support.ui.FluentWait.timeoutException(FluentWait.java:315)
at org.openqa.selenium.support.ui.FluentWait.until(FluentWait.java:283)
at br.com.projedata.teste.util.recursos.Espera.aguardarElementoEstarVisivel(Espera.java:229)
at br.com.projedata.teste.util.recursos.Espera.aguardarElementoEstarVisivel(Espera.java:218)
at br.com.projedata.teste.util.recursos.Rotina.salvarEAguardarMensagemRegistrosAlterados(Rotina.java:501)
at br.com.projedata.arcturus.teste.testes.TesteAgendador.testarAgendamentoParaEmpresaSemAcesso(TesteAgendador.java:254)
at java.util.concurrent.FutureTask.run(FutureTask.java:266)
at java.util.concurrent.ThreadPoolExecutor.runWorker(ThreadPoolExecutor.java:1149)
at java.util.concurrent.ThreadPoolExecutor$Worker.run(ThreadPoolExecutor.java:624)
at java.lang.Thread.run(Thread.java:748)
... Removed 16 stack frames]]>
    </failure>
  </testcase> <!-- testarAgendamentoParaEmpresaSemAcesso -->
  <testcase name="testarAgendamentoParaUsuarioSemAcessoAoRelatorio" time="0.0" classname="br.com.projedata.arcturus.teste.testes.TesteAgendador">
    <skipped/>
  </testcase> <!-- testarAgendamentoParaUsuarioSemAcessoAoRelatorio -->
  <testcase name="verificarSeUsuarioNormalConsegueInformarOutroUsuario" time="0.0" classname="br.com.projedata.arcturus.teste.testes.TesteAgendador">
    <skipped/>
  </testcase> <!-- verificarSeUsuarioNormalConsegueInformarOutroUsuario -->
  <testcase name="verificarSeUsuarioAdminConsegueInformarOutroUsuario" time="0.0" classname="br.com.projedata.arcturus.teste.testes.TesteAgendador">
    <skipped/>
  </testcase> <!-- verificarSeUsuarioAdminConsegueInformarOutroUsuario -->
  <testcase name="testarAbrirAgendadorAPartirDoGerador" time="0.0" classname="br.com.projedata.arcturus.teste.testes.TesteAgendador">
    <skipped/>
  </testcase> <!-- testarAbrirAgendadorAPartirDoGerador -->
  <testcase name="excluirAgendamento" time="0.0" classname="br.com.projedata.arcturus.teste.testes.TesteAgendador">
    <skipped/>
  </testcase> <!-- excluirAgendamento -->
  <testcase name="clicarNoPdfEmSegundoPlano" time="0.0" classname="br.com.projedata.arcturus.teste.testes.TestePger001">
    <ignored/>
  </testcase> <!-- clicarNoPdfEmSegundoPlano -->
  <testcase name="testarTolltipComponenteBotao" time="0.0" classname="br.com.projedata.arcturus.teste.testes.TestePger001">
    <ignored/>
  </testcase> <!-- testarTolltipComponenteBotao -->
</testsuite> <!-- teste com usuario 1 -->
